2021-08-31 12:16:45 | [coyzie#8008] (346293166330216458) Content: THIS FUCKING piglin is giving me everything BUT ender pearls
2021-08-31 12:34:18 | [coquelicot#2367] (311533883634089984) Content: -dream, having had enough
2021-08-31 12:34:18 | [coyzie#8008] (346293166330216458) Content: hehe
2021-08-31 12:34:18 | [ionical#7447] (620000152974917653) Content: <@!756383660881608774> message me when you want to play
2021-08-31 12:34:18 | [Not Gator#0002] (756383660881608774) Content: kk
2021-08-31 14:28:00 | [MadMan#5592] (500040191130730496) Content: I made some paths to peoples homes
2021-08-31 14:41:17 | [coyzie#8008] (346293166330216458) Content: whoever went thru the stronghold do u know where the end portal is bc i want fucking endstone
2021-08-31 14:41:17 | [jess#2274] (310454107737554954) Content: maybe o.o
2021-08-31 14:41:17 | [coyzie#8008] (346293166330216458) Content: is the end portal actually in there bc i searched for like 30 fkin mnutes
2021-08-31 14:41:17 | [jess#2274] (310454107737554954) Content: yeh it is
2021-08-31 14:41:17 | [jess#2274] (310454107737554954) Content: hol up im comin on now
2021-08-31 14:41:17 | [chocfrog#6214] (237231509872967680) Content: uh
2021-08-31 14:41:17 | [jess#2274] (310454107737554954) Content: i have a home there you can tp to me hten yeh
2021-08-31 14:41:17 | [coyzie#8008] (346293166330216458) Content: WAIT im not on yet
2021-08-31 14:41:17 | [chocfrog#6214] (237231509872967680) Content: i didnt think anyone was allowed in the end?
2021-08-31 14:41:17 | [jess#2274] (310454107737554954) Content: oh
2021-08-31 14:41:17 | [coyzie#8008] (346293166330216458) Content: i cant get on rn
2021-08-31 14:41:17 | [coyzie#8008] (346293166330216458) Content: im not killing the dragon
2021-08-31 14:41:17 | [coyzie#8008] (346293166330216458) Content: i want endstone
2021-08-31 14:41:17 | [jess#2274] (310454107737554954) Content: how u gettin back
2021-08-31 14:41:17 | [coyzie#8008] (346293166330216458) Content: i need it for community house
2021-08-31 14:41:17 | [chocfrog#6214] (237231509872967680) Content: LMFAO
2021-08-31 14:41:17 | [jess#2274] (310454107737554954) Content: /home tbf
2021-08-31 14:41:17 | [coyzie#8008] (346293166330216458) Content: yep!
2021-08-31 14:41:17 | [coyzie#8008] (346293166330216458) Content: u can teleport from dimensions w the /home command
2021-08-31 14:41:17 | [jess#2274] (310454107737554954) Content: would it work tho
2021-08-31 14:41:17 | [coyzie#8008] (346293166330216458) Content: yes! it does i tested
2021-08-31 14:41:17 | [jess#2274] (310454107737554954) Content: ik it works in nether
2021-08-31 14:41:17 | [jess#2274] (310454107737554954) Content: but idk bout end
2021-08-31 14:41:17 | [coyzie#8008] (346293166330216458) Content: welp
2021-08-31 14:41:17 | [coyzie#8008] (346293166330216458) Content: ill go in with nothing but a pick
2021-08-31 14:41:17 | [coyzie#8008] (346293166330216458) Content: if it doesnt work then welpp
2021-08-31 14:41:17 | [coyzie#8008] (346293166330216458) Content: but
2021-08-31 14:41:17 | [jess#2274] (310454107737554954) Content: fair fair
2021-08-31 14:41:17 | [coyzie#8008] (346293166330216458) Content: i cant get on rn
2021-08-31 14:41:17 | [coyzie#8008] (346293166330216458) Content: ill @ u when i can
2021-08-31 14:41:17 | [jess#2274] (310454107737554954) Content: oh oke well ill be on forever cus like my arm is ded asf and i cant do much besides from mc so
2021-08-31 14:41:17 | [coyzie#8008] (346293166330216458) Content: okay hehe
2021-08-31 14:48:26 | [jess#2274] (310454107737554954) Content: 50 blocks from our base
2021-08-31 14:48:26 | [jess#2274] (310454107737554954) Content: and it was unintentional too
2021-08-31 14:48:47 | [coyzie#8008] (346293166330216458) Content: LOL really?
2021-08-31 14:48:47 | [coyzie#8008] (346293166330216458) Content: did it have any ender eyes in it
2021-08-31 14:48:47 | [coyzie#8008] (346293166330216458) Content: i have 3 rn bc 2 broke on my way there
2021-08-31 14:48:47 | [jess#2274] (310454107737554954) Content: only one
2021-08-31 14:48:47 | [jess#2274] (310454107737554954) Content: we didnt wanna touch it in case itd upset others
2021-08-31 14:48:47 | [jess#2274] (310454107737554954) Content: and yeah rlly lmAo
2021-08-31 14:59:20 | [Whippy#5392] (535414566838992906) Content: War thunder
2021-08-31 14:59:20 | [ionical#7447] (620000152974917653) Content: !!
2021-08-31 14:59:20 | [ionical#7447] (620000152974917653) Content: what about it
2021-08-31 14:59:20 | [Whippy#5392] (535414566838992906) Content: I love it
2021-08-31 15:48:22 | [ionical#7447] (620000152974917653) Content: how many hours you got in it?
2021-08-31 20:15:36 | [aliciaa#0069] (419127936537329681) Content: yous lot planning to fight the ender dragon meanwhile ruby and i dont even have diamonds yet
2021-08-31 20:15:36 | [matt.#5555] (265905443086401537) Content: pls same i need to get shit
