2021-08-31 12:16:45 | [Joe Andrews#9439] (830045701743837186) Content: 21JA1386@barton.ac.uk
2021-08-31 12:16:45 | [Barton Peveril College#2116] (876869839300472835) Content: <@830045701743837186>,  (CONTAINED EMBED)
2021-08-31 14:59:20 | [MONKEY#5702] (479679370080813060) Content: 20ma0893@barton.ac.uk
2021-08-31 14:59:20 | [Barton Peveril College#2116] (876869839300472835) Content: <@479679370080813060>,  (CONTAINED EMBED)
2021-08-31 14:59:20 | [FreyFrey#1925] (393078240845234176) Content: 20fl0081@barton.ac.uk
2021-08-31 14:59:20 | [Barton Peveril College#2116] (876869839300472835) Content: <@393078240845234176>,  (CONTAINED EMBED)
2021-08-31 14:59:20 | [MRD_OG#3627] (271716211224608770) Content: 20md0439@barton.ac.uk
2021-08-31 14:59:20 | [Barton Peveril College#2116] (876869839300472835) Content: <@271716211224608770>,  (CONTAINED EMBED)
2021-08-31 16:51:50 | [Benjamin#8514] (621714108777103370) Content: 21bg4118@barton.ac.uk
2021-08-31 16:51:50 | [Barton Peveril College#2116] (876869839300472835) Content: <@621714108777103370>,  (CONTAINED EMBED)
2021-08-31 16:51:50 | [Tea#3118] (544125367896637440) Content: 21lw2836@barton.ac.uk
2021-08-31 16:51:50 | [Barton Peveril College#2116] (876869839300472835) Content: <@544125367896637440>,  (CONTAINED EMBED)
2021-08-31 17:43:37 | [LukeMcG#4045] (251362166446358538) Content: 20lm4576@barton.ac.uk
2021-08-31 17:43:37 | [Barton Peveril College#2116] (876869839300472835) Content: <@251362166446358538>,  (CONTAINED EMBED)
2021-08-31 19:49:02 | [oSharpey#9000] (338361467718074378) Content: 20OS1041@barton.ac.uk
2021-08-31 19:49:02 | [Barton Peveril College#2116] (876869839300472835) Content: <@338361467718074378>,  (CONTAINED EMBED)
2021-08-31 20:15:36 | [queenofspuds#0757] (538101098205020160) Content: 21ec0679@barton.ac.uk
2021-08-31 20:15:36 | [Barton Peveril College#2116] (876869839300472835) Content: <@538101098205020160>,  (CONTAINED EMBED)
2021-08-31 20:15:36 | [SaltyGroove#6237] (189820548770037760) Content: 20rh2956@barton.ac.uk
2021-08-31 20:15:36 | [Barton Peveril College#2116] (876869839300472835) Content: <@189820548770037760>,  (CONTAINED EMBED)
2021-08-31 20:15:36 | [Eijiro#0069] (514151966708989993) Content: 20db3281@barton.ac.uk
2021-08-31 20:15:36 | [Barton Peveril College#2116] (876869839300472835) Content: <@514151966708989993>,  (CONTAINED EMBED)
2021-08-31 20:15:36 | [Grimble#4612] (458302090817568776) Content: 20qm2490@barton.ac.uk
2021-08-31 20:15:36 | [Barton Peveril College#2116] (876869839300472835) Content: <@458302090817568776>,  (CONTAINED EMBED)
2021-08-31 20:15:36 | [SadQuag#8104] (442000354578792448) Content: 20mb2818@barton.ac.uk
2021-08-31 20:15:36 | [Barton Peveril College#2116] (876869839300472835) Content: <@442000354578792448>,  (CONTAINED EMBED)
2021-08-31 20:15:36 | [sexy#2288] (781224709576196166) Content: 20EN1171@barton.ac.uk
2021-08-31 20:15:36 | [Barton Peveril College#2116] (876869839300472835) Content: <@781224709576196166>,  (CONTAINED EMBED)
2021-08-31 20:15:36 | [mitzi#6584] (881437656985255976) Content: 20mk0858@barton.ac.uk
2021-08-31 20:15:36 | [Barton Peveril College#2116] (876869839300472835) Content: <@881437656985255976>,  (CONTAINED EMBED)
2021-08-31 20:15:36 | [tess#0726] (639172562596921367) Content: 20tm5059@barton.ac.uk
2021-08-31 20:15:36 | [Barton Peveril College#2116] (876869839300472835) Content: <@639172562596921367>,  (CONTAINED EMBED)
2021-08-31 20:15:36 | [Impossiblin#1943] (278986325800124417) Content: 20jq1690@barton.ac.uk
2021-08-31 20:15:36 | [Barton Peveril College#2116] (876869839300472835) Content: <@278986325800124417>,  (CONTAINED EMBED)
2021-08-31 20:15:36 | [Setivyn#9628] (323433449866133514) Content: 20DR1822@barton.ac.uk
2021-08-31 20:15:36 | [Barton Peveril College#2116] (876869839300472835) Content: <@323433449866133514>,  (CONTAINED EMBED)
2021-08-31 20:15:36 | [BowlofBees#2622] (645616392535801858) Content: 20et2950@barton.ac.uk
2021-08-31 20:15:36 | [Barton Peveril College#2116] (876869839300472835) Content: <@645616392535801858>,  (CONTAINED EMBED)
2021-08-31 21:50:06 | [kaiabetes#3834] (834515593805168640) Content: 21KM5121@barton.ac.uk
2021-08-31 21:50:06 | [Barton Peveril College#2116] (876869839300472835) Content: <@834515593805168640>,  (CONTAINED EMBED)
2021-08-31 21:50:06 | [Leya#2628] (769302484718977024) Content: 20lr4127@barton.ac.uk
2021-08-31 21:50:06 | [Barton Peveril College#2116] (876869839300472835) Content: <@769302484718977024>,  (CONTAINED EMBED)
2021-08-31 22:05:41 | [Connoisseur#1000] (532580805600477188) Content: 20jh1470@barton.ac.uk
2021-08-31 22:05:41 | [Barton Peveril College#2116] (876869839300472835) Content: <@532580805600477188>,  (CONTAINED EMBED)
2021-08-31 22:05:41 | [Mc banan BenefitsBen#3303] (736323035522662423) Content: 21bc3591@barton.ac.uk
2021-08-31 22:05:41 | [Barton Peveril College#2116] (876869839300472835) Content: <@736323035522662423>,  (CONTAINED EMBED)
2021-08-31 22:05:41 | [IzakS#9871] (675391840932855840) Content: 20is2198@barton.ac.uk
2021-08-31 22:05:41 | [Barton Peveril College#2116] (876869839300472835) Content: <@675391840932855840>,  (CONTAINED EMBED)
2021-08-31 22:05:41 | [joschi.msn#8586] (616351258755989505) Content: 21JH3304@barton.ac.uk
2021-08-31 22:05:41 | [Barton Peveril College#2116] (876869839300472835) Content: <@616351258755989505>,  (CONTAINED EMBED)
2021-08-31 22:05:41 | [BigWomanGeorge#2684] (774704695327064115) Content: 21jt0956@barton.ac.uk
2021-08-31 22:05:41 | [Barton Peveril College#2116] (876869839300472835) Content: <@774704695327064115>,  (CONTAINED EMBED)
