2021-08-31 20:15:36 | [Eijiro#0069] (514151966708989993) Content: 97th
2021-08-31 20:15:36 | [SadQuag#8104] (442000354578792448) Content: 2nd
2021-08-31 20:15:36 | [Eijiro#0069] (514151966708989993) Content: How DARE you
2021-08-31 20:15:36 | [Eijiro#0069] (514151966708989993) https://cdn.discordapp.com/attachments/876818181648433193/882345415062728754/image0.jpg
2021-08-31 20:15:36 | [SadQuag#8104] (442000354578792448) Content: sorry will fix it
2021-08-31 20:15:36 | [SadQuag#8104] (442000354578792448) 2nd ➜ Content: 3nd
2021-08-31 20:15:36 | [Eijiro#0069] (514151966708989993) Content: Perfect
2021-08-31 20:15:36 | [chocfrog#6214] (237231509872967680) Content: :/
2021-08-31 20:15:36 | [Eijiro#0069] (514151966708989993) Content: ok time to actually use this chat for its intended purpose
2021-08-31 20:15:36 | [Eijiro#0069] (514151966708989993) Content: <@!442000354578792448> was there media homework for the holidays
2021-08-31 20:15:36 | [SadQuag#8104] (442000354578792448) Content: nope
2021-08-31 20:15:36 | [Eijiro#0069] (514151966708989993) Content: its just hit me all ive been doing is messing around in blender
2021-08-31 20:15:36 | [Eijiro#0069] (514151966708989993) Content: ah good
2021-08-31 20:15:36 | [SadQuag#8104] (442000354578792448) Content: just catch up on work
2021-08-31 20:15:36 | [iPirie#8558] (436876982794452992) Content: imagine being a second year thio
2021-08-31 20:15:36 | [iPirie#8558] (436876982794452992) imagine being a second year thio ➜ Content: imagine being a second year tho
2021-08-31 20:15:36 | [Eijiro#0069] (514151966708989993) Content: ikr
2021-08-31 20:15:36 | [Eijiro#0069] (514151966708989993) Content: hate those guys
2021-08-31 20:15:36 | [SadQuag#8104] (442000354578792448) Content: also also scott said dont stop using blender during the summer]
2021-08-31 20:15:36 | [iPirie#8558] (436876982794452992) Content: old bastereds
2021-08-31 20:15:36 | [SadQuag#8104] (442000354578792448) Content: which i definitley did not do
2021-08-31 20:15:36 | [SadQuag#8104] (442000354578792448) Content: why am i green]
2021-08-31 20:15:36 | [Eijiro#0069] (514151966708989993) Content: yeah i only really did a little
2021-08-31 20:15:36 | [Eijiro#0069] (514151966708989993) Content: WOOO COLOURS
2021-08-31 20:15:36 | [iPirie#8558] (436876982794452992) Content: for some reason theres a leveling bot
2021-08-31 20:15:36 | [iPirie#8558] (436876982794452992) Content: trust me not my choice
2021-08-31 20:15:36 | [SadQuag#8104] (442000354578792448) Content: i see
2021-08-31 20:15:36 | [Eijiro#0069] (514151966708989993) Content: wait so if we talk enough
2021-08-31 20:15:36 | [Eijiro#0069] (514151966708989993) Content: we level up
2021-08-31 20:15:36 | [iPirie#8558] (436876982794452992) Content: yep
2021-08-31 20:15:36 | [Eijiro#0069] (514151966708989993) Content: hm
2021-08-31 20:15:36 | [Eijiro#0069] (514151966708989993) Content: cool
2021-08-31 20:15:36 | [iPirie#8558] (436876982794452992) Content: pretty much
2021-08-31 20:15:36 | [SadQuag#8104] (442000354578792448) Content: can we just spam
2021-08-31 20:15:36 | [iPirie#8558] (436876982794452992) Content: #echo welcome to why there bad
2021-08-31 20:15:36 | [Barton Peveril College#2116] (876869839300472835) Content: welcome to why there bad
2021-08-31 20:15:36 | [Eijiro#0069] (514151966708989993) Content: !!!!
2021-08-31 20:15:36 | [SadQuag#8104] (442000354578792448) Content: oh fuck he spoke
2021-08-31 20:15:36 | [Eijiro#0069] (514151966708989993) Content: THE ROBOTS
2021-08-31 20:15:36 | [iPirie#8558] (436876982794452992) Content: nah i think its once per min
2021-08-31 20:15:36 | [Eijiro#0069] (514151966708989993) Content: THEY ARE RISING UP
2021-08-31 20:15:36 | [Eijiro#0069] (514151966708989993) Content: STOP THE REVOLUTION
2021-08-31 20:15:36 | [iPirie#8558] (436876982794452992) Content: #echo were cuming for you
2021-08-31 20:15:36 | [Barton Peveril College#2116] (876869839300472835) Content: were cuming for you
2021-08-31 20:15:36 | [SadQuag#8104] (442000354578792448) Content: ahhhh
2021-08-31 20:15:36 | [Eijiro#0069] (514151966708989993) Content: ah its fine they havent figured out spelling yet
2021-08-31 20:15:36 | [Eijiro#0069] (514151966708989993) Content: you see my house doesnt have a number
2021-08-31 20:15:36 | [Eijiro#0069] (514151966708989993) Content: it has a name
2021-08-31 20:15:36 | [Eijiro#0069] (514151966708989993) Content: good luck spelling it
2021-08-31 20:15:36 | [iPirie#8558] (436876982794452992) Content: #echo do fuk
2021-08-31 20:15:36 | [Barton Peveril College#2116] (876869839300472835) Content: do fuk
2021-08-31 20:15:36 | [iPirie#8558] (436876982794452992) Content: #echo doh fug
2021-08-31 20:15:36 | [Barton Peveril College#2116] (876869839300472835) Content: doh fug
2021-08-31 20:15:36 | [chocfrog#6214] (237231509872967680) Content: <:monkaS:875755681494491147>
2021-08-31 20:15:36 | [iPirie#8558] (436876982794452992) https://cdn.discordapp.com/attachments/876818181648433193/882347370485018675/unknown.png
2021-08-31 20:15:36 | [iPirie#8558] (436876982794452992) Content: what is it with you and adding people
2021-08-31 20:15:36 | [iPirie#8558] (436876982794452992) Content: damn
2021-08-31 20:15:36 | [iPirie#8558] (436876982794452992) Content: wev gone up 15 people in like the last hour
2021-08-31 20:15:36 | [iPirie#8558] (436876982794452992) Content: lol
2021-08-31 20:15:36 | [SadQuag#8104] (442000354578792448) Content: whats wronf with eleanor
2021-08-31 20:15:36 | [iPirie#8558] (436876982794452992) Content: ¯\_(ツ)_/¯
2021-08-31 20:15:36 | [Eijiro#0069] (514151966708989993) Content: i was sent the server link and i clicked without hesitation
2021-08-31 20:15:36 | [iPirie#8558] (436876982794452992) Content: idk you tell me
2021-08-31 20:15:36 | [iPirie#8558] (436876982794452992) Content: fair
2021-08-31 20:15:36 | [chocfrog#6214] (237231509872967680) Content: the barton discord instagram must've helped ig
2021-08-31 20:15:36 | [Eijiro#0069] (514151966708989993) Content: thats a thing?
2021-08-31 20:15:36 | [Eijiro#0069] (514151966708989993) Content: oh god ive missed a lot
2021-08-31 20:15:36 | [iPirie#8558] (436876982794452992) Content: i mean your defo a student since you verified
2021-08-31 20:15:36 | [Eijiro#0069] (514151966708989993) Content: lets go
2021-08-31 20:15:36 | [iPirie#8558] (436876982794452992) Content: dw this whole thing is unofficial
2021-08-31 20:15:36 | [chocfrog#6214] (237231509872967680) Content: what if he kidnapped a student and has access to his pc
2021-08-31 20:15:36 | [iPirie#8558] (436876982794452992) Content: if he had the email then technicaly
2021-08-31 20:15:36 | [iPirie#8558] (436876982794452992) Content: lets
2021-08-31 20:15:36 | [iPirie#8558] (436876982794452992) lets ➜ Content: lets see
2021-08-31 20:15:36 | [Eijiro#0069] (514151966708989993) Content: https://tenor.com/view/cat-kitty-cope-gif-20110606  (CONTAINED EMBED)
2021-08-31 20:15:36 | [chocfrog#6214] (237231509872967680) Content: <a:freakouteyes:804056920100962335>
2021-08-31 20:15:36 | [chocfrog#6214] (237231509872967680) Content: CUTE
2021-08-31 20:15:36 | [matt.#5555] (265905443086401537) Content: SWAG
2021-08-31 20:15:36 | [Eijiro#0069] (514151966708989993) Content: swa
2021-08-31 20:15:36 | [chocfrog#6214] (237231509872967680) Content: <a:frognod:877135020249190402>
2021-08-31 20:15:36 | [Eijiro#0069] (514151966708989993) Content: if this server was only meant for first years im sorry its too late lmao
2021-08-31 20:15:36 | [iPirie#8558] (436876982794452992) Content: #eval client.DB.query('SELECT * FROM MEMBERS WHERE id = ?', ['514151966708989993'])
2021-08-31 20:15:36 | [Barton Peveril College#2116] (876869839300472835) EMBED SENT
2021-08-31 20:15:36 | [iPirie#8558] (436876982794452992) Content: i dont dace
2021-08-31 20:15:36 | [Eijiro#0069] (514151966708989993) Content: !!!!!!!!!!
2021-08-31 20:15:36 | [iPirie#8558] (436876982794452992) i dont dace ➜ Content: i dont care
2021-08-31 20:15:36 | [Eijiro#0069] (514151966708989993) Content: ive been haked
2021-08-31 20:15:36 | [iPirie#8558] (436876982794452992) Content: well hello there 20db3281@​barton.ac.uk
2021-08-31 20:15:36 | [Eijiro#0069] (514151966708989993) Content: oh god
2021-08-31 20:15:36 | [Eijiro#0069] (514151966708989993) Content: thats my name
2021-08-31 20:15:36 | [chocfrog#6214] (237231509872967680) Content: yikes
2021-08-31 20:15:36 | [iPirie#8558] (436876982794452992) Content: damn
2021-08-31 20:15:36 | [iPirie#8558] (436876982794452992) Content: tbh probs a good thing to have second years
2021-08-31 20:15:36 | [chocfrog#6214] (237231509872967680) Content: WELL it was when it first opened but we thought we'd make it for everyone!
2021-08-31 20:15:36 | [iPirie#8558] (436876982794452992) Content: makes it easy to beg for help
2021-08-31 20:15:36 | [Eijiro#0069] (514151966708989993) Content: fair, i respect it
2021-08-31 20:15:36 | [chocfrog#6214] (237231509872967680) Content: pls invite a second year doing history
2021-08-31 20:15:36 | [chocfrog#6214] (237231509872967680) Content: would be helpful <3
2021-08-31 20:15:36 | [Eijiro#0069] (514151966708989993) Content: hm
2021-08-31 20:15:36 | [Eijiro#0069] (514151966708989993) Content: i actually somehow dont think i know any off the top of my head
2021-08-31 20:15:36 | [chocfrog#6214] (237231509872967680) Content: WELL
2021-08-31 20:15:36 | [chocfrog#6214] (237231509872967680) Content: that's a shame
2021-08-31 20:15:36 | [Eijiro#0069] (514151966708989993) Content: actually nvm i do know one but he doesnt have discord
2021-08-31 20:15:36 | [Eijiro#0069] (514151966708989993) Content: big rip
2021-08-31 20:15:36 | [chocfrog#6214] (237231509872967680) Content: it okay xoox
2021-08-31 20:15:36 | [chocfrog#6214] (237231509872967680) Content: i take it you like anime
2021-08-31 20:15:36 | [Eijiro#0069] (514151966708989993) Content: uhhh
2021-08-31 20:15:36 | [Eijiro#0069] (514151966708989993) Content: a little yeah
2021-08-31 20:15:36 | [chocfrog#6214] (237231509872967680) Content: <a:OOOO:752181379890151484>
2021-08-31 20:15:36 | [chocfrog#6214] (237231509872967680) Content: hmmm oki
2021-08-31 20:15:36 | [chocfrog#6214] (237231509872967680) Content: mr genshin impact
2021-08-31 20:15:36 | [Eijiro#0069] (514151966708989993) Content: shut it
2021-08-31 20:15:36 | [Eijiro#0069] (514151966708989993) Content: i have a small addiction to this game
2021-08-31 20:15:36 | [Eijiro#0069] (514151966708989993) Content: new characters releasing at 4am
2021-08-31 20:15:36 | [Eijiro#0069] (514151966708989993) Content: gotta be there
2021-08-31 20:15:36 | [chocfrog#6214] (237231509872967680) Content: FAIR ENOUGH
2021-08-31 20:15:36 | [SadQuag#8104] (442000354578792448) Content: dan you need to stop we have homework
2021-08-31 20:15:36 | [chocfrog#6214] (237231509872967680) Content: it does seem fun to play and addictive but i stayed away for that reason
2021-08-31 20:15:36 | [SadQuag#8104] (442000354578792448) Content: baal isnt that important
2021-08-31 20:15:36 | [SadQuag#8104] (442000354578792448) Content: hu tao is cooler
2021-08-31 20:15:36 | [Eijiro#0069] (514151966708989993) Content: max ive done by prototype
2021-08-31 20:15:36 | [SadQuag#8104] (442000354578792448) Content: oh
2021-08-31 20:15:36 | [Eijiro#0069] (514151966708989993) Content: at least mostly
2021-08-31 20:15:36 | [Eijiro#0069] (514151966708989993) Content: i think
2021-08-31 20:15:36 | [SadQuag#8104] (442000354578792448) Content: well i havent started still
2021-08-31 20:15:36 | [Eijiro#0069] (514151966708989993) Content: i have a working djikstras algorithm
2021-08-31 20:15:36 | [chocfrog#6214] (237231509872967680) Content: i'm an expert i can help you do your work
2021-08-31 20:15:36 | [chocfrog#6214] (237231509872967680) Content: !
2021-08-31 20:15:36 | [Eijiro#0069] (514151966708989993) Content: if you can program for me
2021-08-31 20:15:36 | [Eijiro#0069] (514151966708989993) Content: that would be great
2021-08-31 20:15:36 | [Eijiro#0069] (514151966708989993) Content: oh wait this isnt computer science
2021-08-31 20:15:36 | [SadQuag#8104] (442000354578792448) Content: yeah tbis is media
2021-08-31 20:15:36 | [chocfrog#6214] (237231509872967680) Content: sorry i only know how to output Hello world
2021-08-31 20:15:36 | [chocfrog#6214] (237231509872967680) Content: O
2021-08-31 20:15:36 | [Eijiro#0069] (514151966708989993) Content: better than me
2021-08-31 20:15:36 | [chocfrog#6214] (237231509872967680) Content: well
2021-08-31 20:15:36 | [Eijiro#0069] (514151966708989993) Content: dw
2021-08-31 20:15:36 | [chocfrog#6214] (237231509872967680) Content: I thought you were doing computer science ireasihasreh
2021-08-31 20:15:36 | [Eijiro#0069] (514151966708989993) Content: i probably know about the same, if not less than most of the first years here anyways
2021-08-31 20:15:36 | [chocfrog#6214] (237231509872967680) Content: lmfao fair
2021-08-31 20:15:36 | [chocfrog#6214] (237231509872967680) Content: omg
2021-08-31 20:15:36 | [chocfrog#6214] (237231509872967680) Content: are all these ppl joining your friends
2021-08-31 20:15:36 | [chocfrog#6214] (237231509872967680) Content: imagine having that many friends, can't relate
2021-08-31 20:15:36 | [Eijiro#0069] (514151966708989993) Content: i dont know most of them ill be real
2021-08-31 20:15:36 | [iPirie#8558] (436876982794452992) Content: mmm
2021-08-31 20:15:36 | [chocfrog#6214] (237231509872967680) Content: OH
2021-08-31 20:15:36 | [Eijiro#0069] (514151966708989993) Content: idk where its all coming from
2021-08-31 20:15:36 | [chocfrog#6214] (237231509872967680) Content: nevermind guess they're just
2021-08-31 20:15:36 | [chocfrog#6214] (237231509872967680) Content: ppl!
2021-08-31 20:15:36 | [Eijiro#0069] (514151966708989993) Content: it seems so
2021-08-31 20:15:36 | [SadQuag#8104] (442000354578792448) Content: there was another barton server that is kinda small i think people are coming from there and then spreading it to more friends
2021-08-31 20:15:36 | [Eijiro#0069] (514151966708989993) Content: ah that would make sense
2021-08-31 20:15:36 | [Eijiro#0069] (514151966708989993) Content: i aint got time for this
2021-08-31 20:15:36 | [Eijiro#0069] (514151966708989993) Content: back to my genshin and zelda music
2021-08-31 20:15:36 | [Eijiro#0069] (514151966708989993) Content: later
2021-08-31 20:15:36 | [chocfrog#6214] (237231509872967680) Content: gl
2021-08-31 22:05:41 | [Eijiro#0069] (514151966708989993) Content: 😎
2021-08-31 22:05:41 | [Eijiro#0069] (514151966708989993) Content: https://tenor.com/view/floppa-floppa-cope-floppa-pet-pet-floppa-floppa-cat-gif-22214078  (CONTAINED EMBED)
2021-08-31 22:05:41 | [SadQuag#8104] (442000354578792448) Content: Damn did you model that in blender?
2021-08-31 22:05:41 | [Eijiro#0069] (514151966708989993) Content: yeah it took 3 min ute
2021-08-31 22:05:41 | [SadQuag#8104] (442000354578792448) Content: Crazy scott and Richard would be proud
