2021-08-31 14:28:00 | [kascey#2517] (690587197979754579) Content: .... no.
2021-08-31 14:28:00 | [Gizmo#0185] (714570790321782805) Content: name:Ruby
pronouns:she/her
gender:female
zodiac:sagittarius 
courses:psychology, criminology and sociology 
q-xtras: psychology extension and aspire
2021-08-31 14:37:30 | [Gizmo#0185] (714570790321782805) Content: we’ve already met aha. well i’m guessing you’re the same robyn 😅
2021-08-31 14:41:17 | [coyzie#8008] (346293166330216458) Content: OHHH RUBY HELLO
2021-08-31 14:41:17 | [coyzie#8008] (346293166330216458) Content: I DIDNT REALIZE U WERE THAT RUBY KJDSHFGKJLSDHG
2021-08-31 22:05:41 | [tess#0726] (639172562596921367) Content: hi im tess, im in second year! i use they/them pronouns :DD
2021-08-31 22:05:41 | [soapywaterforwidebears#6207] (653316076343394305) Content: hi i am mildred, i am in second year n i use she/they pronouns <33
2021-08-31 22:05:41 | [kaiabetes#3834] (834515593805168640) Content: No
2021-08-31 22:05:41 | [xiaospls#4053] (539542411672813589) Content: pls
2021-08-31 22:05:41 | [oSharpey#9000] (338361467718074378) Content: wtf
2021-08-31 22:05:41 | [oSharpey#9000] (338361467718074378) Content: wtf kai
2021-08-31 22:05:41 | [kaiabetes#3834] (834515593805168640) Content: Fight me
2021-08-31 22:05:41 | [oSharpey#9000] (338361467718074378) Content: ok i promise im like 6'5
2021-08-31 22:05:41 | [SaltyGroove#6237] (189820548770037760) Content: its true hes a big guy
2021-08-31 22:05:41 | [kaiabetes#3834] (834515593805168640) Content: <@338361467718074378> debate Channel rn we settling this
2021-08-31 22:05:41 | [soapywaterforwidebears#6207] (653316076343394305) Content: 👉 👈  <@!442000354578792448>
2021-08-31 22:05:41 | [SaltyGroove#6237] (189820548770037760) Content: pokeboy
2021-08-31 22:05:41 | [SadQuag#8104] (442000354578792448) Content: Idk what this means where did your persons face go
2021-08-31 22:05:41 | [Impossiblin#1943] (278986325800124417) Content: gone
2021-08-31 22:05:41 | [Tea#3118] (544125367896637440) Content: Uhh Hello, I'm Lucas (he/him). I'm half British half asian (mum Singaporean). I'm 17 having delayed IGCSEs by one year. I'm taking eng lang, Sociology, and criminology. Ima dude.  Very chill, loves spicey food, i do mountain biking, possibly continuing squaah. I also like reading. uhh  also im aquarius (pretty sure)
2021-08-31 22:05:41 | [shayoyem#0017] (206857920279740416) Content: i’m shayoyem
2021-08-31 22:05:41 | [TuiTwo#8931] (732174330116702248) Content: Send help
