2021-08-31 12:16:45 | [Barton Peveril College#2116] (876869839300472835) Content: <@830045701743837186> just joined. Welcome! 🎉
2021-08-31 12:16:45 | [Barton Peveril College#2116] (876869839300472835) Content: https://media.giphy.com/media/T8wyBKRBrzTZJjU0eQ/giphy.gif
2021-08-31 12:16:45 | [Barton Peveril College#2116] (876869839300472835) https://media.giphy.com/media/T8wyBKRBrzTZJjU0eQ/giphy.gif ➜ Content: https://media.giphy.com/media/T8wyBKRBrzTZJjU0eQ/giphy.gif  (CONTAINED EMBED)
2021-08-31 14:28:00 | [Barton Peveril College#2116] (876869839300472835) Content: <@387346814199791635> just joined. Welcome! 🎉
2021-08-31 14:28:00 | [Barton Peveril College#2116] (876869839300472835) Content: https://media.giphy.com/media/T8wyBKRBrzTZJjU0eQ/giphy.gif
2021-08-31 14:59:20 | [Barton Peveril College#2116] (876869839300472835) Content: <@479679370080813060> just joined. Welcome! 🎉
2021-08-31 14:59:20 | [Barton Peveril College#2116] (876869839300472835) Content: https://media.giphy.com/media/T8wyBKRBrzTZJjU0eQ/giphy.gif
2021-08-31 14:59:20 | [Barton Peveril College#2116] (876869839300472835) Content: <@393078240845234176> just joined. Welcome! 🎉
2021-08-31 14:59:20 | [Barton Peveril College#2116] (876869839300472835) Content: https://media.giphy.com/media/T8wyBKRBrzTZJjU0eQ/giphy.gif  (CONTAINED EMBED)
2021-08-31 14:59:20 | [Barton Peveril College#2116] (876869839300472835) Content: <@271716211224608770> just joined. Welcome! 🎉
2021-08-31 14:59:20 | [Barton Peveril College#2116] (876869839300472835) Content: https://media.giphy.com/media/T8wyBKRBrzTZJjU0eQ/giphy.gif
2021-08-31 16:51:50 | [Barton Peveril College#2116] (876869839300472835) Content: <@621714108777103370> just joined. Welcome! 🎉
2021-08-31 16:51:50 | [Barton Peveril College#2116] (876869839300472835) Content: https://media.giphy.com/media/T8wyBKRBrzTZJjU0eQ/giphy.gif  (CONTAINED EMBED)
2021-08-31 16:51:50 | [Barton Peveril College#2116] (876869839300472835) Content: <@544125367896637440> just joined. Welcome! 🎉
2021-08-31 16:51:50 | [Barton Peveril College#2116] (876869839300472835) Content: https://media.giphy.com/media/T8wyBKRBrzTZJjU0eQ/giphy.gif  (CONTAINED EMBED)
2021-08-31 17:43:37 | [Barton Peveril College#2116] (876869839300472835) Content: <@251362166446358538> just joined. Welcome! 🎉
2021-08-31 17:43:37 | [Barton Peveril College#2116] (876869839300472835) Content: https://media.giphy.com/media/T8wyBKRBrzTZJjU0eQ/giphy.gif
2021-08-31 19:49:02 | [Barton Peveril College#2116] (876869839300472835) Content: <@538101098205020160> just joined. Welcome! 🎉
2021-08-31 19:49:02 | [Barton Peveril College#2116] (876869839300472835) Content: https://media.giphy.com/media/T8wyBKRBrzTZJjU0eQ/giphy.gif
2021-08-31 19:49:02 | [Barton Peveril College#2116] (876869839300472835) Content: <@338361467718074378> just joined. Welcome! 🎉
2021-08-31 19:49:02 | [Barton Peveril College#2116] (876869839300472835) Content: https://media.giphy.com/media/T8wyBKRBrzTZJjU0eQ/giphy.gif  (CONTAINED EMBED)
2021-08-31 20:15:36 | [Barton Peveril College#2116] (876869839300472835) Content: <@189820548770037760> just joined. Welcome! 🎉
2021-08-31 20:15:36 | [Barton Peveril College#2116] (876869839300472835) Content: https://media.giphy.com/media/T8wyBKRBrzTZJjU0eQ/giphy.gif  (CONTAINED EMBED)
2021-08-31 20:15:36 | [Barton Peveril College#2116] (876869839300472835) Content: <@514151966708989993> just joined. Welcome! 🎉
2021-08-31 20:15:36 | [Barton Peveril College#2116] (876869839300472835) Content: https://media.giphy.com/media/T8wyBKRBrzTZJjU0eQ/giphy.gif  (CONTAINED EMBED)
2021-08-31 20:15:36 | [Barton Peveril College#2116] (876869839300472835) Content: <@458302090817568776> just joined. Welcome! 🎉
2021-08-31 20:15:36 | [Barton Peveril College#2116] (876869839300472835) Content: <@442000354578792448> just joined. Welcome! 🎉
2021-08-31 20:15:36 | [Barton Peveril College#2116] (876869839300472835) Content: https://media.giphy.com/media/T8wyBKRBrzTZJjU0eQ/giphy.gif  (CONTAINED EMBED)
2021-08-31 20:15:36 | [Barton Peveril College#2116] (876869839300472835) Content: https://media.giphy.com/media/T8wyBKRBrzTZJjU0eQ/giphy.gif  (CONTAINED EMBED)
2021-08-31 20:15:36 | [Barton Peveril College#2116] (876869839300472835) Content: <@781224709576196166> just joined. Welcome! 🎉
2021-08-31 20:15:36 | [Barton Peveril College#2116] (876869839300472835) Content: https://media.giphy.com/media/T8wyBKRBrzTZJjU0eQ/giphy.gif  (CONTAINED EMBED)
2021-08-31 20:15:36 | [Barton Peveril College#2116] (876869839300472835) Content: <@645616392535801858> just joined. Welcome! 🎉
2021-08-31 20:15:36 | [Barton Peveril College#2116] (876869839300472835) Content: https://media.giphy.com/media/T8wyBKRBrzTZJjU0eQ/giphy.gif  (CONTAINED EMBED)
2021-08-31 20:15:36 | [Barton Peveril College#2116] (876869839300472835) Content: <@639172562596921367> just joined. Welcome! 🎉
2021-08-31 20:15:36 | [Barton Peveril College#2116] (876869839300472835) Content: https://media.giphy.com/media/T8wyBKRBrzTZJjU0eQ/giphy.gif
2021-08-31 20:15:36 | [Barton Peveril College#2116] (876869839300472835) Content: <@278986325800124417> just joined. Welcome! 🎉
2021-08-31 20:15:36 | [Barton Peveril College#2116] (876869839300472835) Content: https://media.giphy.com/media/T8wyBKRBrzTZJjU0eQ/giphy.gif  (CONTAINED EMBED)
2021-08-31 20:15:36 | [Barton Peveril College#2116] (876869839300472835) Content: <@769302484718977024> just joined. Welcome! 🎉
2021-08-31 20:15:36 | [Barton Peveril College#2116] (876869839300472835) Content: https://media.giphy.com/media/T8wyBKRBrzTZJjU0eQ/giphy.gif  (CONTAINED EMBED)
2021-08-31 20:15:36 | [Barton Peveril College#2116] (876869839300472835) Content: <@323433449866133514> just joined. Welcome! 🎉
2021-08-31 20:15:36 | [Barton Peveril College#2116] (876869839300472835) Content: https://media.giphy.com/media/T8wyBKRBrzTZJjU0eQ/giphy.gif  (CONTAINED EMBED)
2021-08-31 20:15:36 | [Barton Peveril College#2116] (876869839300472835) Content: <@586214959491448846> just joined. Welcome! 🎉
2021-08-31 20:15:36 | [Barton Peveril College#2116] (876869839300472835) Content: https://media.giphy.com/media/T8wyBKRBrzTZJjU0eQ/giphy.gif  (CONTAINED EMBED)
2021-08-31 20:15:36 | [iPirie#8558] (436876982794452992) Content: mollymc77#6171
Vyp#9573
jukeboxin#7606
Laila#3993
dinosus#2980
MadMan#5592
chocfrog#6214
cerysgoga#4361
zoeanzalucca#4142
PlayguyCarterr#4713
YesItsDrummer#1066
Trash_321#4376
grogthefrog#1060
Bones#9850
Charlotte#9968
jess#2274
Eb3yr#2996
MattSimpson#3015
Daviesss#3313
ionical#7447
sharkbaitooahah#1360
lea#1807
Karrotz#6279
lottie#2168
rhianna#0043
jemimaantimony#1161
M4tt#1945
Drakey492#7955
_Niamh#5204
Mars455#4554
Jessica#8454
Sinister#9975
life_on_mars#8599
mango#2025
alexxmaria#0345
naturalbornlosers#0182qrcodes#0000
<@!265905443086401537> 
<@!723365452532809798>
<@!358689805757972490>
<@!623966781408542771>
<@!487341496920702986>
<@!693309918224318567> 
<@!616420411264991277> 
<@!750430933089255545> 
<@!623231354288603176>
2021-08-31 21:50:06 | [Barton Peveril College#2116] (876869839300472835) Content: <@834515593805168640> just joined. Welcome! 🎉
2021-08-31 21:50:06 | [Barton Peveril College#2116] (876869839300472835) Content: https://media.giphy.com/media/T8wyBKRBrzTZJjU0eQ/giphy.gif  (CONTAINED EMBED)
2021-08-31 22:05:41 | [Barton Peveril College#2116] (876869839300472835) Content: <@532580805600477188> just joined. Welcome! 🎉
2021-08-31 22:05:41 | [Barton Peveril College#2116] (876869839300472835) Content: https://media.giphy.com/media/T8wyBKRBrzTZJjU0eQ/giphy.gif  (CONTAINED EMBED)
2021-08-31 22:05:41 | [Barton Peveril College#2116] (876869839300472835) Content: <@736323035522662423> just joined. Welcome! 🎉
2021-08-31 22:05:41 | [Barton Peveril College#2116] (876869839300472835) Content: https://media.giphy.com/media/T8wyBKRBrzTZJjU0eQ/giphy.gif
