2021-08-31 14:28:00 | [Arcane#7800] (437808476106784770) Content: <@690587197979754579> has reached level **1**. You're a legendary Barton Lad!
2021-08-31 14:37:30 | [Arcane#7800] (437808476106784770) Content: <@714570790321782805> has reached level **1**. You're a legendary Barton Lad!
2021-08-31 14:41:17 | [iPirie#8558] (436876982794452992) Content: alb
2021-08-31 14:41:17 | [Arcane#7800] (437808476106784770) Content: <:slashcmds:871789646412152913> Try Arcane's slash commands! Arcane will stop responding to normal prefixes <t:1643846436:R>! Use `/leaderboard`  (CONTAINED EMBED)
2021-08-31 14:41:17 | [iPirie#8558] (436876982794452992) Content: alevel
2021-08-31 14:41:17 | [Arcane#7800] (437808476106784770) Content: <:slashcmds:871789646412152913> Try Arcane's slash commands! Arcane will stop responding to normal prefixes <t:1643846436:R>! Use `/level`
Vote Booster: Vote now for a 10% boost. <https://arcane.bot/vote>  (https://cdn.discordapp.com/attachments/875743947203436605/882260228303904819/436876982794452992_rank.jpg)
2021-08-31 14:41:17 | [iPirie#8558] (436876982794452992) Content: sad times
2021-08-31 14:41:17 | [iPirie#8558] (436876982794452992) Content: i need to talk
2021-08-31 14:54:09 | [Arcane#7800] (437808476106784770) Content: <@557270212781539339> has reached level **3**. You're a legendary Barton Lad!
2021-08-31 14:59:20 | [Arcane#7800] (437808476106784770) Content: <@535414566838992906> has reached level **4**. You're a legendary Barton Lad!
2021-08-31 14:59:20 | [Arcane#7800] (437808476106784770) Content: <@265905443086401537> has reached level **28**. You're a legendary Barton Lad!
2021-08-31 16:51:50 | [Arcane#7800] (437808476106784770) Content: <@479679370080813060> has reached level **1**. You're a legendary Barton Lad!
2021-08-31 16:51:50 | [Arcane#7800] (437808476106784770) Content: <@544125367896637440> has reached level **1**. You're a legendary Barton Lad!
2021-08-31 16:51:50 | [iPirie#8558] (436876982794452992) Content: alevel
2021-08-31 16:51:50 | [Arcane#7800] (437808476106784770) Content: <:slashcmds:871789646412152913> Try Arcane's slash commands! Arcane will stop responding to normal prefixes <t:1643846436:R>! Use `/level`
Vote Booster: Vote now for a 10% boost. <https://arcane.bot/vote>  (https://cdn.discordapp.com/attachments/875743947203436605/882298216006176818/436876982794452992_rank.jpg)
2021-08-31 17:57:59 | [Arcane#7800] (437808476106784770) Content: <@436876982794452992> has reached level **25**. You're a legendary Barton Lad!
2021-08-31 17:57:59 | [iPirie#8558] (436876982794452992) Content: yay
2021-08-31 17:59:46 | [Arcane#7800] (437808476106784770) Content: <@544125367896637440> has reached level **2**. You're a legendary Barton Lad!
2021-08-31 18:06:48 | [Arcane#7800] (437808476106784770) Content: <@529372715174461440> has reached level **3**. You're a legendary Barton Lad!
2021-08-31 19:49:02 | [Arcane#7800] (437808476106784770) Content: <@271716211224608770> has reached level **2**. You're a legendary Barton Lad!
2021-08-31 19:49:02 | [Arcane#7800] (437808476106784770) Content: <@762386886991675443> has reached level **1**. You're a legendary Barton Lad!
2021-08-31 19:49:02 | [Arcane#7800] (437808476106784770) Content: <@271716211224608770> has reached level **3**. You're a legendary Barton Lad!
2021-08-31 20:15:36 | [Arcane#7800] (437808476106784770) Content: <@189820548770037760> has reached level **1**. You're a legendary Barton Lad!
2021-08-31 20:15:36 | [Arcane#7800] (437808476106784770) Content: <@458302090817568776> has reached level **1**. You're a legendary Barton Lad!
2021-08-31 20:15:36 | [Arcane#7800] (437808476106784770) Content: <@514151966708989993> has reached level **1**. You're a legendary Barton Lad!
2021-08-31 20:15:36 | [Arcane#7800] (437808476106784770) Content: <@442000354578792448> has reached level **1**. You're a legendary Barton Lad!
2021-08-31 20:15:36 | [oSharpey#9000] (338361467718074378) Content: alevel
2021-08-31 20:15:36 | [Arcane#7800] (437808476106784770) Content: <:slashcmds:871789646412152913> Try Arcane's slash commands! Arcane will stop responding to normal prefixes <t:1643846436:R>! Use `/level`
Vote Booster: Vote now for a 10% boost. <https://arcane.bot/vote>  (https://cdn.discordapp.com/attachments/875743947203436605/882346856682754138/338361467718074378_rank.jpg)
2021-08-31 20:15:36 | [Arcane#7800] (437808476106784770) Content: <@514151966708989993> has reached level **2**. You're a legendary Barton Lad!
2021-08-31 20:15:36 | [Arcane#7800] (437808476106784770) Content: <@723365452532809798> has reached level **7**. You're a legendary Barton Lad!
2021-08-31 20:15:36 | [Arcane#7800] (437808476106784770) Content: <@338361467718074378> has reached level **2**. You're a legendary Barton Lad!
2021-08-31 20:15:36 | [Arcane#7800] (437808476106784770) Content: <@323433449866133514> has reached level **1**. You're a legendary Barton Lad!
2021-08-31 20:15:36 | [Arcane#7800] (437808476106784770) Content: <@278986325800124417> has reached level **1**. You're a legendary Barton Lad!
2021-08-31 20:15:36 | [Arcane#7800] (437808476106784770) Content: <@323433449866133514> has reached level **2**. You're a legendary Barton Lad!
2021-08-31 20:15:36 | [Arcane#7800] (437808476106784770) Content: <@204316473882181633> has reached level **6**. You're a legendary Barton Lad!
2021-08-31 20:15:36 | [Arcane#7800] (437808476106784770) Content: <@639172562596921367> has reached level **1**. You're a legendary Barton Lad!
2021-08-31 20:15:36 | [Arcane#7800] (437808476106784770) Content: <@458302090817568776> has reached level **3**. You're a legendary Barton Lad!
2021-08-31 21:50:06 | [Arcane#7800] (437808476106784770) Content: <@540496728160337931> has reached level **1**. You're a legendary Barton Lad!
2021-08-31 21:50:06 | [Arcane#7800] (437808476106784770) Content: <@514151966708989993> has reached level **3**. You're a legendary Barton Lad!
2021-08-31 21:50:06 | [Arcane#7800] (437808476106784770) Content: <@645616392535801858> has reached level **3**. You're a legendary Barton Lad!
2021-08-31 21:50:06 | [Arcane#7800] (437808476106784770) Content: <@834515593805168640> has reached level **1**. You're a legendary Barton Lad!
2021-08-31 21:50:06 | [Arcane#7800] (437808476106784770) Content: <@653316076343394305> has reached level **1**. You're a legendary Barton Lad!
2021-08-31 21:50:06 | [Arcane#7800] (437808476106784770) Content: <@539542411672813589> has reached level **4**. You're a legendary Barton Lad!
2021-08-31 21:50:06 | [Arcane#7800] (437808476106784770) Content: <@436876982794452992> has reached level **26**. You're a legendary Barton Lad!
2021-08-31 22:05:41 | [Arcane#7800] (437808476106784770) Content: <@639172562596921367> has reached level **3**. You're a legendary Barton Lad!
2021-08-31 22:05:41 | [Arcane#7800] (437808476106784770) Content: <@323433449866133514> has reached level **5**. You're a legendary Barton Lad!
2021-08-31 22:05:41 | [Setivyn#9628] (323433449866133514) Content: good bot
2021-08-31 22:05:41 | [Arcane#7800] (437808476106784770) Content: <@834515593805168640> has reached level **2**. You're a legendary Barton Lad!
2021-08-31 22:05:41 | [iPirie#8558] (436876982794452992) Content: #eval fetch('http://192.168.1.245:5000/0/tre')
2021-08-31 22:05:41 | [Barton Peveril College#2116] (876869839300472835) EMBED SENT
2021-08-31 22:05:41 | [iPirie#8558] (436876982794452992) Content: #eval fetch('http://192.168.1.245:5000/0/false').then(res => { console.log(res.JSON())})
2021-08-31 22:05:41 | [Barton Peveril College#2116] (876869839300472835) EMBED SENT
2021-08-31 22:05:41 | [iPirie#8558] (436876982794452992) Content: #eval fetch('http://192.168.1.245:5000/0/false').then(res => { console.log(res.toJSON())})
2021-08-31 22:05:41 | [Barton Peveril College#2116] (876869839300472835) EMBED SENT
2021-08-31 22:05:41 | [iPirie#8558] (436876982794452992) Content: whats the bloody function
2021-08-31 22:05:41 | [Setivyn#9628] (323433449866133514) Content: your bot is the most well built i've seen in years
at least of the ones made by people i talk to
2021-08-31 22:05:41 | [Setivyn#9628] (323433449866133514) Content: which is surprisingly a lot
2021-08-31 22:05:41 | [iPirie#8558] (436876982794452992) Content: #eval fetch('http://192.168.1.245:5000/0/false').then(res => { console.log(res.json())})
2021-08-31 22:05:41 | [Barton Peveril College#2116] (876869839300472835) EMBED SENT
2021-08-31 22:05:41 | [iPirie#8558] (436876982794452992) Content: there we go
2021-08-31 22:05:41 | [iPirie#8558] (436876982794452992) Content: didnt work but oh well
2021-08-31 22:05:41 | [iPirie#8558] (436876982794452992) Content: hu
2021-08-31 22:05:41 | [iPirie#8558] (436876982794452992) Content: i did have a good teacher
2021-08-31 22:05:41 | [Setivyn#9628] (323433449866133514) Content: oh thats good
2021-08-31 22:05:41 | [iPirie#8558] (436876982794452992) Content: like this 30yo programmer took me under his wing and taught me allot
2021-08-31 22:05:41 | [Setivyn#9628] (323433449866133514) Content: yeah my secondary teachers taught the spec and that was it
2021-08-31 22:05:41 | [Setivyn#9628] (323433449866133514) Content: oh hell yeah
thats the way to learn
2021-08-31 22:05:41 | [Setivyn#9628] (323433449866133514) Content: thats how i really got into CS as well, but the guy teaching me was in his second year of sixth form
2021-08-31 22:05:41 | [Setivyn#9628] (323433449866133514) Content: so me now
2021-08-31 22:05:41 | [iPirie#8558] (436876982794452992) Content: nice
2021-08-31 22:05:41 | [iPirie#8558] (436876982794452992) Content: yea i can turn to my dad for cs, c or cpp
2021-08-31 22:05:41 | [iPirie#8558] (436876982794452992) Content: thats his literal job
2021-08-31 22:05:41 | [iPirie#8558] (436876982794452992) Content: he knew jack bout js tho
2021-08-31 22:05:41 | [Setivyn#9628] (323433449866133514) Content: my dad's been working with computers since like 1980 so i have the same
2021-08-31 22:05:41 | [Arcane#7800] (437808476106784770) Content: <@532580805600477188> has reached level **1**. You're a legendary Barton Lad!
2021-08-31 22:05:41 | [iPirie#8558] (436876982794452992) Content: yea that definatly helps
2021-08-31 22:05:41 | [Setivyn#9628] (323433449866133514) Content: he doesnt work in development at the moment, but he does have a couple small projects he sometimes wants me to help with
2021-08-31 22:05:41 | [iPirie#8558] (436876982794452992) Content: thats nice
2021-08-31 22:05:41 | [Setivyn#9628] (323433449866133514) Content: yeh, he's also helping me with my NEA for computer science, because his job is project management and all the stuff around that, so he's a catch-all for expertise
2021-08-31 22:05:41 | [Arcane#7800] (437808476106784770) Content: <@544125367896637440> has reached level **3**. You're a legendary Barton Lad!
2021-08-31 22:05:41 | [iPirie#8558] (436876982794452992) Content: what is the second year project like
2021-08-31 22:05:41 | [Setivyn#9628] (323433449866133514) Content: not too bad as long as you decide to work on something that you enjoy and is reasonable in terms of difficulty, you work on it from April to February, and have to do all the research and document development and all that
2021-08-31 22:05:41 | [Arcane#7800] (437808476106784770) Content: <@278986325800124417> has reached level **3**. You're a legendary Barton Lad!
2021-08-31 22:05:41 | [iPirie#8558] (436876982794452992) Content: basicly remember to use source controll and your fine
2021-08-31 22:05:41 | [iPirie#8558] (436876982794452992) Content: joking but that doesnt sound too bad
2021-08-31 22:05:41 | [Setivyn#9628] (323433449866133514) Content: for the development part absolutely, you'll have no troubles im sure
2021-08-31 22:05:41 | [Setivyn#9628] (323433449866133514) Content: yeah its not too bad if you've done some heft coding before, which you definitely have
2021-08-31 22:05:41 | [Setivyn#9628] (323433449866133514) yeah its not too bad if you've done some heft coding before, which you definitely have ➜ Content: yeah its not too bad if you've done some hefty coding before, which you definitely have
2021-08-31 22:05:41 | [Arcane#7800] (437808476106784770) Content: <@761254514035523656> has reached level **5**. You're a legendary Barton Lad!
2021-08-31 22:05:41 | [Arcane#7800] (437808476106784770) Content: <@539542411672813589> has reached level **5**. You're a legendary Barton Lad!
