2021-08-31 22:05:41 | [Tea#3118] (544125367896637440) Content: tbf i have done no badminton lmao
2021-08-31 22:05:41 | [Tea#3118] (544125367896637440) Content: ive done it a while back
2021-08-31 22:05:41 | [Tea#3118] (544125367896637440) Content: i got this  (https://cdn.discordapp.com/attachments/878335017053466684/882373633190797332/unknown.png)
2021-08-31 22:05:41 | [Impossiblin#1943] (278986325800124417) Content: tennis but you hit the cock instead of the balls 🗿
2021-08-31 22:05:41 | [Tea#3118] (544125367896637440) Content: ive done squash doe
2021-08-31 22:05:41 | [Impossiblin#1943] (278986325800124417) Content: so your basically hitting the cock and balls
2021-08-31 22:05:41 | [Impossiblin#1943] (278986325800124417) Content: great
2021-08-31 22:05:41 | [Not Gator#0002] (756383660881608774) Content: where did you get this
2021-08-31 22:05:41 | [Karrotz#6279] (259739180660162561) Content: squash is funn
2021-08-31 22:05:41 | [Tea#3118] (544125367896637440) Content: i emailed student services asking aboutt he date and they sent that
2021-08-31 22:05:41 | [Tea#3118] (544125367896637440) Content: ive emailed chis and no response
2021-08-31 22:05:41 | [Not Gator#0002] (756383660881608774) Content: oh well its same time and date
2021-08-31 22:05:41 | [Not Gator#0002] (756383660881608774) Content: which is TOMORROW AAAAA
2021-08-31 22:05:41 | [Tea#3118] (544125367896637440) Content: im just going to check
2021-08-31 22:05:41 | [Not Gator#0002] (756383660881608774) Content: i still have no way of getting there ngl
2021-08-31 22:05:41 | [Not Gator#0002] (756383660881608774) Content: ill just go early and take bus
2021-08-31 22:05:41 | [Tea#3118] (544125367896637440) Content: AAAAAAAAA IVE DONE NO BADMINTON WHATSOEVER
2021-08-31 22:05:41 | [Not Gator#0002] (756383660881608774) Content: me neither
2021-08-31 22:05:41 | [Not Gator#0002] (756383660881608774) Content: no practic
2021-08-31 22:05:41 | [Not Gator#0002] (756383660881608774) Content: e
2021-08-31 22:05:41 | [Tea#3118] (544125367896637440) Content: done it for a few years
2021-08-31 22:05:41 | [Not Gator#0002] (756383660881608774) Content: also im not in the best shape rn lmao
2021-08-31 22:05:41 | [Tea#3118] (544125367896637440) Content: I DONT KNWO THE RULES
2021-08-31 22:05:41 | [Karrotz#6279] (259739180660162561) Content: o I've played a couple of times with my brother for fun lmaoo
2021-08-31 22:05:41 | [Not Gator#0002] (756383660881608774) Content: do you not?
2021-08-31 22:05:41 | [Not Gator#0002] (756383660881608774) Content: also why is the tryouts 3 hours lol
2021-08-31 22:05:41 | [Tea#3118] (544125367896637440) Content: IVE DONE SQUASH FAIRLY INTESNELY AND ITS SIMILAR SOO
2021-08-31 22:05:41 | [Tea#3118] (544125367896637440) Content: kinda
2021-08-31 22:05:41 | [Not Gator#0002] (756383660881608774) Content: im guessing we're getting a bit of time to practice before tryouts so dw
2021-08-31 22:05:41 | [Tea#3118] (544125367896637440) Content: dont really know ALL the boxes
2021-08-31 22:05:41 | [Impossiblin#1943] (278986325800124417) Content: is there a qxtra for dodgeball
2021-08-31 22:05:41 | [Impossiblin#1943] (278986325800124417) Content: i forgot
2021-08-31 22:05:41 | [Tea#3118] (544125367896637440) Content: except having loong arms and legs helps
2021-08-31 22:05:41 | [Not Gator#0002] (756383660881608774) Content: ok so both players stand on their side of the box, when serving they should serve to the side opposite of them, and also during the first serve the shuttlecock cant land in the middle box
2021-08-31 22:05:41 | [Tea#3118] (544125367896637440) Content: i remember that
2021-08-31 22:05:41 | [Not Gator#0002] (756383660881608774) Content: once they served the shuttlecock can land anywhere in the area and that will be a point
2021-08-31 22:05:41 | [Tea#3118] (544125367896637440) Content: buttt i dont know the other boxes neccesarily
2021-08-31 22:05:41 | [Tea#3118] (544125367896637440) Content: well at least i wont be the confused one
2021-08-31 22:05:41 | [Tea#3118] (544125367896637440) Content: *only
2021-08-31 22:05:41 | [Not Gator#0002] (756383660881608774) Content: dw if you know base rules you'll get it in no time
2021-08-31 22:05:41 | [Tea#3118] (544125367896637440) Content: I live in eastleigh so i can just walk there
2021-08-31 22:05:41 | [Not Gator#0002] (756383660881608774) Content: i also remembered my height is an advantage but also disadvantage
2021-08-31 22:05:41 | [Tea#3118] (544125367896637440) Content: also i know  where places leisure is as well sooo
2021-08-31 22:05:41 | [Not Gator#0002] (756383660881608774) Content: im 6 foot 3 so i can probably slam well
2021-08-31 22:05:41 | [Tea#3118] (544125367896637440) Content: how tall are you
2021-08-31 22:05:41 | [Not Gator#0002] (756383660881608774) Content: but also not go as low
2021-08-31 22:05:41 | [Tea#3118] (544125367896637440) Content: DAMN
2021-08-31 22:05:41 | [Tea#3118] (544125367896637440) Content: im 6 foot something
2021-08-31 22:05:41 | [Tea#3118] (544125367896637440) Content: maybe six one
2021-08-31 22:05:41 | [Tea#3118] (544125367896637440) Content: but yes you can reach the shuttle cock with barely moving
2021-08-31 22:05:41 | [Tea#3118] (544125367896637440) Content: just step for it
2021-08-31 22:05:41 | [zoeanzalucca#4142] (761254514035523656) Content: can you just show up or do you have to have said it at enrolment meeting?
2021-08-31 22:05:41 | [Karrotz#6279] (259739180660162561) Content: fuckin perfect height 🤩 
honorary tom holding his own
2021-08-31 22:05:41 | [Tea#3118] (544125367896637440) Content: idk, might have to say it at enrolement cuz at that time he offered what you want to sign up for?
2021-08-31 22:05:41 | [Not Gator#0002] (756383660881608774) Content: tiny bit above perfect ngl
2021-08-31 22:05:41 | [kaiabetes#3834] (834515593805168640) Content: Haha shuttle COCK
2021-08-31 22:05:41 | [Not Gator#0002] (756383660881608774) Content: FUNNY
2021-08-31 22:05:41 | [kaiabetes#3834] (834515593805168640) Content: Thanks x
2021-08-31 22:05:41 | [zoeanzalucca#4142] (761254514035523656) Content: I kinda wanna do it now
2021-08-31 22:05:41 | [Not Gator#0002] (756383660881608774) Content: YOU WHEN _ WHEN ME AND your  - WHEN YOUR MOM
2021-08-31 22:05:41 | [Mc banan BenefitsBen#3303] (736323035522662423) Content: Not funny
2021-08-31 22:05:41 | [kaiabetes#3834] (834515593805168640) Content: Fight me lad
2021-08-31 22:05:41 | [Not Gator#0002] (756383660881608774) Content: owo ok
2021-08-31 22:05:41 | [Tea#3118] (544125367896637440) Content: I'd say just turn up and see what they say
2021-08-31 22:05:41 | [Tea#3118] (544125367896637440) Content: if they don't mention it then you're good
2021-08-31 22:05:41 | [Tea#3118] (544125367896637440) Content: <:SataniaThumbsUp:796473273051381820>
2021-08-31 22:05:41 | [Not Gator#0002] (756383660881608774) Content: i mean you should probably ask them about it when you do turn up since it might collide with other subjects yknow
2021-08-31 22:05:41 | [Not Gator#0002] (756383660881608774) Content: i couldnt take other q-extras since they collided with stuff on timetable
2021-08-31 22:05:41 | [Tea#3118] (544125367896637440) Content: True true
2021-08-31 22:05:41 | [Tea#3118] (544125367896637440) Content: I already got it signed down soo
2021-08-31 22:05:41 | [iPirie#8558] (436876982794452992) Content: https://tenor.com/view/funny-shuttlecock-badminton-gif-11267927
2021-08-31 22:05:41 | [iPirie#8558] (436876982794452992) Content: 
2021-08-31 22:05:41 | [zoeanzalucca#4142] (761254514035523656) Content: I'll email them or something
2021-08-31 22:05:41 | [Tea#3118] (544125367896637440) Content: yes
2021-08-31 22:05:41 | [zoeanzalucca#4142] (761254514035523656) Content: do I do it to student service or general enquiries
2021-08-31 22:05:41 | [zoeanzalucca#4142] (761254514035523656) Content: or this chris guy
2021-08-31 22:05:41 | [Tea#3118] (544125367896637440) Content: Uhh
2021-08-31 22:05:41 | [Tea#3118] (544125367896637440) Content: Chris guy or student services
2021-08-31 22:05:41 | [zoeanzalucca#4142] (761254514035523656) Content: ty
2021-08-31 22:05:41 | [zoeanzalucca#4142] (761254514035523656) https://cdn.discordapp.com/attachments/878335017053466684/882378937257328670/Screenshot_20210831-223847_Gmail.jpg
2021-08-31 22:05:41 | [zoeanzalucca#4142] (761254514035523656) Content: email has been sent
2021-08-31 22:05:41 | [Not Gator#0002] (756383660881608774) Content: dont think they gonna reply overnight
2021-08-31 22:05:41 | [Not Gator#0002] (756383660881608774) Content: they replied to me in 2 days
2021-08-31 22:05:41 | [Not Gator#0002] (756383660881608774) Content: but gl
2021-08-31 22:05:41 | [zoeanzalucca#4142] (761254514035523656) Content: well I can hope
2021-08-31 23:16:51 | [Not Gator#0002] (756383660881608774) Content: either way, im pretty sure you can get timetable changed anyways before the third so just go tmr and if it doesnt work out then eh
