2021-08-31 16:51:50 | [iPirie#8558] (436876982794452992) Content: there is so much work
2021-08-31 18:06:48 | [Karrotz#6279] (259739180660162561) Content: have you er... done it?
2021-08-31 18:06:48 | [iPirie#8558] (436876982794452992) Content: i got up to problem 5 and was like
2021-08-31 18:06:48 | [iPirie#8558] (436876982794452992) Content: i cant do this ima take a break
2021-08-31 18:06:48 | [iPirie#8558] (436876982794452992) Content: that was like 6 hours ago
2021-08-31 18:06:48 | [iPirie#8558] (436876982794452992) Content: im still on break
2021-08-31 18:06:48 | [Karrotz#6279] (259739180660162561) Content: nice and long break you're havin yourself there
2021-08-31 18:06:48 | [Karrotz#6279] (259739180660162561) Content: fair enough tho
2021-08-31 18:06:48 | [iPirie#8558] (436876982794452992) Content: ill finish it tmrw
2021-08-31 18:06:48 | [iPirie#8558] (436876982794452992) Content: but iv got a banging head ache
2021-08-31 18:06:48 | [Karrotz#6279] (259739180660162561) Content: lmk when you've done it, I got a couple questions and idk if I'm an idiot or not
2021-08-31 18:06:48 | [iPirie#8558] (436876982794452992) Content: dw i think thats gona be the case for most people
2021-08-31 18:06:48 | [Karrotz#6279] (259739180660162561) Content: how much sleep you gettin 👀
2021-08-31 18:06:48 | [iPirie#8558] (436876982794452992) Content: not much
2021-08-31 18:06:48 | [iPirie#8558] (436876982794452992) Content: i cant sleep atm
2021-08-31 18:06:48 | [iPirie#8558] (436876982794452992) Content: got like 5 ish hours for the past couple of days
2021-08-31 18:06:48 | [Karrotz#6279] (259739180660162561) Content: why aint you sleepin my guy
2021-08-31 18:06:48 | [Karrotz#6279] (259739180660162561) Content: sleep good
2021-08-31 18:06:48 | [Karrotz#6279] (259739180660162561) Content: Wait is this right? Summer made me forget so much idk if this is the right way of doing it  (https://cdn.discordapp.com/attachments/875827014198759475/882315312010252288/unknown.png)
2021-08-31 18:06:48 | [Karrotz#6279] (259739180660162561) Content: also ignore my terrible handwriting please 🙏
2021-08-31 18:06:48 | [iPirie#8558] (436876982794452992) Content: i want to
2021-08-31 18:06:48 | [iPirie#8558] (436876982794452992) Content: i just cant
