2021-08-31 12:34:18 | [rhianna#0043] (457956464326344714) Content: no
2021-08-31 13:47:37 | [LAGamer222#8925] (641319604270137374) Content: Lol
2021-08-31 14:59:20 | [epidemiczombie#2423] (714939139291873322) Content: Sc: kmason2004 
Ig: kate_mason04
2021-08-31 21:50:06 | [Karrotz#6279] (259739180660162561) Content: wait hol up
2021-08-31 21:50:06 | [Karrotz#6279] (259739180660162561) Content: no way
2021-08-31 21:50:06 | [Impossiblin#1943] (278986325800124417) Content: https://media.discordapp.net/attachments/798646542721482854/875456944436019301/image0.gif
2021-08-31 21:50:06 | [Karrotz#6279] (259739180660162561) Content: JASON?
2021-08-31 21:50:06 | [Impossiblin#1943] (278986325800124417) Content: hi
2021-08-31 21:50:06 | [Karrotz#6279] (259739180660162561) Content: DUDE ITS TOM FROM MUSIC
2021-08-31 21:50:06 | [Karrotz#6279] (259739180660162561) Content: TOM K
2021-08-31 21:50:06 | [Karrotz#6279] (259739180660162561) Content: I WAS SMOL
2021-08-31 21:50:06 | [Karrotz#6279] (259739180660162561) Content: prolly dont remember you were always too cool for the music department ngl
2021-08-31 21:50:06 | [Setivyn#9628] (323433449866133514) Content: it is indeed jason quemard
2021-08-31 21:50:06 | [Karrotz#6279] (259739180660162561) prolly dont remember you were always too cool for the music department ngl ➜ Content: prolly dont remember me, you were always too cool for the music department ngl
2021-08-31 21:50:06 | [Impossiblin#1943] (278986325800124417) Content: if you are who i think you are then
2021-08-31 21:50:06 | [Impossiblin#1943] (278986325800124417) Content: i do remember you
2021-08-31 21:50:06 | [Karrotz#6279] (259739180660162561) Content: I was in soul band
2021-08-31 21:50:06 | [Karrotz#6279] (259739180660162561) Content: well every band
2021-08-31 21:50:06 | [Karrotz#6279] (259739180660162561) Content: played trumpet
2021-08-31 21:50:06 | [Impossiblin#1943] (278986325800124417) Content: there was only two toms right
2021-08-31 21:50:06 | [Karrotz#6279] (259739180660162561) Content: Yes
2021-08-31 21:50:06 | [Karrotz#6279] (259739180660162561) Content: tall tom ( <@!269906883052175362> ) and short tom (me)
2021-08-31 21:50:06 | [Impossiblin#1943] (278986325800124417) Content: 🗿 man
2021-08-31 21:50:06 | [Karrotz#6279] (259739180660162561) Content: not anymore I think I'm taller but that's how you'd remember us
2021-08-31 21:50:06 | [Impossiblin#1943] (278986325800124417) Content: so we meet again
2021-08-31 21:50:06 | [Karrotz#6279] (259739180660162561) Content: honestly it's been so long
2021-08-31 21:50:06 | [Karrotz#6279] (259739180660162561) Content: well it's been a year
2021-08-31 21:50:06 | [Karrotz#6279] (259739180660162561) Content: but that's a year too long
2021-08-31 21:50:06 | [Impossiblin#1943] (278986325800124417) Content: ayo
2021-08-31 21:50:06 | [Impossiblin#1943] (278986325800124417) Content: what bands you gonna do at bp
2021-08-31 21:50:06 | [Karrotz#6279] (259739180660162561) Content: prolly only concert band depends if mr p forces me to play
2021-08-31 21:50:06 | [Karrotz#6279] (259739180660162561) Content: not rlly continuing in music like that ;-;
still gonna have lessons and play for fun, but not gonna commit to a band I've already got a full timetable according to mis
2021-08-31 22:05:04 | [Impossiblin#1943] (278986325800124417) Content: im doing concert band aswell
2021-08-31 22:05:18 | [Karrotz#6279] (259739180660162561) Content: aye nice I hope to see you there
2021-08-31 22:05:18 | [Impossiblin#1943] (278986325800124417) Content: i dont know if ill be doin it as much in the second year
2021-08-31 22:05:18 | [Impossiblin#1943] (278986325800124417) Content: yeah man
2021-08-31 22:05:41 | [Karrotz#6279] (259739180660162561) Content: sick it'll be nice to catch up
2021-08-31 22:05:41 | [matt.#5555] (265905443086401537) Content: ig: matthew.pickard_
sc: matthew.pickard
2021-08-31 22:05:41 | [Karrotz#6279] (259739180660162561) Content: no way mattyp63
2021-08-31 22:05:41 | [iPirie#8558] (436876982794452992) Content: https://github.com/Ru-Pirie
2021-08-31 22:05:41 | [GeorgeTheMonkey#2684] (774704695327064115) Content: Hey guys, add my socials if u want :))
Insta - jessthorne.co.uk
Snap - jesssssssss_t (It's 9 s' lol)
