2021-08-31 19:10:36 | [MRD_OG#3627] (271716211224608770) https://cdn.discordapp.com/attachments/875743829083430982/882326589835214899/unknown.png
2021-08-31 19:14:06 | [MRD_OG#3627] (271716211224608770) Content: 👍
2021-08-31 19:14:06 | [iPirie#8558] (436876982794452992) Content: https://imgs.xkcd.com/comics/compiling.png
2021-08-31 19:14:06 | [MRD_OG#3627] (271716211224608770) Content: lolol
2021-08-31 19:14:06 | [MRD_OG#3627] (271716211224608770) https://cdn.discordapp.com/attachments/875743829083430982/882329231810510899/Untitled-63.png
2021-08-31 19:49:02 | [iPirie#8558] (436876982794452992) Content: do u code?
2021-08-31 19:49:02 | [MRD_OG#3627] (271716211224608770) Content: yes
2021-08-31 19:49:02 | [iPirie#8558] (436876982794452992) Content: oooooohhh baby
2021-08-31 19:49:02 | [iPirie#8558] (436876982794452992) Content: what languages?
2021-08-31 19:49:02 | [MRD_OG#3627] (271716211224608770) Content: um
2021-08-31 19:49:02 | [MRD_OG#3627] (271716211224608770) Content: python, java, javascript, visual basic and some ARM
2021-08-31 19:49:02 | [MRD_OG#3627] (271716211224608770) Content: not counting html and css ofc
2021-08-31 19:49:02 | [iPirie#8558] (436876982794452992) Content: ANOTHER JS PERSON yayaaaaaa
2021-08-31 19:49:02 | [iPirie#8558] (436876982794452992) Content: ofc lol
2021-08-31 19:49:02 | [MRD_OG#3627] (271716211224608770) Content: haha woo
2021-08-31 19:49:02 | [iPirie#8558] (436876982794452992) Content: how like proficient?
2021-08-31 19:49:02 | [iPirie#8558] (436876982794452992) Content: in js
2021-08-31 19:49:02 | [MRD_OG#3627] (271716211224608770) Content: um
2021-08-31 19:49:02 | [MRD_OG#3627] (271716211224608770) Content: i have a thing i made
2021-08-31 19:49:02 | [MRD_OG#3627] (271716211224608770) Content: that you'll probably like for further maths
2021-08-31 19:49:02 | [MRD_OG#3627] (271716211224608770) Content: https://complex.pythen.repl.co
2021-08-31 19:49:02 | [MRD_OG#3627] (271716211224608770) Content: you cna look at source if you want
2021-08-31 19:49:02 | [MRD_OG#3627] (271716211224608770) Content: it's a lil messy
2021-08-31 19:49:02 | [MRD_OG#3627] (271716211224608770) Content: but hey ho
2021-08-31 19:49:02 | [iPirie#8558] (436876982794452992) Content: that in python?
2021-08-31 19:49:02 | [MRD_OG#3627] (271716211224608770) Content: js
2021-08-31 19:49:02 | [MRD_OG#3627] (271716211224608770) Content: my repl username is Pythen
2021-08-31 19:49:02 | [iPirie#8558] (436876982794452992) Content: damn how did you do that in js O_O
2021-08-31 19:49:02 | [MRD_OG#3627] (271716211224608770) Content: p5!
2021-08-31 19:49:02 | [iPirie#8558] (436876982794452992) Content: or is it like a html page with js backend
2021-08-31 19:49:02 | [MRD_OG#3627] (271716211224608770) Content: the only real html
2021-08-31 19:49:02 | [MRD_OG#3627] (271716211224608770) Content: is the buttons and the side list
2021-08-31 19:49:02 | [MRD_OG#3627] (271716211224608770) Content: the rest is all js
2021-08-31 19:49:02 | [MRD_OG#3627] (271716211224608770) Content: and maths i had to come up with myself 😠
2021-08-31 19:49:02 | [iPirie#8558] (436876982794452992) Content: damn how long did that take you
2021-08-31 19:49:02 | [iPirie#8558] (436876982794452992) Content: you must have wanted to murder yourself
2021-08-31 19:49:02 | [MRD_OG#3627] (271716211224608770) Content: uh, i worked solidly on it for about a week
2021-08-31 19:49:02 | [MRD_OG#3627] (271716211224608770) Content: ah i did
2021-08-31 19:49:02 | [MRD_OG#3627] (271716211224608770) Content: 7 pages of maths
2021-08-31 19:49:02 | [MRD_OG#3627] (271716211224608770) Content: trying to work out
2021-08-31 19:49:02 | [MRD_OG#3627] (271716211224608770) Content: how to find the intersections between two circles
2021-08-31 19:49:02 | [MRD_OG#3627] (271716211224608770) Content: turns out
2021-08-31 19:49:02 | [MRD_OG#3627] (271716211224608770) Content: cosine is your friend
2021-08-31 19:49:02 | [iPirie#8558] (436876982794452992) Content: yea i can imagine js realy wanst meant for stuff like that
2021-08-31 19:49:02 | [iPirie#8558] (436876982794452992) Content: hu
2021-08-31 19:49:02 | [iPirie#8558] (436876982794452992) Content: like web dev yea....
2021-08-31 19:49:02 | [iPirie#8558] (436876982794452992) Content: full on graphing thats rough
2021-08-31 19:49:02 | [MRD_OG#3627] (271716211224608770) Content: lolol
2021-08-31 19:49:02 | [MRD_OG#3627] (271716211224608770) Content: i had to do all that stuff myself
2021-08-31 19:49:02 | [iPirie#8558] (436876982794452992) Content: i would have used flask personaly
2021-08-31 19:49:02 | [iPirie#8558] (436876982794452992) Content: yea i can imagine
2021-08-31 19:49:02 | [Barton Peveril College#2116] (876869839300472835) EMBED SENT
2021-08-31 19:49:02 | [iPirie#8558] (436876982794452992) Content: woops
2021-08-31 19:49:02 | [iPirie#8558] (436876982794452992) Content: wrong one
2021-08-31 19:49:02 | [MRD_OG#3627] (271716211224608770) https://cdn.discordapp.com/attachments/875743829083430982/882339598255136788/unknown.png
2021-08-31 19:49:02 | [iPirie#8558] (436876982794452992) Content: holy
2021-08-31 19:49:02 | [MRD_OG#3627] (271716211224608770) Content: you wanna find two trianlges
2021-08-31 19:49:02 | [iPirie#8558] (436876982794452992) Content: suprised matrixs didnt come into it
2021-08-31 19:49:02 | [MRD_OG#3627] (271716211224608770) Content: with lengths [distance, radius 1, radius 2]
2021-08-31 19:49:02 | [iPirie#8558] (436876982794452992) suprised matrixs didnt come into it ➜ Content: suprised matrices didnt come into it
2021-08-31 19:49:02 | [iPirie#8558] (436876982794452992) suprised matrices didnt come into it ➜ Content: surprised matrices didnt come into it
2021-08-31 19:49:02 | [MRD_OG#3627] (271716211224608770) Content: naw
2021-08-31 19:49:02 | [MRD_OG#3627] (271716211224608770) Content: matrices is transofmrations
2021-08-31 19:49:02 | [iPirie#8558] (436876982794452992) Content: i mean you migh have needed to use it
2021-08-31 19:49:02 | [MRD_OG#3627] (271716211224608770) Content: ig
2021-08-31 19:49:02 | [MRD_OG#3627] (271716211224608770) Content: that's for solving simultaneous equations
2021-08-31 19:49:02 | [MRD_OG#3627] (271716211224608770) Content: maybe if i wanted to find where two lines intersected
2021-08-31 19:49:02 | [iPirie#8558] (436876982794452992) Content: there easy enough to do by hand tho lol
2021-08-31 19:49:02 | [MRD_OG#3627] (271716211224608770) Content: yeah
2021-08-31 19:49:02 | [MRD_OG#3627] (271716211224608770) Content: intersecting of line and circle is nice and easy to make into a formular
2021-08-31 19:49:02 | [iPirie#8558] (436876982794452992) Content: i cant find your source code :/ bloody repl
2021-08-31 19:49:02 | [MRD_OG#3627] (271716211224608770) https://cdn.discordapp.com/attachments/875743829083430982/882340250708504686/unknown.png
2021-08-31 19:49:02 | [MRD_OG#3627] (271716211224608770) Content: right click
2021-08-31 19:49:02 | [MRD_OG#3627] (271716211224608770) Content: on the list thing
2021-08-31 19:49:02 | [MRD_OG#3627] (271716211224608770) Content: or a button
2021-08-31 19:49:02 | [MRD_OG#3627] (271716211224608770) Content: and click inspect
2021-08-31 19:49:02 | [MRD_OG#3627] (271716211224608770) Content: or just f12
2021-08-31 19:49:02 | [iPirie#8558] (436876982794452992) Content: oh right
2021-08-31 19:49:02 | [matt.#5555] (265905443086401537) Content: jesus
2021-08-31 19:49:02 | [iPirie#8558] (436876982794452992) Content: thats what you mean lol
2021-08-31 19:49:02 | [iPirie#8558] (436876982794452992) Content: never tried p5 tbh
2021-08-31 19:49:02 | [MRD_OG#3627] (271716211224608770) Content: it's much better than canvas
2021-08-31 19:49:02 | [iPirie#8558] (436876982794452992) Content: 😮
2021-08-31 19:49:02 | [iPirie#8558] (436876982794452992) Content: how dare you
2021-08-31 19:49:02 | [MRD_OG#3627] (271716211224608770) Content: it uses canvas as the base
2021-08-31 19:49:02 | [MRD_OG#3627] (271716211224608770) Content: just makes it a lot easier to work with
2021-08-31 19:49:02 | [iPirie#8558] (436876982794452992) Content: canvas is a steaming pile of shit but it gets the job done
2021-08-31 19:49:02 | [iPirie#8558] (436876982794452992) Content: ah fair
2021-08-31 19:49:02 | [MRD_OG#3627] (271716211224608770) Content: for example
2021-08-31 19:49:02 | [MRD_OG#3627] (271716211224608770) https://cdn.discordapp.com/attachments/875743829083430982/882340870840541205/unknown.png
2021-08-31 19:49:02 | [iPirie#8558] (436876982794452992) Content: interesting
2021-08-31 19:49:02 | [iPirie#8558] (436876982794452992) Content: yea im shit at front end so i dont tend to bother with it
2021-08-31 19:49:02 | [MRD_OG#3627] (271716211224608770) Content: fair enough
2021-08-31 19:49:02 | [iPirie#8558] (436876982794452992) Content: backends my jazz
2021-08-31 19:49:02 | [MRD_OG#3627] (271716211224608770) Content: nice
2021-08-31 19:49:02 | [iPirie#8558] (436876982794452992) Content: that thing is cool tho
2021-08-31 19:49:02 | [MRD_OG#3627] (271716211224608770) Content: thanks haha
2021-08-31 19:49:02 | [MRD_OG#3627] (271716211224608770) Content: you should add like 1st and 2nd year roles
2021-08-31 19:49:02 | [iPirie#8558] (436876982794452992) Content: u a second year then?
2021-08-31 19:49:02 | [MRD_OG#3627] (271716211224608770) Content: yeah
2021-08-31 19:49:02 | [MRD_OG#3627] (271716211224608770) Content: a few of us are
2021-08-31 19:49:02 | [iPirie#8558] (436876982794452992) Content: ohhhhhh
2021-08-31 19:49:02 | [iPirie#8558] (436876982794452992) Content: how hell is further maths
2021-08-31 19:49:02 | [MRD_OG#3627] (271716211224608770) Content: um
2021-08-31 19:49:02 | [MRD_OG#3627] (271716211224608770) Content: tbf, it's not bad
2021-08-31 19:49:02 | [MRD_OG#3627] (271716211224608770) Content: as long as you drill modelling with algorithms into your head
2021-08-31 19:49:02 | [MRD_OG#3627] (271716211224608770) Content: an A is pretty much 50%
2021-08-31 19:49:02 | [MRD_OG#3627] (271716211224608770) Content: becasue it's so annoying
2021-08-31 19:49:02 | [iPirie#8558] (436876982794452992) Content: hu
2021-08-31 19:49:02 | [iPirie#8558] (436876982794452992) Content: yea i just have an irrational fear of matrices
2021-08-31 19:49:02 | [MRD_OG#3627] (271716211224608770) Content: matrices, aren't bad
2021-08-31 19:49:02 | [iPirie#8558] (436876982794452992) Content: i just hate them
2021-08-31 19:49:02 | [MRD_OG#3627] (271716211224608770) Content: they really aren't
2021-08-31 19:49:02 | [iPirie#8558] (436876982794452992) Content: its just the fact that i cant work out which way round to to them and how big the result is gona be
2021-08-31 19:49:02 | [iPirie#8558] (436876982794452992) Content: basicly the whole bloody subject
2021-08-31 19:49:02 | [iPirie#8558] (436876982794452992) Content: because my teacher was shit
2021-08-31 19:49:02 | [MRD_OG#3627] (271716211224608770) Content: yeah
2021-08-31 19:49:02 | [MRD_OG#3627] (271716211224608770) Content: just remember, top then bottom, left then right
2021-08-31 19:49:02 | [MRD_OG#3627] (271716211224608770) Content: when you multiply
2021-08-31 19:49:02 | [iPirie#8558] (436876982794452992) Content: yeaaaaaa
2021-08-31 19:49:02 | [MRD_OG#3627] (271716211224608770) Content: it rly confused me when i first learnt em
2021-08-31 19:49:02 | [MRD_OG#3627] (271716211224608770) Content: couldnt get it in my head lol
2021-08-31 20:15:36 | [MRD_OG#3627] (271716211224608770) Content: also, further maths gives you a head start on some of the normal maths topics
2021-08-31 20:15:36 | [MRD_OG#3627] (271716211224608770) Content: like vectors
2021-08-31 20:15:36 | [iPirie#8558] (436876982794452992) Content: vectors arnt too bad imo
2021-08-31 20:15:36 | [MRD_OG#3627] (271716211224608770) Content: they're pretty easy
2021-08-31 20:15:36 | [iPirie#8558] (436876982794452992) Content: just a direction with a magniture
2021-08-31 20:15:36 | [iPirie#8558] (436876982794452992) just a direction with a magniture ➜ Content: just a direction with a magnitude
2021-08-31 20:15:36 | [MRD_OG#3627] (271716211224608770) Content: yep
2021-08-31 20:15:36 | [MRD_OG#3627] (271716211224608770) Content: but now where do they intersect in 3d space
2021-08-31 20:15:36 | [MRD_OG#3627] (271716211224608770) Content: how far is this point from this plane?
2021-08-31 20:15:36 | [iPirie#8558] (436876982794452992) Content: thats where you loose me
2021-08-31 20:15:36 | [iPirie#8558] (436876982794452992) Content: i can tell you what a matrix is
2021-08-31 20:15:36 | [MRD_OG#3627] (271716211224608770) Content: yeah, but it's all very simple
2021-08-31 20:15:36 | [iPirie#8558] (436876982794452992) Content: work on out
2021-08-31 20:15:36 | [iPirie#8558] (436876982794452992) Content: just havent learnt yet
2021-08-31 20:15:36 | [MRD_OG#3627] (271716211224608770) Content: yeah
2021-08-31 20:15:36 | [iPirie#8558] (436876982794452992) Content: id rather read about new and upcoming programming languages or databases
2021-08-31 20:15:36 | [iPirie#8558] (436876982794452992) Content: 😔
2021-08-31 20:15:36 | [MRD_OG#3627] (271716211224608770) Content: agreed
2021-08-31 20:15:36 | [MRD_OG#3627] (271716211224608770) Content: that's fair enough
2021-08-31 20:15:36 | [MRD_OG#3627] (271716211224608770) Content: hmm
2021-08-31 20:15:36 | [MRD_OG#3627] (271716211224608770) Content: yk what i wanna do
2021-08-31 20:15:36 | [MRD_OG#3627] (271716211224608770) Content: parsing!
2021-08-31 20:15:36 | [iPirie#8558] (436876982794452992) Content: JSON.parse()
2021-08-31 20:15:36 | [iPirie#8558] (436876982794452992) Content: <:Catkek:875751180314226730>
2021-08-31 20:15:36 | [MRD_OG#3627] (271716211224608770) Content: and grammars 😉
2021-08-31 20:15:36 | [MRD_OG#3627] (271716211224608770) Content: from scratch
2021-08-31 20:15:36 | [iPirie#8558] (436876982794452992) Content: yeaaa i tried that once
2021-08-31 20:15:36 | [MRD_OG#3627] (271716211224608770) Content: 🙃
2021-08-31 20:15:36 | [iPirie#8558] (436876982794452992) Content: for a bout a month it was going well
2021-08-31 20:15:36 | [iPirie#8558] (436876982794452992) Content: then i realised i was just using effectively switch statements
2021-08-31 20:15:36 | [iPirie#8558] (436876982794452992) Content: i was trying to build a language interpreter
2021-08-31 20:15:36 | [MRD_OG#3627] (271716211224608770) Content: i made this  (https://cdn.discordapp.com/attachments/875743829083430982/882343670530068550/unknown.png)
2021-08-31 20:15:36 | [MRD_OG#3627] (271716211224608770) Content: :>
2021-08-31 20:15:36 | [iPirie#8558] (436876982794452992) Content: thats nice
2021-08-31 20:15:36 | [iPirie#8558] (436876982794452992) Content: maths in computing is just 👌
2021-08-31 20:15:36 | [iPirie#8558] (436876982794452992) Content: then you have bitshifting and omg
2021-08-31 20:15:36 | [iPirie#8558] (436876982794452992) Content: im in love
2021-08-31 20:15:36 | [MRD_OG#3627] (271716211224608770) https://cdn.discordapp.com/attachments/875743829083430982/882343966782156810/unknown.png
2021-08-31 20:15:36 | [MRD_OG#3627] (271716211224608770) Content: shunting, stacks, queues and RPN go brrr
2021-08-31 20:15:36 | [MRD_OG#3627] (271716211224608770) Content: don't you love throw-away functions???  (https://cdn.discordapp.com/attachments/875743829083430982/882344496090738718/unknown.png)
2021-08-31 20:15:36 | [iPirie#8558] (436876982794452992) Content: very sexx
2021-08-31 20:15:36 | [iPirie#8558] (436876982794452992) Content: <@!271716211224608770> theres a year role now
2021-08-31 20:15:36 | [MRD_OG#3627] (271716211224608770) Content: woo
