2021-08-31 16:03:13 | [Watcher#5402] (762757247561498634) EMBED SENT
2021-08-31 16:03:13 | [Watcher#5402] (762757247561498634) EMBED SENT
2021-08-31 16:03:13 | [Watcher#5402] (762757247561498634) EMBED SENT
2021-08-31 16:03:13 | [Watcher#5402] (762757247561498634) EMBED SENT
2021-08-31 16:03:13 | [Watcher#5402] (762757247561498634) EMBED SENT
2021-08-31 16:03:13 | [Watcher#5402] (762757247561498634) EMBED SENT
2021-08-31 16:03:13 | [Watcher#5402] (762757247561498634) EMBED SENT
2021-08-31 16:03:13 | [Watcher#5402] (762757247561498634) EMBED SENT
2021-08-31 16:03:13 | [Watcher#5402] (762757247561498634) EMBED SENT
2021-08-31 16:03:13 | [Watcher#5402] (762757247561498634) EMBED SENT
2021-08-31 16:03:13 | [Watcher#5402] (762757247561498634) EMBED SENT
2021-08-31 16:03:13 | [Watcher#5402] (762757247561498634) EMBED SENT
2021-08-31 16:03:13 | [Watcher#5402] (762757247561498634) EMBED SENT
2021-08-31 16:03:13 | [Watcher#5402] (762757247561498634) EMBED SENT
2021-08-31 16:03:13 | [Watcher#5402] (762757247561498634) EMBED SENT
2021-08-31 16:03:13 | [Watcher#5402] (762757247561498634) EMBED SENT
2021-08-31 16:03:13 | [Watcher#5402] (762757247561498634) EMBED SENT
2021-08-31 16:03:13 | [Watcher#5402] (762757247561498634) EMBED SENT
2021-08-31 16:03:13 | [Watcher#5402] (762757247561498634) EMBED SENT
2021-08-31 16:03:13 | [Watcher#5402] (762757247561498634) EMBED SENT
2021-08-31 16:03:13 | [Watcher#5402] (762757247561498634) EMBED SENT
2021-08-31 16:03:13 | [Watcher#5402] (762757247561498634) EMBED SENT
2021-08-31 16:03:13 | [Watcher#5402] (762757247561498634) EMBED SENT
2021-08-31 16:03:13 | [Watcher#5402] (762757247561498634) EMBED SENT
2021-08-31 16:03:13 | [Watcher#5402] (762757247561498634) EMBED SENT
2021-08-31 16:03:58 | [iPirie#8558] (436876982794452992) Content: #eval message.channel.bulkDelete(100)
2021-08-31 16:03:58 | [Barton Peveril College#2116] (876869839300472835) EMBED SENT
2021-08-31 16:03:58 | [Barton Peveril College#2116] (876869839300472835) https://cdn.discordapp.com/attachments/882279307907579934/882279600187670638/1630422247753-dump.log
2021-08-31 16:03:58 | [Watcher#5402] (762757247561498634) EMBED SENT
2021-08-31 16:03:58 | [Watcher#5402] (762757247561498634) EMBED SENT
2021-08-31 16:05:09 | [Watcher#5402] (762757247561498634) EMBED SENT
2021-08-31 16:05:09 | [Watcher#5402] (762757247561498634) EMBED SENT
2021-08-31 16:05:09 | [Watcher#5402] (762757247561498634) EMBED SENT
2021-08-31 16:08:24 | [Watcher#5402] (762757247561498634) EMBED SENT
2021-08-31 16:08:24 | [Watcher#5402] (762757247561498634) EMBED SENT
2021-08-31 16:08:24 | [Watcher#5402] (762757247561498634) EMBED SENT
2021-08-31 16:08:24 | [Watcher#5402] (762757247561498634) EMBED SENT
2021-08-31 16:08:24 | [Watcher#5402] (762757247561498634) EMBED SENT
2021-08-31 16:08:24 | [Watcher#5402] (762757247561498634) EMBED SENT
2021-08-31 16:08:24 | [Watcher#5402] (762757247561498634) EMBED SENT
2021-08-31 16:20:10 | [Watcher#5402] (762757247561498634) EMBED SENT
2021-08-31 16:20:10 | [Watcher#5402] (762757247561498634) EMBED SENT
2021-08-31 16:20:35 | [Watcher#5402] (762757247561498634) EMBED SENT
2021-08-31 16:28:05 | [Watcher#5402] (762757247561498634) EMBED SENT
2021-08-31 16:40:03 | [Watcher#5402] (762757247561498634) EMBED SENT
2021-08-31 16:40:03 | [Watcher#5402] (762757247561498634) EMBED SENT
2021-08-31 16:40:03 | [Watcher#5402] (762757247561498634) EMBED SENT
2021-08-31 16:40:03 | [Watcher#5402] (762757247561498634) EMBED SENT
2021-08-31 16:40:03 | [Watcher#5402] (762757247561498634) EMBED SENT
2021-08-31 16:40:03 | [Watcher#5402] (762757247561498634) EMBED SENT
2021-08-31 16:40:03 | [Watcher#5402] (762757247561498634) EMBED SENT
2021-08-31 16:40:03 | [Watcher#5402] (762757247561498634) EMBED SENT
2021-08-31 16:40:03 | [Watcher#5402] (762757247561498634) EMBED SENT
2021-08-31 16:40:03 | [Watcher#5402] (762757247561498634) EMBED SENT
2021-08-31 16:40:03 | [Watcher#5402] (762757247561498634) EMBED SENT
2021-08-31 16:40:03 | [Watcher#5402] (762757247561498634) EMBED SENT
2021-08-31 16:50:07 | [Watcher#5402] (762757247561498634) EMBED SENT
2021-08-31 16:50:07 | [Watcher#5402] (762757247561498634) EMBED SENT
2021-08-31 16:50:39 | [Watcher#5402] (762757247561498634) EMBED SENT
2021-08-31 16:50:39 | [iPirie#8558] (436876982794452992) Content: <t:1631029845:r>
2021-08-31 16:50:39 | [iPirie#8558] (436876982794452992) Content: <t:16310298450:r>
2021-08-31 16:50:39 | [iPirie#8558] (436876982794452992) <t:16310298450:r> ➜ Content: <t:1631029845>
2021-08-31 16:50:39 | [Watcher#5402] (762757247561498634) EMBED SENT
2021-08-31 16:50:39 | [iPirie#8558] (436876982794452992) <t:1631029845> ➜ Content: <t:1631029845:r>
2021-08-31 16:50:39 | [Watcher#5402] (762757247561498634) EMBED SENT
2021-08-31 16:51:50 | [Watcher#5402] (762757247561498634) EMBED SENT
2021-08-31 16:51:50 | [Watcher#5402] (762757247561498634) EMBED SENT
2021-08-31 16:51:50 | [iPirie#8558] (436876982794452992) Content: <t:0>
2021-08-31 16:51:50 | [Watcher#5402] (762757247561498634) EMBED SENT
2021-08-31 16:51:50 | [Watcher#5402] (762757247561498634) EMBED SENT
2021-08-31 16:51:50 | [Watcher#5402] (762757247561498634) EMBED SENT
2021-08-31 16:51:50 | [Watcher#5402] (762757247561498634) EMBED SENT
2021-08-31 16:51:50 | [Watcher#5402] (762757247561498634) EMBED SENT
2021-08-31 16:51:50 | [Watcher#5402] (762757247561498634) EMBED SENT
2021-08-31 16:51:50 | [Watcher#5402] (762757247561498634) EMBED SENT
2021-08-31 16:51:50 | [Watcher#5402] (762757247561498634) EMBED SENT
2021-08-31 16:51:50 | [Watcher#5402] (762757247561498634) EMBED SENT
2021-08-31 16:51:50 | [Watcher#5402] (762757247561498634) EMBED SENT
2021-08-31 16:51:50 | [Watcher#5402] (762757247561498634) EMBED SENT
2021-08-31 16:51:50 | [Watcher#5402] (762757247561498634) EMBED SENT
2021-08-31 16:51:50 | [Watcher#5402] (762757247561498634) EMBED SENT
2021-08-31 16:51:50 | [Watcher#5402] (762757247561498634) EMBED SENT
2021-08-31 16:51:50 | [Watcher#5402] (762757247561498634) EMBED SENT
2021-08-31 16:51:50 | [Watcher#5402] (762757247561498634) EMBED SENT
2021-08-31 16:51:50 | [Watcher#5402] (762757247561498634) EMBED SENT
2021-08-31 16:51:50 | [Watcher#5402] (762757247561498634) EMBED SENT
2021-08-31 17:37:01 | [Watcher#5402] (762757247561498634) EMBED SENT
2021-08-31 17:38:17 | [Watcher#5402] (762757247561498634) EMBED SENT
2021-08-31 17:38:17 | [Watcher#5402] (762757247561498634) EMBED SENT
2021-08-31 17:38:17 | [Watcher#5402] (762757247561498634) EMBED SENT
2021-08-31 17:38:17 | [Watcher#5402] (762757247561498634) EMBED SENT
2021-08-31 17:41:16 | [Watcher#5402] (762757247561498634) EMBED SENT
2021-08-31 17:41:16 | [Watcher#5402] (762757247561498634) EMBED SENT
2021-08-31 17:41:16 | [Watcher#5402] (762757247561498634) EMBED SENT
2021-08-31 17:41:16 | [Watcher#5402] (762757247561498634) EMBED SENT
2021-08-31 17:43:37 | [Watcher#5402] (762757247561498634) EMBED SENT
2021-08-31 17:43:37 | [Watcher#5402] (762757247561498634) EMBED SENT
2021-08-31 17:43:37 | [Watcher#5402] (762757247561498634) EMBED SENT
2021-08-31 17:43:37 | [Watcher#5402] (762757247561498634) EMBED SENT
2021-08-31 17:43:37 | [Watcher#5402] (762757247561498634) EMBED SENT
2021-08-31 17:43:37 | [Watcher#5402] (762757247561498634) EMBED SENT
2021-08-31 17:43:37 | [Watcher#5402] (762757247561498634) EMBED SENT
2021-08-31 17:43:37 | [Watcher#5402] (762757247561498634) EMBED SENT
2021-08-31 17:43:37 | [Watcher#5402] (762757247561498634) EMBED SENT
2021-08-31 17:43:37 | [Watcher#5402] (762757247561498634) EMBED SENT
2021-08-31 18:06:48 | [Watcher#5402] (762757247561498634) EMBED SENT
2021-08-31 18:06:48 | [Watcher#5402] (762757247561498634) EMBED SENT
2021-08-31 18:06:48 | [Watcher#5402] (762757247561498634) EMBED SENT
2021-08-31 18:06:48 | [Watcher#5402] (762757247561498634) EMBED SENT
2021-08-31 19:12:07 | [Watcher#5402] (762757247561498634) https://cdn.discordapp.com/attachments/882279307907579934/882327013690589204/880833986719514635-messages.log
2021-08-31 19:14:06 | [iPirie#8558] (436876982794452992) Content: #eval message.channel.bulkDelete(200)
2021-08-31 19:14:06 | [Barton Peveril College#2116] (876869839300472835) EMBED SENT
2021-08-31 19:14:06 | [Watcher#5402] (762757247561498634) EMBED SENT
2021-08-31 19:14:06 | [Watcher#5402] (762757247561498634) EMBED SENT
2021-08-31 19:14:06 | [iPirie#8558] (436876982794452992) Content: #eval message.channel.bulkDelete(2)
2021-08-31 19:14:06 | [Barton Peveril College#2116] (876869839300472835) EMBED SENT
2021-08-31 19:14:06 | [Barton Peveril College#2116] (876869839300472835) https://cdn.discordapp.com/attachments/882279307907579934/882327645650550784/1630433702711-dump.log
2021-08-31 19:14:06 | [Watcher#5402] (762757247561498634) EMBED SENT
2021-08-31 19:14:06 | [Watcher#5402] (762757247561498634) https://cdn.discordapp.com/attachments/882279307907579934/882327646850154506/882279307907579934-messages.log
2021-08-31 19:25:00 | [Watcher#5402] (762757247561498634) EMBED SENT
2021-08-31 19:25:00 | [Watcher#5402] (762757247561498634) EMBED SENT
2021-08-31 19:25:00 | [Watcher#5402] (762757247561498634) EMBED SENT
2021-08-31 19:25:00 | [Watcher#5402] (762757247561498634) EMBED SENT
2021-08-31 19:25:00 | [Watcher#5402] (762757247561498634) EMBED SENT
2021-08-31 19:44:57 | [Watcher#5402] (762757247561498634) EMBED SENT
2021-08-31 19:46:12 | [Watcher#5402] (762757247561498634) EMBED SENT
2021-08-31 19:47:38 | [Watcher#5402] (762757247561498634) EMBED SENT
2021-08-31 19:48:38 | [Watcher#5402] (762757247561498634) EMBED SENT
2021-08-31 19:49:02 | [Watcher#5402] (762757247561498634) EMBED SENT
2021-08-31 19:49:02 | [Watcher#5402] (762757247561498634) EMBED SENT
2021-08-31 19:49:02 | [Watcher#5402] (762757247561498634) EMBED SENT
2021-08-31 19:49:02 | [Watcher#5402] (762757247561498634) EMBED SENT
2021-08-31 19:49:02 | [Watcher#5402] (762757247561498634) EMBED SENT
2021-08-31 19:49:02 | [Watcher#5402] (762757247561498634) EMBED SENT
2021-08-31 19:49:02 | [Watcher#5402] (762757247561498634) EMBED SENT
2021-08-31 19:49:02 | [Watcher#5402] (762757247561498634) EMBED SENT
2021-08-31 19:49:02 | [Watcher#5402] (762757247561498634) EMBED SENT
2021-08-31 19:49:02 | [Watcher#5402] (762757247561498634) EMBED SENT
2021-08-31 19:49:02 | [Watcher#5402] (762757247561498634) EMBED SENT
2021-08-31 19:49:02 | [Watcher#5402] (762757247561498634) EMBED SENT
2021-08-31 19:49:02 | [Watcher#5402] (762757247561498634) EMBED SENT
2021-08-31 19:49:02 | [Watcher#5402] (762757247561498634) EMBED SENT
2021-08-31 19:49:02 | [Watcher#5402] (762757247561498634) EMBED SENT
2021-08-31 19:49:02 | [Watcher#5402] (762757247561498634) EMBED SENT
2021-08-31 19:49:02 | [Watcher#5402] (762757247561498634) EMBED SENT
2021-08-31 19:49:02 | [Watcher#5402] (762757247561498634) EMBED SENT
2021-08-31 19:49:02 | [Watcher#5402] (762757247561498634) EMBED SENT
2021-08-31 19:49:02 | [Watcher#5402] (762757247561498634) EMBED SENT
2021-08-31 19:49:02 | [Watcher#5402] (762757247561498634) EMBED SENT
2021-08-31 19:49:02 | [Watcher#5402] (762757247561498634) EMBED SENT
2021-08-31 20:15:36 | [Watcher#5402] (762757247561498634) EMBED SENT
2021-08-31 20:15:36 | [Watcher#5402] (762757247561498634) EMBED SENT
2021-08-31 20:15:36 | [Watcher#5402] (762757247561498634) EMBED SENT
2021-08-31 20:15:36 | [Watcher#5402] (762757247561498634) EMBED SENT
2021-08-31 20:15:36 | [Watcher#5402] (762757247561498634) EMBED SENT
2021-08-31 20:15:36 | [Watcher#5402] (762757247561498634) EMBED SENT
2021-08-31 20:15:36 | [Watcher#5402] (762757247561498634) EMBED SENT
2021-08-31 20:15:36 | [Watcher#5402] (762757247561498634) EMBED SENT
2021-08-31 20:15:36 | [Watcher#5402] (762757247561498634) EMBED SENT
2021-08-31 20:15:36 | [Watcher#5402] (762757247561498634) EMBED SENT
2021-08-31 20:15:36 | [Watcher#5402] (762757247561498634) EMBED SENT
2021-08-31 20:15:36 | [Watcher#5402] (762757247561498634) EMBED SENT
2021-08-31 20:15:36 | [Watcher#5402] (762757247561498634) EMBED SENT
2021-08-31 20:15:36 | [Watcher#5402] (762757247561498634) EMBED SENT
2021-08-31 20:15:36 | [Watcher#5402] (762757247561498634) EMBED SENT
2021-08-31 20:15:36 | [Watcher#5402] (762757247561498634) EMBED SENT
2021-08-31 20:15:36 | [Watcher#5402] (762757247561498634) EMBED SENT
2021-08-31 20:15:36 | [Watcher#5402] (762757247561498634) EMBED SENT
2021-08-31 20:15:36 | [Watcher#5402] (762757247561498634) EMBED SENT
2021-08-31 20:15:36 | [Watcher#5402] (762757247561498634) EMBED SENT
2021-08-31 20:15:36 | [Watcher#5402] (762757247561498634) EMBED SENT
2021-08-31 20:15:36 | [Watcher#5402] (762757247561498634) EMBED SENT
2021-08-31 20:15:36 | [Watcher#5402] (762757247561498634) EMBED SENT
2021-08-31 20:15:36 | [Watcher#5402] (762757247561498634) EMBED SENT
2021-08-31 20:15:36 | [Watcher#5402] (762757247561498634) EMBED SENT
2021-08-31 20:15:36 | [Watcher#5402] (762757247561498634) EMBED SENT
2021-08-31 20:15:36 | [Watcher#5402] (762757247561498634) EMBED SENT
2021-08-31 20:15:36 | [Watcher#5402] (762757247561498634) EMBED SENT
2021-08-31 20:15:36 | [Watcher#5402] (762757247561498634) EMBED SENT
2021-08-31 20:15:36 | [Watcher#5402] (762757247561498634) EMBED SENT
2021-08-31 20:15:36 | [Watcher#5402] (762757247561498634) EMBED SENT
2021-08-31 20:15:36 | [Watcher#5402] (762757247561498634) EMBED SENT
2021-08-31 20:15:36 | [Watcher#5402] (762757247561498634) EMBED SENT
2021-08-31 20:15:36 | [Watcher#5402] (762757247561498634) EMBED SENT
2021-08-31 20:15:36 | [Watcher#5402] (762757247561498634) EMBED SENT
2021-08-31 20:15:36 | [Watcher#5402] (762757247561498634) EMBED SENT
2021-08-31 20:15:36 | [Watcher#5402] (762757247561498634) EMBED SENT
2021-08-31 20:15:36 | [Watcher#5402] (762757247561498634) EMBED SENT
2021-08-31 20:15:36 | [Watcher#5402] (762757247561498634) EMBED SENT
2021-08-31 20:15:36 | [Watcher#5402] (762757247561498634) EMBED SENT
2021-08-31 20:15:36 | [Watcher#5402] (762757247561498634) EMBED SENT
2021-08-31 20:15:36 | [Watcher#5402] (762757247561498634) EMBED SENT
2021-08-31 20:15:36 | [Watcher#5402] (762757247561498634) EMBED SENT
2021-08-31 20:15:36 | [Watcher#5402] (762757247561498634) EMBED SENT
2021-08-31 20:15:36 | [Watcher#5402] (762757247561498634) EMBED SENT
2021-08-31 20:15:36 | [Watcher#5402] (762757247561498634) EMBED SENT
2021-08-31 20:15:36 | [Watcher#5402] (762757247561498634) EMBED SENT
2021-08-31 20:15:36 | [Watcher#5402] (762757247561498634) EMBED SENT
2021-08-31 20:15:36 | [Watcher#5402] (762757247561498634) EMBED SENT
2021-08-31 20:15:36 | [Watcher#5402] (762757247561498634) EMBED SENT
2021-08-31 20:15:36 | [Watcher#5402] (762757247561498634) EMBED SENT
2021-08-31 20:15:36 | [Watcher#5402] (762757247561498634) EMBED SENT
2021-08-31 20:15:36 | [Watcher#5402] (762757247561498634) EMBED SENT
2021-08-31 20:15:36 | [Watcher#5402] (762757247561498634) EMBED SENT
2021-08-31 20:15:36 | [Watcher#5402] (762757247561498634) EMBED SENT
2021-08-31 20:15:36 | [Watcher#5402] (762757247561498634) EMBED SENT
2021-08-31 20:15:36 | [Watcher#5402] (762757247561498634) EMBED SENT
2021-08-31 20:15:36 | [Watcher#5402] (762757247561498634) EMBED SENT
2021-08-31 20:15:36 | [Watcher#5402] (762757247561498634) EMBED SENT
2021-08-31 20:15:36 | [Watcher#5402] (762757247561498634) EMBED SENT
2021-08-31 20:15:36 | [Watcher#5402] (762757247561498634) EMBED SENT
2021-08-31 20:15:36 | [Watcher#5402] (762757247561498634) EMBED SENT
2021-08-31 20:15:36 | [Watcher#5402] (762757247561498634) EMBED SENT
2021-08-31 20:15:36 | [Watcher#5402] (762757247561498634) EMBED SENT
2021-08-31 20:15:36 | [Watcher#5402] (762757247561498634) EMBED SENT
2021-08-31 20:15:36 | [Watcher#5402] (762757247561498634) EMBED SENT
2021-08-31 20:15:36 | [Watcher#5402] (762757247561498634) EMBED SENT
2021-08-31 20:15:36 | [Watcher#5402] (762757247561498634) EMBED SENT
2021-08-31 20:15:36 | [Watcher#5402] (762757247561498634) EMBED SENT
2021-08-31 20:15:36 | [Watcher#5402] (762757247561498634) EMBED SENT
2021-08-31 20:15:36 | [Watcher#5402] (762757247561498634) EMBED SENT
2021-08-31 20:15:36 | [Watcher#5402] (762757247561498634) EMBED SENT
2021-08-31 20:15:36 | [Watcher#5402] (762757247561498634) EMBED SENT
2021-08-31 20:15:36 | [Watcher#5402] (762757247561498634) EMBED SENT
2021-08-31 20:15:36 | [Watcher#5402] (762757247561498634) EMBED SENT
2021-08-31 20:15:36 | [Watcher#5402] (762757247561498634) EMBED SENT
2021-08-31 20:15:36 | [Watcher#5402] (762757247561498634) EMBED SENT
2021-08-31 20:15:36 | [Watcher#5402] (762757247561498634) EMBED SENT
2021-08-31 20:15:36 | [Watcher#5402] (762757247561498634) EMBED SENT
2021-08-31 20:15:36 | [Watcher#5402] (762757247561498634) EMBED SENT
2021-08-31 20:15:36 | [Watcher#5402] (762757247561498634) EMBED SENT
2021-08-31 20:15:36 | [Watcher#5402] (762757247561498634) EMBED SENT
2021-08-31 20:15:36 | [Watcher#5402] (762757247561498634) EMBED SENT
2021-08-31 20:15:36 | [Watcher#5402] (762757247561498634) EMBED SENT
2021-08-31 20:15:36 | [Watcher#5402] (762757247561498634) EMBED SENT
2021-08-31 20:15:36 | [Watcher#5402] (762757247561498634) EMBED SENT
2021-08-31 20:15:36 | [Watcher#5402] (762757247561498634) EMBED SENT
2021-08-31 20:15:36 | [Watcher#5402] (762757247561498634) EMBED SENT
2021-08-31 20:15:36 | [Watcher#5402] (762757247561498634) EMBED SENT
2021-08-31 20:15:36 | [Watcher#5402] (762757247561498634) EMBED SENT
2021-08-31 20:15:36 | [Watcher#5402] (762757247561498634) EMBED SENT
2021-08-31 20:15:36 | [Watcher#5402] (762757247561498634) EMBED SENT
2021-08-31 20:15:36 | [Watcher#5402] (762757247561498634) EMBED SENT
2021-08-31 20:15:36 | [Watcher#5402] (762757247561498634) EMBED SENT
2021-08-31 20:15:36 | [Watcher#5402] (762757247561498634) EMBED SENT
2021-08-31 20:15:36 | [Watcher#5402] (762757247561498634) EMBED SENT
2021-08-31 20:15:36 | [Watcher#5402] (762757247561498634) EMBED SENT
2021-08-31 20:15:36 | [Watcher#5402] (762757247561498634) EMBED SENT
2021-08-31 20:15:36 | [Watcher#5402] (762757247561498634) EMBED SENT
2021-08-31 20:15:36 | [Watcher#5402] (762757247561498634) EMBED SENT
2021-08-31 20:15:36 | [Watcher#5402] (762757247561498634) EMBED SENT
2021-08-31 20:15:36 | [Watcher#5402] (762757247561498634) EMBED SENT
2021-08-31 20:15:36 | [Watcher#5402] (762757247561498634) EMBED SENT
2021-08-31 20:15:36 | [Watcher#5402] (762757247561498634) EMBED SENT
2021-08-31 20:15:36 | [Watcher#5402] (762757247561498634) EMBED SENT
2021-08-31 20:15:36 | [Watcher#5402] (762757247561498634) EMBED SENT
2021-08-31 20:15:36 | [Watcher#5402] (762757247561498634) EMBED SENT
2021-08-31 20:15:36 | [Watcher#5402] (762757247561498634) EMBED SENT
2021-08-31 20:15:36 | [Watcher#5402] (762757247561498634) EMBED SENT
2021-08-31 20:15:36 | [Watcher#5402] (762757247561498634) EMBED SENT
2021-08-31 20:15:36 | [Watcher#5402] (762757247561498634) EMBED SENT
2021-08-31 20:15:36 | [Watcher#5402] (762757247561498634) EMBED SENT
2021-08-31 20:15:36 | [Watcher#5402] (762757247561498634) EMBED SENT
2021-08-31 20:15:36 | [Watcher#5402] (762757247561498634) EMBED SENT
2021-08-31 20:15:36 | [Watcher#5402] (762757247561498634) EMBED SENT
2021-08-31 20:15:36 | [Watcher#5402] (762757247561498634) EMBED SENT
2021-08-31 20:15:36 | [Watcher#5402] (762757247561498634) EMBED SENT
2021-08-31 20:15:36 | [Watcher#5402] (762757247561498634) EMBED SENT
2021-08-31 20:15:36 | [Watcher#5402] (762757247561498634) EMBED SENT
2021-08-31 20:15:36 | [Watcher#5402] (762757247561498634) EMBED SENT
2021-08-31 20:15:36 | [Watcher#5402] (762757247561498634) EMBED SENT
2021-08-31 20:15:36 | [Watcher#5402] (762757247561498634) EMBED SENT
2021-08-31 20:15:36 | [Watcher#5402] (762757247561498634) EMBED SENT
2021-08-31 20:15:36 | [Watcher#5402] (762757247561498634) EMBED SENT
2021-08-31 20:15:36 | [Watcher#5402] (762757247561498634) EMBED SENT
2021-08-31 20:15:36 | [Watcher#5402] (762757247561498634) EMBED SENT
2021-08-31 20:15:36 | [Watcher#5402] (762757247561498634) EMBED SENT
2021-08-31 20:15:36 | [Watcher#5402] (762757247561498634) EMBED SENT
2021-08-31 20:15:36 | [Watcher#5402] (762757247561498634) EMBED SENT
2021-08-31 20:15:36 | [Watcher#5402] (762757247561498634) EMBED SENT
2021-08-31 20:15:36 | [Watcher#5402] (762757247561498634) EMBED SENT
2021-08-31 20:15:36 | [Watcher#5402] (762757247561498634) EMBED SENT
2021-08-31 20:15:36 | [Watcher#5402] (762757247561498634) EMBED SENT
2021-08-31 20:15:36 | [Watcher#5402] (762757247561498634) EMBED SENT
2021-08-31 20:15:36 | [Watcher#5402] (762757247561498634) EMBED SENT
2021-08-31 20:15:36 | [Watcher#5402] (762757247561498634) EMBED SENT
2021-08-31 20:15:36 | [Watcher#5402] (762757247561498634) EMBED SENT
2021-08-31 20:15:36 | [Watcher#5402] (762757247561498634) EMBED SENT
2021-08-31 20:15:36 | [Watcher#5402] (762757247561498634) EMBED SENT
2021-08-31 20:15:36 | [Watcher#5402] (762757247561498634) EMBED SENT
2021-08-31 20:15:36 | [Watcher#5402] (762757247561498634) EMBED SENT
2021-08-31 20:15:36 | [Watcher#5402] (762757247561498634) EMBED SENT
2021-08-31 20:15:36 | [Watcher#5402] (762757247561498634) EMBED SENT
2021-08-31 20:15:36 | [Watcher#5402] (762757247561498634) EMBED SENT
2021-08-31 20:15:36 | [Watcher#5402] (762757247561498634) EMBED SENT
2021-08-31 20:15:36 | [Watcher#5402] (762757247561498634) EMBED SENT
2021-08-31 20:15:36 | [Watcher#5402] (762757247561498634) EMBED SENT
2021-08-31 20:15:36 | [Watcher#5402] (762757247561498634) EMBED SENT
2021-08-31 20:15:36 | [Watcher#5402] (762757247561498634) EMBED SENT
2021-08-31 20:15:36 | [Watcher#5402] (762757247561498634) EMBED SENT
2021-08-31 20:15:36 | [Watcher#5402] (762757247561498634) EMBED SENT
2021-08-31 20:15:36 | [Watcher#5402] (762757247561498634) EMBED SENT
2021-08-31 20:15:36 | [Watcher#5402] (762757247561498634) EMBED SENT
2021-08-31 20:15:36 | [Watcher#5402] (762757247561498634) EMBED SENT
2021-08-31 20:15:36 | [Watcher#5402] (762757247561498634) EMBED SENT
2021-08-31 20:15:36 | [Watcher#5402] (762757247561498634) EMBED SENT
2021-08-31 20:15:36 | [Watcher#5402] (762757247561498634) EMBED SENT
2021-08-31 20:15:36 | [Watcher#5402] (762757247561498634) EMBED SENT
2021-08-31 20:15:36 | [Watcher#5402] (762757247561498634) EMBED SENT
2021-08-31 20:15:36 | [Watcher#5402] (762757247561498634) EMBED SENT
2021-08-31 20:15:36 | [Watcher#5402] (762757247561498634) EMBED SENT
2021-08-31 20:15:36 | [Watcher#5402] (762757247561498634) EMBED SENT
2021-08-31 20:15:36 | [Watcher#5402] (762757247561498634) EMBED SENT
2021-08-31 20:15:36 | [Watcher#5402] (762757247561498634) EMBED SENT
2021-08-31 20:15:36 | [Watcher#5402] (762757247561498634) EMBED SENT
2021-08-31 20:15:36 | [Watcher#5402] (762757247561498634) EMBED SENT
2021-08-31 20:15:36 | [Watcher#5402] (762757247561498634) EMBED SENT
2021-08-31 20:15:36 | [Watcher#5402] (762757247561498634) EMBED SENT
2021-08-31 20:15:36 | [Watcher#5402] (762757247561498634) EMBED SENT
2021-08-31 20:15:36 | [Watcher#5402] (762757247561498634) EMBED SENT
2021-08-31 20:15:36 | [Watcher#5402] (762757247561498634) EMBED SENT
2021-08-31 20:15:36 | [Watcher#5402] (762757247561498634) EMBED SENT
2021-08-31 20:15:36 | [Watcher#5402] (762757247561498634) EMBED SENT
2021-08-31 20:15:36 | [Watcher#5402] (762757247561498634) EMBED SENT
2021-08-31 20:15:36 | [Watcher#5402] (762757247561498634) EMBED SENT
2021-08-31 20:15:36 | [Watcher#5402] (762757247561498634) EMBED SENT
2021-08-31 20:15:36 | [Watcher#5402] (762757247561498634) EMBED SENT
2021-08-31 20:15:36 | [Watcher#5402] (762757247561498634) EMBED SENT
2021-08-31 20:15:36 | [Watcher#5402] (762757247561498634) EMBED SENT
2021-08-31 20:15:36 | [Watcher#5402] (762757247561498634) EMBED SENT
2021-08-31 20:15:36 | [Watcher#5402] (762757247561498634) EMBED SENT
2021-08-31 20:15:36 | [Watcher#5402] (762757247561498634) EMBED SENT
2021-08-31 20:15:36 | [Watcher#5402] (762757247561498634) EMBED SENT
2021-08-31 20:15:36 | [Watcher#5402] (762757247561498634) EMBED SENT
2021-08-31 20:15:36 | [Watcher#5402] (762757247561498634) EMBED SENT
2021-08-31 20:15:36 | [Watcher#5402] (762757247561498634) EMBED SENT
2021-08-31 20:15:36 | [Watcher#5402] (762757247561498634) EMBED SENT
2021-08-31 20:15:36 | [Watcher#5402] (762757247561498634) EMBED SENT
2021-08-31 20:15:36 | [Watcher#5402] (762757247561498634) EMBED SENT
2021-08-31 20:15:36 | [Watcher#5402] (762757247561498634) EMBED SENT
2021-08-31 20:15:36 | [Watcher#5402] (762757247561498634) EMBED SENT
2021-08-31 20:15:36 | [Watcher#5402] (762757247561498634) EMBED SENT
2021-08-31 20:15:36 | [Watcher#5402] (762757247561498634) EMBED SENT
2021-08-31 20:15:36 | [Watcher#5402] (762757247561498634) EMBED SENT
2021-08-31 20:15:36 | [Watcher#5402] (762757247561498634) EMBED SENT
2021-08-31 20:15:36 | [Watcher#5402] (762757247561498634) EMBED SENT
2021-08-31 20:15:36 | [Watcher#5402] (762757247561498634) EMBED SENT
2021-08-31 20:15:36 | [Watcher#5402] (762757247561498634) EMBED SENT
2021-08-31 20:15:36 | [Watcher#5402] (762757247561498634) EMBED SENT
2021-08-31 20:15:36 | [Watcher#5402] (762757247561498634) EMBED SENT
2021-08-31 21:50:06 | [Watcher#5402] (762757247561498634) EMBED SENT
2021-08-31 21:50:06 | [Watcher#5402] (762757247561498634) EMBED SENT
2021-08-31 21:50:06 | [Watcher#5402] (762757247561498634) EMBED SENT
2021-08-31 21:50:06 | [Watcher#5402] (762757247561498634) EMBED SENT
2021-08-31 21:50:06 | [Watcher#5402] (762757247561498634) EMBED SENT
2021-08-31 21:50:06 | [Watcher#5402] (762757247561498634) EMBED SENT
2021-08-31 21:50:06 | [Watcher#5402] (762757247561498634) EMBED SENT
2021-08-31 21:50:06 | [Watcher#5402] (762757247561498634) EMBED SENT
2021-08-31 21:50:06 | [Watcher#5402] (762757247561498634) EMBED SENT
2021-08-31 21:50:06 | [Watcher#5402] (762757247561498634) EMBED SENT
2021-08-31 21:50:06 | [Watcher#5402] (762757247561498634) EMBED SENT
2021-08-31 21:50:06 | [Watcher#5402] (762757247561498634) EMBED SENT
2021-08-31 21:50:06 | [Watcher#5402] (762757247561498634) EMBED SENT
2021-08-31 21:50:06 | [Watcher#5402] (762757247561498634) EMBED SENT
2021-08-31 21:50:06 | [Watcher#5402] (762757247561498634) EMBED SENT
2021-08-31 21:50:06 | [Watcher#5402] (762757247561498634) EMBED SENT
2021-08-31 21:50:06 | [Watcher#5402] (762757247561498634) EMBED SENT
2021-08-31 21:50:06 | [Watcher#5402] (762757247561498634) EMBED SENT
2021-08-31 21:50:06 | [Watcher#5402] (762757247561498634) EMBED SENT
2021-08-31 21:50:06 | [Watcher#5402] (762757247561498634) EMBED SENT
2021-08-31 21:50:06 | [Watcher#5402] (762757247561498634) EMBED SENT
2021-08-31 21:50:06 | [Watcher#5402] (762757247561498634) EMBED SENT
2021-08-31 21:50:06 | [Watcher#5402] (762757247561498634) EMBED SENT
2021-08-31 21:50:06 | [Watcher#5402] (762757247561498634) EMBED SENT
2021-08-31 21:50:06 | [Watcher#5402] (762757247561498634) EMBED SENT
2021-08-31 21:50:06 | [Watcher#5402] (762757247561498634) EMBED SENT
2021-08-31 21:50:06 | [Watcher#5402] (762757247561498634) EMBED SENT
2021-08-31 21:50:06 | [Watcher#5402] (762757247561498634) EMBED SENT
2021-08-31 21:50:06 | [Watcher#5402] (762757247561498634) EMBED SENT
2021-08-31 22:05:41 | [Watcher#5402] (762757247561498634) EMBED SENT
2021-08-31 22:05:41 | [Watcher#5402] (762757247561498634) EMBED SENT
2021-08-31 22:05:41 | [Watcher#5402] (762757247561498634) EMBED SENT
2021-08-31 22:05:41 | [Watcher#5402] (762757247561498634) EMBED SENT
2021-08-31 22:05:41 | [Watcher#5402] (762757247561498634) EMBED SENT
2021-08-31 22:05:41 | [Watcher#5402] (762757247561498634) EMBED SENT
2021-08-31 22:05:41 | [Watcher#5402] (762757247561498634) EMBED SENT
2021-08-31 22:05:41 | [Watcher#5402] (762757247561498634) EMBED SENT
2021-08-31 22:05:41 | [Watcher#5402] (762757247561498634) EMBED SENT
2021-08-31 22:05:41 | [Watcher#5402] (762757247561498634) EMBED SENT
2021-08-31 22:05:41 | [Watcher#5402] (762757247561498634) EMBED SENT
2021-08-31 22:05:41 | [Watcher#5402] (762757247561498634) EMBED SENT
2021-08-31 22:05:41 | [Watcher#5402] (762757247561498634) EMBED SENT
2021-08-31 22:05:41 | [Watcher#5402] (762757247561498634) EMBED SENT
2021-08-31 22:05:41 | [Watcher#5402] (762757247561498634) EMBED SENT
2021-08-31 22:05:41 | [Watcher#5402] (762757247561498634) EMBED SENT
2021-08-31 22:05:41 | [Watcher#5402] (762757247561498634) EMBED SENT
2021-08-31 22:05:41 | [Watcher#5402] (762757247561498634) EMBED SENT
2021-08-31 22:05:41 | [Watcher#5402] (762757247561498634) EMBED SENT
2021-08-31 22:05:41 | [Watcher#5402] (762757247561498634) EMBED SENT
2021-08-31 22:05:41 | [Watcher#5402] (762757247561498634) EMBED SENT
2021-08-31 22:05:41 | [Watcher#5402] (762757247561498634) EMBED SENT
2021-08-31 22:05:41 | [Watcher#5402] (762757247561498634) EMBED SENT
2021-08-31 22:05:41 | [Watcher#5402] (762757247561498634) EMBED SENT
2021-08-31 22:05:41 | [Watcher#5402] (762757247561498634) EMBED SENT
2021-08-31 22:05:41 | [Watcher#5402] (762757247561498634) EMBED SENT
2021-08-31 22:05:41 | [Watcher#5402] (762757247561498634) EMBED SENT
2021-08-31 22:05:41 | [Watcher#5402] (762757247561498634) EMBED SENT
2021-08-31 22:05:41 | [Watcher#5402] (762757247561498634) EMBED SENT
2021-08-31 22:05:41 | [Watcher#5402] (762757247561498634) EMBED SENT
2021-08-31 22:05:41 | [Watcher#5402] (762757247561498634) EMBED SENT
2021-08-31 22:05:41 | [Watcher#5402] (762757247561498634) EMBED SENT
2021-08-31 22:05:41 | [Watcher#5402] (762757247561498634) EMBED SENT
2021-08-31 22:05:41 | [Watcher#5402] (762757247561498634) EMBED SENT
2021-08-31 22:05:41 | [Watcher#5402] (762757247561498634) EMBED SENT
2021-08-31 22:05:41 | [Watcher#5402] (762757247561498634) EMBED SENT
2021-08-31 22:05:41 | [Watcher#5402] (762757247561498634) EMBED SENT
2021-08-31 22:05:41 | [Watcher#5402] (762757247561498634) EMBED SENT
2021-08-31 22:05:41 | [Watcher#5402] (762757247561498634) EMBED SENT
2021-08-31 22:05:41 | [Watcher#5402] (762757247561498634) EMBED SENT
2021-08-31 22:05:41 | [Watcher#5402] (762757247561498634) EMBED SENT
2021-08-31 22:05:41 | [Watcher#5402] (762757247561498634) EMBED SENT
2021-08-31 22:05:41 | [Watcher#5402] (762757247561498634) EMBED SENT
2021-08-31 22:05:41 | [Watcher#5402] (762757247561498634) EMBED SENT
2021-08-31 22:05:41 | [Watcher#5402] (762757247561498634) EMBED SENT
2021-08-31 22:05:41 | [Watcher#5402] (762757247561498634) EMBED SENT
2021-08-31 22:05:41 | [Watcher#5402] (762757247561498634) EMBED SENT
2021-08-31 22:05:41 | [Watcher#5402] (762757247561498634) EMBED SENT
2021-08-31 22:05:41 | [Watcher#5402] (762757247561498634) EMBED SENT
2021-08-31 22:05:41 | [Watcher#5402] (762757247561498634) EMBED SENT
2021-08-31 22:05:41 | [Watcher#5402] (762757247561498634) EMBED SENT
2021-08-31 22:05:41 | [Watcher#5402] (762757247561498634) EMBED SENT
2021-08-31 22:05:41 | [Watcher#5402] (762757247561498634) EMBED SENT
2021-08-31 22:05:41 | [Watcher#5402] (762757247561498634) EMBED SENT
2021-08-31 22:05:41 | [Watcher#5402] (762757247561498634) EMBED SENT
2021-08-31 22:05:41 | [Watcher#5402] (762757247561498634) EMBED SENT
2021-08-31 22:05:41 | [Watcher#5402] (762757247561498634) EMBED SENT
2021-08-31 22:05:41 | [Watcher#5402] (762757247561498634) EMBED SENT
2021-08-31 22:05:41 | [Watcher#5402] (762757247561498634) EMBED SENT
2021-08-31 22:05:41 | [Watcher#5402] (762757247561498634) EMBED SENT
2021-08-31 22:05:41 | [Watcher#5402] (762757247561498634) EMBED SENT
2021-08-31 22:05:41 | [Watcher#5402] (762757247561498634) EMBED SENT
2021-08-31 22:05:41 | [Watcher#5402] (762757247561498634) EMBED SENT
2021-08-31 22:05:41 | [Watcher#5402] (762757247561498634) EMBED SENT
2021-08-31 22:05:41 | [Watcher#5402] (762757247561498634) EMBED SENT
2021-08-31 22:05:41 | [Watcher#5402] (762757247561498634) EMBED SENT
2021-08-31 22:05:41 | [Watcher#5402] (762757247561498634) EMBED SENT
2021-08-31 22:05:41 | [Watcher#5402] (762757247561498634) EMBED SENT
2021-08-31 22:05:41 | [Watcher#5402] (762757247561498634) EMBED SENT
2021-08-31 22:05:41 | [Watcher#5402] (762757247561498634) EMBED SENT
2021-08-31 22:05:41 | [Watcher#5402] (762757247561498634) EMBED SENT
2021-08-31 22:05:41 | [Watcher#5402] (762757247561498634) EMBED SENT
2021-08-31 22:05:41 | [Watcher#5402] (762757247561498634) EMBED SENT
2021-08-31 22:05:41 | [Watcher#5402] (762757247561498634) EMBED SENT
2021-08-31 22:05:41 | [Watcher#5402] (762757247561498634) EMBED SENT
2021-08-31 22:05:41 | [Watcher#5402] (762757247561498634) EMBED SENT
2021-08-31 22:05:41 | [Watcher#5402] (762757247561498634) EMBED SENT
2021-08-31 22:05:41 | [Watcher#5402] (762757247561498634) EMBED SENT
2021-08-31 22:05:41 | [Watcher#5402] (762757247561498634) EMBED SENT
2021-08-31 22:05:41 | [Watcher#5402] (762757247561498634) EMBED SENT
2021-08-31 22:05:41 | [Watcher#5402] (762757247561498634) EMBED SENT
2021-08-31 22:05:41 | [Watcher#5402] (762757247561498634) EMBED SENT
2021-08-31 22:05:41 | [Watcher#5402] (762757247561498634) EMBED SENT
2021-08-31 22:05:41 | [Watcher#5402] (762757247561498634) EMBED SENT
2021-08-31 22:05:41 | [Watcher#5402] (762757247561498634) EMBED SENT
2021-08-31 22:05:41 | [Watcher#5402] (762757247561498634) EMBED SENT
2021-08-31 22:05:41 | [Watcher#5402] (762757247561498634) EMBED SENT
2021-08-31 22:05:41 | [Watcher#5402] (762757247561498634) EMBED SENT
2021-08-31 23:14:40 | [Watcher#5402] (762757247561498634) EMBED SENT
2021-08-31 23:19:59 | [Watcher#5402] (762757247561498634) EMBED SENT
2021-08-31 23:19:59 | [Watcher#5402] (762757247561498634) EMBED SENT
2021-08-31 23:19:59 | [Watcher#5402] (762757247561498634) EMBED SENT
2021-08-31 23:19:59 | [Watcher#5402] (762757247561498634) EMBED SENT
2021-08-31 23:19:59 | [Watcher#5402] (762757247561498634) EMBED SENT
2021-08-31 23:21:31 | [Watcher#5402] (762757247561498634) EMBED SENT
