2021-08-31 16:51:50 | [Lukabazuka2004#1159] (663435974029737995) Content: Swimming is the best sport
2021-08-31 16:51:50 | [rhianna#0043] (457956464326344714) Content: i wouldn’t know i can’t swim
2021-08-31 16:51:50 | [iPirie#8558] (436876982794452992) Content: O_O
2021-08-31 16:51:50 | [iPirie#8558] (436876982794452992) Content: didnt they teach you in secondary?
2021-08-31 16:51:50 | [rhianna#0043] (457956464326344714) Content: no
2021-08-31 16:51:50 | [iPirie#8558] (436876982794452992) Content: oof
2021-08-31 16:51:50 | [iPirie#8558] (436876982794452992) Content: like not even  a bit
2021-08-31 16:51:50 | [rhianna#0043] (457956464326344714) Content: why would they?
2021-08-31 16:51:50 | [Not Gator#0002] (756383660881608774) Content: just move your legs and arms
2021-08-31 16:51:50 | [iPirie#8558] (436876982794452992) Content: they did for us like a bit
2021-08-31 16:51:50 | [Not Gator#0002] (756383660881608774) Content: swimming is fun
2021-08-31 16:51:50 | [rhianna#0043] (457956464326344714) Content: wow gee thanks gator
2021-08-31 16:51:50 | [iPirie#8558] (436876982794452992) Content: they made sure that everyone could at least not drown
2021-08-31 16:51:50 | [iPirie#8558] (436876982794452992) Content: love swimming
2021-08-31 16:51:50 | [rhianna#0043] (457956464326344714) Content: did you have a pool at ur school
2021-08-31 16:51:50 | [iPirie#8558] (436876982794452992) Content: nah
2021-08-31 16:51:50 | [Lukabazuka2004#1159] (663435974029737995) Content: I learned by myself and my primary school took me and also it’s the best cause u don’t feel the dripping sweat while exercising
2021-08-31 16:51:50 | [rhianna#0043] (457956464326344714) Content: my@promary@school took me for like 5 weeks but didn’t bother yea high me
2021-08-31 16:51:50 | [rhianna#0043] (457956464326344714) Content: i cba to fix that
2021-08-31 16:51:50 | [iPirie#8558] (436876982794452992) Content: dont exactly have the physique for it
2021-08-31 16:51:50 | [iPirie#8558] (436876982794452992) Content: but
2021-08-31 16:51:50 | [iPirie#8558] (436876982794452992) Content: eh
2021-08-31 16:51:50 | [rhianna#0043] (457956464326344714) Content: figure it out yourself
2021-08-31 16:51:50 | [iPirie#8558] (436876982794452992) Content: lol
2021-08-31 18:05:56 | [Not Gator#0002] (756383660881608774) Content: np i suggest practicing in the ocean
2021-08-31 18:06:48 | [rhianna#0043] (457956464326344714) Content: thanks i’ll keep that in mind
2021-08-31 18:06:48 | [Karrotz#6279] (259739180660162561) Content: a super deep one?
2021-08-31 18:06:48 | [Karrotz#6279] (259739180660162561) Content: best place for beginners no?
2021-08-31 18:06:48 | [Lukabazuka2004#1159] (663435974029737995) Content: The ocean is like the best place and the worst place, it’s good since there’s like infinite water to swim around and very bad cause idk what lives in there or what could attack me Within the depths of the sea
2021-08-31 18:06:48 | [Karrotz#6279] (259739180660162561) Content: the unknown is usually pretty scary
2021-08-31 18:06:48 | [Lukabazuka2004#1159] (663435974029737995) Content: That’s like what everyone is afraid of
2021-08-31 18:06:48 | [Karrotz#6279] (259739180660162561) Content: just do some marine studies applicable to the area youre swimming in and i'm sure that'll be comforting
2021-08-31 18:06:48 | [Karrotz#6279] (259739180660162561) Content: or even more terrifying depending on the outcome of what you find
2021-08-31 18:06:48 | [Lukabazuka2004#1159] (663435974029737995) Content: Yh but what if like a new species recently appeared out of nowhere and killed like millions that’s what I’m afraid of
2021-08-31 18:06:48 | [Karrotz#6279] (259739180660162561) Content: if it's restricted to the sea we'd be relatively safe
2021-08-31 18:06:48 | [Karrotz#6279] (259739180660162561) Content: I mean due to cargo ships and other trade vessels not being able to use the sea a lot of places would just die out because plane transport isnt really realistic for that amount of supplies
2021-08-31 18:06:48 | [Not Gator#0002] (756383660881608774) Content: yup as deep as can be
2021-08-31 18:06:48 | [Lukabazuka2004#1159] (663435974029737995) Content: Go to the marina trench then
2021-08-31 18:06:48 | [rhianna#0043] (457956464326344714) Content: maybe i just won’t learn
2021-08-31 19:12:07 | [rhianna#0043] (457956464326344714) Content: i’m obvs already talented enough
2021-08-31 19:12:07 | [matt.#5555] (265905443086401537) Content: cant believe that
2021-08-31 19:12:07 | [Not Gator#0002] (756383660881608774) Content: same
2021-08-31 19:12:07 | [rhianna#0043] (457956464326344714) Content: matt j have a video of my balloon thing
2021-08-31 19:12:07 | [rhianna#0043] (457956464326344714) Content: that’s talent
2021-08-31 19:12:07 | [matt.#5555] (265905443086401537) Content: omg?
2021-08-31 19:12:07 | [matt.#5555] (265905443086401537) Content: I need to see this
2021-08-31 19:12:07 | [rhianna#0043] (457956464326344714) Content: i’ll email
2021-08-31 19:12:07 | [rhianna#0043] (457956464326344714) Content: dmI
2021-08-31 19:12:07 | [matt.#5555] (265905443086401537) Content: EMAIL?
2021-08-31 19:12:07 | [rhianna#0043] (457956464326344714) Content: not email
2021-08-31 19:12:07 | [rhianna#0043] (457956464326344714) Content: dm
2021-08-31 19:12:07 | [matt.#5555] (265905443086401537) Content: LOL ok
2021-08-31 19:12:07 | [matt.#5555] (265905443086401537) Content: 🙄
2021-08-31 19:14:06 | [Not Gator#0002] (756383660881608774) Content: someone still lives in 2007
2021-08-31 19:14:06 | [rhianna#0043] (457956464326344714) Content: stfu
2021-08-31 19:14:06 | [Not Gator#0002] (756383660881608774) Content: will do
2021-08-31 19:14:06 | [Not Gator#0002] (756383660881608774) Content: ill just type insteadf
2021-08-31 19:14:06 | [rhianna#0043] (457956464326344714) Content: says the one who hasn’t replied to me in 2 days 🙄
2021-08-31 19:14:06 | [Not Gator#0002] (756383660881608774) Content: yup
2021-08-31 19:14:06 | [rhianna#0043] (457956464326344714) Content: :,))
2021-08-31 19:14:06 | [Not Gator#0002] (756383660881608774) Content: will reply tomorrow, my schedule is full
2021-08-31 19:14:06 | [matt.#5555] (265905443086401537) Content: fully booked?
2021-08-31 19:14:06 | [Not Gator#0002] (756383660881608774) Content: busy man you know
2021-08-31 19:14:06 | [matt.#5555] (265905443086401537) Content: can I book a slot
2021-08-31 19:14:06 | [Not Gator#0002] (756383660881608774) Content: yeah
2021-08-31 19:14:06 | [rhianna#0043] (457956464326344714) Content: okay i’ll be waiting for the reply
2021-08-31 19:14:06 | [matt.#5555] (265905443086401537) Content: tomorrow morning 9am?
2021-08-31 19:14:06 | [Not Gator#0002] (756383660881608774) Content: sure next slot is saturday
2021-08-31 19:14:06 | [matt.#5555] (265905443086401537) Content: SATURDAY?
2021-08-31 19:14:06 | [matt.#5555] (265905443086401537) Content: fine
2021-08-31 19:14:06 | [Not Gator#0002] (756383660881608774) Content: yuh
2021-08-31 19:14:06 | [matt.#5555] (265905443086401537) Content: what times are available
2021-08-31 19:14:06 | [rhianna#0043] (457956464326344714) Content: yikes you’re a busy guy
2021-08-31 19:14:06 | [Not Gator#0002] (756383660881608774) Content: 12am
2021-08-31 19:14:06 | [matt.#5555] (265905443086401537) Content: AM?
2021-08-31 19:14:06 | [matt.#5555] (265905443086401537) Content: fine.
2021-08-31 19:14:06 | [rhianna#0043] (457956464326344714) Content: do either of you want anything from tesco
2021-08-31 19:14:06 | [Not Gator#0002] (756383660881608774) Content: yep
2021-08-31 19:14:06 | [Not Gator#0002] (756383660881608774) Content: huh
2021-08-31 19:14:06 | [Not Gator#0002] (756383660881608774) Content: fr?
2021-08-31 19:14:06 | [matt.#5555] (265905443086401537) Content: duckling
2021-08-31 19:14:06 | [rhianna#0043] (457956464326344714) Content: no
2021-08-31 19:14:06 | [matt.#5555] (265905443086401537) Content: 6 please
2021-08-31 19:14:06 | [Not Gator#0002] (756383660881608774) Content: wow
2021-08-31 19:14:06 | [matt.#5555] (265905443086401537) Content: oh
2021-08-31 19:14:06 | [matt.#5555] (265905443086401537) Content: thats cold
2021-08-31 19:14:06 | [rhianna#0043] (457956464326344714) Content: even if i were to buy you shit how would i give it you
2021-08-31 19:14:06 | [rhianna#0043] (457956464326344714) Content: duh
2021-08-31 19:14:06 | [Not Gator#0002] (756383660881608774) Content: ill trade you 2 pounds for a bag of cookies
2021-08-31 19:14:06 | [Not Gator#0002] (756383660881608774) Content: you gain 80p
2021-08-31 19:14:06 | [Not Gator#0002] (756383660881608774) Content: or what idk the price
2021-08-31 19:14:06 | [rhianna#0043] (457956464326344714) Content: bet
2021-08-31 19:14:06 | [Not Gator#0002] (756383660881608774) Content: i mean you might be losing money there 😎
2021-08-31 19:14:06 | [rhianna#0043] (457956464326344714) Content: true
2021-08-31 19:14:06 | [rhianna#0043] (457956464326344714) Content: in that case
2021-08-31 19:14:06 | [rhianna#0043] (457956464326344714) Content: no
2021-08-31 19:14:06 | [matt.#5555] (265905443086401537) Content: this sounds like a good deal
2021-08-31 19:14:06 | [Not Gator#0002] (756383660881608774) Content: yo matt wanna do the trade instead?
2021-08-31 19:14:06 | [matt.#5555] (265905443086401537) Content: yoo sure
2021-08-31 19:14:06 | [matt.#5555] (265905443086401537) Content: and I'll give you a 50% discount
2021-08-31 19:14:06 | [Not Gator#0002] (756383660881608774) Content: nah
2021-08-31 19:14:06 | [Not Gator#0002] (756383660881608774) Content: 2 pounds
2021-08-31 19:14:06 | [Not Gator#0002] (756383660881608774) Content: ||dont tell anna but its actually +80p||
2021-08-31 19:14:06 | [matt.#5555] (265905443086401537) Content: £2.01
2021-08-31 19:14:06 | [rhianna#0043] (457956464326344714) Content: wow
2021-08-31 19:14:06 | [rhianna#0043] (457956464326344714) Content: dOnT teLL AnNa
2021-08-31 19:14:06 | [Not Gator#0002] (756383660881608774) Content: shoulda researched more
2021-08-31 19:14:06 | [matt.#5555] (265905443086401537) Content: fool
2021-08-31 19:14:06 | [matt.#5555] (265905443086401537) Content: rookie mistake
2021-08-31 19:14:06 | [Not Gator#0002] (756383660881608774) Content: yup
2021-08-31 19:14:06 | [Not Gator#0002] (756383660881608774) Content: true
2021-08-31 19:14:06 | [rhianna#0043] (457956464326344714) Content: i don’t want your money anyway 🙄
2021-08-31 19:14:06 | [matt.#5555] (265905443086401537) Content: lies you desperately want his money
2021-08-31 19:14:06 | [Not Gator#0002] (756383660881608774) Content: damn
2021-08-31 19:14:06 | [rhianna#0043] (457956464326344714) Content: i actually have £120
2021-08-31 19:14:06 | [Not Gator#0002] (756383660881608774) Content: OH MY GOD
2021-08-31 19:14:06 | [Not Gator#0002] (756383660881608774) Content: WoW
2021-08-31 19:14:06 | [matt.#5555] (265905443086401537) Content: anna's networth right there
2021-08-31 19:14:06 | [rhianna#0043] (457956464326344714) Content: not much but it’s not nothing
2021-08-31 19:14:06 | [Not Gator#0002] (756383660881608774) Content: rich
2021-08-31 19:14:06 | [rhianna#0043] (457956464326344714) Content: 😭🙄
2021-08-31 19:14:06 | [matt.#5555] (265905443086401537) Content: basically elon musk
2021-08-31 19:14:06 | [Not Gator#0002] (756383660881608774) Content: yeah
2021-08-31 19:14:06 | [rhianna#0043] (457956464326344714) Content: i’m worth more than 120@stfu
2021-08-31 19:14:06 | [rhianna#0043] (457956464326344714) Content: actually nah
2021-08-31 19:14:06 | [matt.#5555] (265905443086401537) Content: + £10 for human life
2021-08-31 19:14:06 | [rhianna#0043] (457956464326344714) Content: i’m not you’re right
2021-08-31 19:14:06 | [matt.#5555] (265905443086401537) Content: - £5 because its a stupid human life
2021-08-31 19:14:06 | [Not Gator#0002] (756383660881608774) Content: i would agree but i think thats slavery
2021-08-31 19:14:06 | [matt.#5555] (265905443086401537) Content: ah...
2021-08-31 19:14:06 | [matt.#5555] (265905443086401537) Content: well..
2021-08-31 19:14:06 | [rhianna#0043] (457956464326344714) Content: yikes
2021-08-31 19:14:06 | [matt.#5555] (265905443086401537) Content: now that is awkward
2021-08-31 19:14:06 | [rhianna#0043] (457956464326344714) Content: odds on i get a five guys rn
2021-08-31 19:14:06 | [matt.#5555] (265905443086401537) Content: 1.4/10
2021-08-31 19:14:06 | [Not Gator#0002] (756383660881608774) Content: why do people hate five guys
2021-08-31 19:14:06 | [matt.#5555] (265905443086401537) Content: ive never been
2021-08-31 19:14:06 | [rhianna#0043] (457956464326344714) Content: neither
2021-08-31 19:14:06 | [Not Gator#0002] (756383660881608774) Content: i get its expensive but you get so much for it
2021-08-31 19:14:06 | [Not Gator#0002] (756383660881608774) Content: like what, 4 quid or 5 a burger and fries 3 quid
2021-08-31 19:14:06 | [matt.#5555] (265905443086401537) Content: damn
2021-08-31 19:14:06 | [Not Gator#0002] (756383660881608774) Content: the fries literally fill up half a bad
2021-08-31 19:14:06 | [Not Gator#0002] (756383660881608774) Content: bag'
2021-08-31 19:14:06 | [rhianna#0043] (457956464326344714) Content: i don’t like@ burgers
2021-08-31 19:14:06 | [matt.#5555] (265905443086401537) Content: samezies
2021-08-31 19:14:06 | [rhianna#0043] (457956464326344714) Content: wooo go us
2021-08-31 19:14:06 | [Not Gator#0002] (756383660881608774) Content: shut
2021-08-31 19:14:06 | [Not Gator#0002] (756383660881608774) Content: shit
2021-08-31 19:14:06 | [matt.#5555] (265905443086401537) Content: oh
2021-08-31 19:14:06 | [Not Gator#0002] (756383660881608774) Content: i didnt know the vegans invaded already
2021-08-31 19:14:06 | [matt.#5555] (265905443086401537) Content: Im not a vegan 😠
2021-08-31 19:14:06 | [rhianna#0043] (457956464326344714) Content: neither
2021-08-31 19:14:06 | [rhianna#0043] (457956464326344714) Content: burgers are just gross
2021-08-31 19:14:06 | [matt.#5555] (265905443086401537) Content: 📠
2021-08-31 19:14:06 | [matt.#5555] (265905443086401537) Content: !s
2021-08-31 19:14:06 | [rhianna#0043] (457956464326344714) Content: mhm@mym
2021-08-31 19:14:06 | [Not Gator#0002] (756383660881608774) Content: well i mean i definitely dont see matt as a vehgan
2021-08-31 19:14:06 | [Not Gator#0002] (756383660881608774) Content: vegan
2021-08-31 19:14:06 | [rhianna#0043] (457956464326344714) Content: okay i’m at tesco
2021-08-31 19:14:06 | [matt.#5555] (265905443086401537) Content: :)
2021-08-31 19:14:06 | [matt.#5555] (265905443086401537) Content: im a vegetarian tho
2021-08-31 19:24:00 | [rhianna#0043] (457956464326344714) Content: yikes
2021-08-31 19:24:00 | [rhianna#0043] (457956464326344714) Content: good
2021-08-31 19:24:00 | [matt.#5555] (265905443086401537) Content: <@!556178445835698213> (fuck you)
2021-08-31 19:24:00 | [R0MARI0#0591] (556178445835698213) Content: duck you vegan
2021-08-31 19:24:00 | [matt.#5555] (265905443086401537) Content: duck
2021-08-31 19:25:00 | [matt.#5555] (265905443086401537) Content: i will steal them from u but sure
2021-08-31 19:25:00 | [Not Gator#0002] (756383660881608774) Content: tesco doughnuts are crap
2021-08-31 19:25:00 | [R0MARI0#0591] (556178445835698213) Content: rea;
2021-08-31 19:25:00 | [Not Gator#0002] (756383660881608774) Content: marks and spencers yumnuts are the best doughnuts i think
2021-08-31 19:25:00 | [R0MARI0#0591] (556178445835698213) rea; ➜ Content: real
2021-08-31 19:25:00 | [rhianna#0043] (457956464326344714) Content: n how will you do that
2021-08-31 19:25:00 | [rhianna#0043] (457956464326344714) Content: imma get krispy kreme
2021-08-31 19:25:00 | [Not Gator#0002] (756383660881608774) Content: overrated
2021-08-31 19:25:00 | [matt.#5555] (265905443086401537) Content: rip ur money
2021-08-31 19:28:49 | [rhianna#0043] (457956464326344714) Content: no so good
2021-08-31 19:28:49 | [Not Gator#0002] (756383660881608774) Content: oops fuck i just messaged my mum 'pls'
2021-08-31 19:28:49 | [chocfrog#6214] (237231509872967680) Content: krispy kreme overcharges
2021-08-31 19:28:49 | [Not Gator#0002] (756383660881608774) Content: this is true
2021-08-31 19:28:49 | [Not Gator#0002] (756383660881608774) Content: id rather buy a 5 bag of tescos doughnuts
2021-08-31 19:28:49 | [rhianna#0043] (457956464326344714) Content: what’s everyones go to krispy kreme
2021-08-31 19:28:49 | [Not Gator#0002] (756383660881608774) Content: or 4 idk how many there are
2021-08-31 19:28:49 | [Not Gator#0002] (756383660881608774) Content: the air supreme
2021-08-31 19:28:49 | [Not Gator#0002] (756383660881608774) Content: its made of air
2021-08-31 19:28:49 | [Not Gator#0002] (756383660881608774) Content: since i dont have one
2021-08-31 19:28:49 | [rhianna#0043] (457956464326344714) Content: wow
2021-08-31 19:28:49 | [chocfrog#6214] (237231509872967680) Content: urm
2021-08-31 19:28:49 | [chocfrog#6214] (237231509872967680) Content: none
2021-08-31 19:28:49 | [chocfrog#6214] (237231509872967680) Content: i dont go there rlly
2021-08-31 19:28:49 | [rhianna#0043] (457956464326344714) Content: oh
2021-08-31 19:28:49 | [dapper#0168] (520991280914759681) Content: krispy kreme dissapoints
2021-08-31 19:28:49 | [matt.#5555] (265905443086401537) Content: oop
2021-08-31 19:28:49 | [matt.#5555] (265905443086401537) Content: ive never had
2021-08-31 19:28:49 | [matt.#5555] (265905443086401537) Content: they so expensive and i dont even like donuts that much
2021-08-31 19:28:49 | [matt.#5555] (265905443086401537) Content: like i aint paying that much
2021-08-31 19:44:57 | [Not Gator#0002] (756383660881608774) Content: 😭 😭 😫 fake friend
2021-08-31 19:49:02 | [matt.#5555] (265905443086401537) Content: <@!457956464326344714> playing roblox? gasp
2021-08-31 19:49:02 | [Not Gator#0002] (756383660881608774) Content: yeah no playing roblox can make unswag people swag
2021-08-31 19:49:02 | [Not Gator#0002] (756383660881608774) yeah no playing roblox can make unswag people swag ➜ Content: yeah playing roblox can make unswag people swag
2021-08-31 19:49:02 | [rhianna#0043] (457956464326344714) Content: nah not me
2021-08-31 19:49:02 | [rhianna#0043] (457956464326344714) Content: my disc is connected to my sisters laptop
2021-08-31 19:49:02 | [rhianna#0043] (457956464326344714) Content: im still on the way home from tes i
2021-08-31 19:49:02 | [rhianna#0043] (457956464326344714) im still on the way home from tes i ➜ Content: im still on the way home from tesco
2021-08-31 19:49:02 | [rhianna#0043] (457956464326344714) Content: who said we were friends 🙄
2021-08-31 19:49:02 | [iPirie#8558] (436876982794452992) Content: how bloody long where you at tesco
2021-08-31 19:49:02 | [Not Gator#0002] (756383660881608774) Content: ouch
2021-08-31 19:49:02 | [rhianna#0043] (457956464326344714) Content: idk o left at like 20 to
2021-08-31 19:49:02 | [matt.#5555] (265905443086401537) Content: GRAB ME DUCKLINGS
2021-08-31 19:49:02 | [rhianna#0043] (457956464326344714) Content: im almost home now soz
2021-08-31 19:49:02 | [Not Gator#0002] (756383660881608774) Content: you remind me of a mushroom
2021-08-31 19:49:02 | [rhianna#0043] (457956464326344714) Content: and why’s that
2021-08-31 19:49:02 | [rhianna#0043] (457956464326344714) Content: i have a mushroom on my bracelet
2021-08-31 19:49:02 | [Not Gator#0002] (756383660881608774) Content: cool story but thats not what i said
2021-08-31 19:49:02 | [Not Gator#0002] (756383660881608774) Content: let me be more specific: a red mushroom
2021-08-31 19:49:02 | [rhianna#0043] (457956464326344714) Content: tjat doesn’t make any difference
2021-08-31 19:49:02 | [rhianna#0043] (457956464326344714) Content: you expect ME to know about mushrooms?
2021-08-31 19:49:02 | [matt.#5555] (265905443086401537) Content: Why wouldn't you
2021-08-31 19:49:02 | [rhianna#0043] (457956464326344714) Content: why would i
2021-08-31 19:49:02 | [matt.#5555] (265905443086401537) Content: they are a key aspect to life
2021-08-31 19:49:02 | [matt.#5555] (265905443086401537) Content: without mushrooms there isn't life
2021-08-31 19:49:02 | [rhianna#0043] (457956464326344714) Content: i don’t even like mushrooms
2021-08-31 19:49:02 | [matt.#5555] (265905443086401537) Content: wtf
2021-08-31 19:49:02 | [matt.#5555] (265905443086401537) Content: how
2021-08-31 19:49:02 | [matt.#5555] (265905443086401537) Content: they like 80% water?
2021-08-31 19:49:02 | [matt.#5555] (265905443086401537) Content: theres nothing to em
2021-08-31 19:49:02 | [rhianna#0043] (457956464326344714) Content: they have a weird texture
2021-08-31 19:49:02 | [matt.#5555] (265905443086401537) Content: they squishy
2021-08-31 19:49:02 | [rhianna#0043] (457956464326344714) Content: makes me@teeth feel@weird
2021-08-31 19:49:02 | [rhianna#0043] (457956464326344714) Content: exactly
2021-08-31 19:49:02 | [matt.#5555] (265905443086401537) Content: @ @ @
2021-08-31 19:49:02 | [rhianna#0043] (457956464326344714) Content: stop
2021-08-31 19:49:02 | [rhianna#0043] (457956464326344714) Content: my @ is next to the space
2021-08-31 19:49:02 | [matt.#5555] (265905443086401537) Content: sorry<@762386886991675443>@didnt@mean@it
2021-08-31 19:49:02 | [rhianna#0043] (457956464326344714) Content: deal with it
2021-08-31 19:49:02 | [matt.#5555] (265905443086401537) Content: uh o
2021-08-31 19:49:02 | [rhianna#0043] (457956464326344714) Content: STOP
2021-08-31 19:49:02 | [matt.#5555] (265905443086401537) Content: sorry@to@the@other@person@I@tagged
2021-08-31 19:49:02 | [matt.#5555] (265905443086401537) Content: it's<@762386886991675443>'s@fault
2021-08-31 19:49:02 | [matt.#5555] (265905443086401537) Content: oh ffs
2021-08-31 19:49:02 | [matt.#5555] (265905443086401537) Content: sorry again
2021-08-31 19:49:02 | [rhianna#0043] (457956464326344714) Content: HAHAHA
2021-08-31 19:49:02 | [matt.#5555] (265905443086401537) Content: 😭
2021-08-31 19:49:02 | [rhianna#0043] (457956464326344714) Content: cry me a river
2021-08-31 19:49:02 | [matt.#5555] (265905443086401537) Content: DO@YOU@SEE@THE@cHAOS@U@R@CAUSING
2021-08-31 19:49:02 | [rhianna#0043] (457956464326344714) Content: you’re the one taking the piss out of me
2021-08-31 19:49:02 | [rhianna#0043] (457956464326344714) Content: not my problem
2021-08-31 19:49:02 | [matt.#5555] (265905443086401537) Content: wtf@
2021-08-31 19:49:02 | [ANNA#5174] (762386886991675443) Content: What on Earth did I do
2021-08-31 19:49:02 | [rhianna#0043] (457956464326344714) Content: nothing
2021-08-31 19:49:02 | [matt.#5555] (265905443086401537) Content: sorry didnt mean to tag u
2021-08-31 19:49:02 | [matt.#5555] (265905443086401537) Content: im slow
2021-08-31 19:49:02 | [rhianna#0043] (457956464326344714) Content: cause he’s a fucking idiot
2021-08-31 19:49:02 | [matt.#5555] (265905443086401537) Content: (itis anna's fault for hating mushrooms)
2021-08-31 19:49:02 | [matt.#5555] (265905443086401537) Content: excuse fucking you
2021-08-31 19:49:02 | [rhianna#0043] (457956464326344714) Content: LOL
2021-08-31 19:49:02 | [ANNA#5174] (762386886991675443) Content: Wait no I hate mushrooms as well 💀
2021-08-31 19:49:02 | [rhianna#0043] (457956464326344714) Content: LETS GOOOO
2021-08-31 19:49:02 | [rhianna#0043] (457956464326344714) Content: my coffee leaked and i blame matt
2021-08-31 19:49:02 | [matt.#5555] (265905443086401537) Content: HOW IS THAT MY FAULT
2021-08-31 19:49:02 | [matt.#5555] (265905443086401537) Content: HOW DO YOU HATE MUSHROOMS
2021-08-31 19:49:02 | [matt.#5555] (265905443086401537) Content: ANNA'S ARE BROKEN
2021-08-31 19:49:02 | [rhianna#0043] (457956464326344714) Content: is this the end of jam
2021-08-31 19:49:02 | [matt.#5555] (265905443086401537) Content: NO
2021-08-31 19:49:02 | [ANNA#5174] (762386886991675443) Content: Mate I’m vegetarian I live a hard life here not liking them
2021-08-31 19:49:02 | [matt.#5555] (265905443086401537) Content: that depends
2021-08-31 19:49:02 | [rhianna#0043] (457956464326344714) Content: kinda feels lole@kr is ❤️
2021-08-31 19:49:02 | [matt.#5555] (265905443086401537) Content: <@!310454107737554954> do u like mushrooms
2021-08-31 19:49:02 | [rhianna#0043] (457956464326344714) Content: <//3
2021-08-31 19:49:02 | [matt.#5555] (265905443086401537) Content: omg same?
2021-08-31 19:49:02 | [matt.#5555] (265905443086401537) Content: gasp
2021-08-31 19:49:02 | [matt.#5555] (265905443086401537) Content: bare swaggers
2021-08-31 19:49:02 | [matt.#5555] (265905443086401537) Content: unlike the other anna
2021-08-31 19:49:02 | [matt.#5555] (265905443086401537) Content: stupid anna
2021-08-31 19:49:02 | [ANNA#5174] (762386886991675443) Content: Everyone else is just not on our level 🕺
2021-08-31 19:49:02 | [rhianna#0043] (457956464326344714) Content: what the actual fuvk
2021-08-31 19:49:02 | [matt.#5555] (265905443086401537) Content: EXACTLY
2021-08-31 19:49:02 | [rhianna#0043] (457956464326344714) Content: count me out of jam
2021-08-31 19:49:02 | [matt.#5555] (265905443086401537) Content: THIS NEW ANNA GETS IT
2021-08-31 19:49:02 | [matt.#5555] (265905443086401537) Content: NO.
2021-08-31 19:49:02 | [matt.#5555] (265905443086401537) Content: UR NOT ALLOWED TO LEAVE
2021-08-31 19:49:02 | [rhianna#0043] (457956464326344714) Content: yes
2021-08-31 19:49:02 | [rhianna#0043] (457956464326344714) Content: this is ur fault
2021-08-31 19:49:02 | [matt.#5555] (265905443086401537) Content: HOW
2021-08-31 19:49:02 | [matt.#5555] (265905443086401537) Content: MUSHROOM HATER
2021-08-31 19:49:02 | [rhianna#0043] (457956464326344714) Content: for bullying me
2021-08-31 19:49:02 | [rhianna#0043] (457956464326344714) Content: into leaving
2021-08-31 19:49:02 | [rhianna#0043] (457956464326344714) Content: and making me spill coffee
2021-08-31 19:49:02 | [matt.#5555] (265905443086401537) Content: I@DID@NONE@OF@THAT
2021-08-31 19:49:02 | [ANNA#5174] (762386886991675443) Content: Coffee is a important thing here
2021-08-31 19:49:02 | [matt.#5555] (265905443086401537) Content: I hate coffee
2021-08-31 19:49:02 | [ANNA#5174] (762386886991675443) Content: Even tho tea is better
2021-08-31 19:49:02 | [ANNA#5174] (762386886991675443) Content: I liked ice coffee but not hot coffee 😌
2021-08-31 19:49:02 | [matt.#5555] (265905443086401537) Content: oop
2021-08-31 19:49:02 | [matt.#5555] (265905443086401537) Content: I like iced tea
2021-08-31 19:49:02 | [matt.#5555] (265905443086401537) Content: I didn’t even know ice coffee was a thing
2021-08-31 19:49:02 | [jess#2274] (310454107737554954) Content: wtf no
2021-08-31 19:49:02 | [matt.#5555] (265905443086401537) Content: What the actual fuck
2021-08-31 19:49:02 | [matt.#5555] (265905443086401537) Content: How
2021-08-31 19:49:02 | [matt.#5555] (265905443086401537) Content: They’re great
2021-08-31 19:49:02 | [jess#2274] (310454107737554954) Content: disgostang
2021-08-31 19:49:02 | [jess#2274] (310454107737554954) Content: tom agrees with me
2021-08-31 19:49:02 | [matt.#5555] (265905443086401537) Content: 😡
2021-08-31 19:49:02 | [iPirie#8558] (436876982794452992) Content: thats the correct answer
2021-08-31 19:49:02 | [matt.#5555] (265905443086401537) Content: WHAY
2021-08-31 19:49:02 | [matt.#5555] (265905443086401537) Content: HOW
2021-08-31 19:49:02 | [ANNA#5174] (762386886991675443) Content: no.
2021-08-31 19:49:02 | [matt.#5555] (265905443086401537) Content: DO U ALL HATE MUSHROOMS
2021-08-31 19:49:02 | [iPirie#8558] (436876982794452992) Content: #ban this man
2021-08-31 19:49:02 | [matt.#5555] (265905443086401537) Content: 😤 no
2021-08-31 19:49:02 | [ANNA#5174] (762386886991675443) Content: Yes
2021-08-31 19:49:02 | [jess#2274] (310454107737554954) Content: YES THEYRE HORRIBLE
2021-08-31 19:49:02 | [matt.#5555] (265905443086401537) Content: NO
2021-08-31 19:49:02 | [dapper#0168] (520991280914759681) Content: yumm
2021-08-31 19:49:02 | [rhianna#0043] (457956464326344714) Content: WOOO@LETS GOOO
2021-08-31 19:49:02 | [dapper#0168] (520991280914759681) Content: mushrooms can be nice cooked
2021-08-31 19:49:02 | [matt.#5555] (265905443086401537) Content: WOOO@LETS
2021-08-31 19:49:02 | [Karrotz#6279] (259739180660162561) Content: why are we banning matt?
2021-08-31 19:49:02 | [matt.#5555] (265905443086401537) Content: Yesss
2021-08-31 19:49:02 | [matt.#5555] (265905443086401537) Content: Because I like mushrooms
2021-08-31 19:49:02 | [rhianna#0043] (457956464326344714) Content: matt i stg i fucking hate you
2021-08-31 19:49:02 | [matt.#5555] (265905443086401537) Content: Trust me
2021-08-31 19:49:02 | [matt.#5555] (265905443086401537) Content: I hate you more
2021-08-31 19:49:02 | [matt.#5555] (265905443086401537) Content: Mushroom hater 😡
2021-08-31 19:49:02 | [iPirie#8558] (436876982794452992) Content: <@!876869839300472835>?
2021-08-31 19:49:02 | [matt.#5555] (265905443086401537) Content: Tom you like mushrooms dont u
2021-08-31 19:49:02 | [iPirie#8558] (436876982794452992) Content: #echo why tf you asking me im a fucking robot
2021-08-31 19:49:02 | [Barton Peveril College#2116] (876869839300472835) Content: why tf you asking me im a fucking robot
2021-08-31 19:49:02 | [Whippy#5392] (535414566838992906) Content: You stg 44
2021-08-31 19:49:02 | [rhianna#0043] (457956464326344714) Content: im not unblocking you this time
2021-08-31 19:49:02 | [matt.#5555] (265905443086401537) Content: Um rude.
2021-08-31 19:49:02 | [matt.#5555] (265905443086401537) Content: Maybe I’ll block YOU
2021-08-31 19:49:02 | [matt.#5555] (265905443086401537) Content: Robots can eat
2021-08-31 19:49:02 | [rhianna#0043] (457956464326344714) Content: sorry what’s he saying ???
2021-08-31 19:49:02 | [matt.#5555] (265905443086401537) Content: 😡
2021-08-31 19:49:02 | [matt.#5555] (265905443086401537) Content: I hate you
2021-08-31 19:49:02 | [Karrotz#6279] (259739180660162561) Content: yea mushrooms can be nice
2021-08-31 19:49:02 | [rhianna#0043] (457956464326344714) Content: i hate me too
2021-08-31 19:49:02 | [matt.#5555] (265905443086401537) Content: Thanks
2021-08-31 19:49:02 | [matt.#5555] (265905443086401537) Content: same!
2021-08-31 19:49:02 | [Karrotz#6279] (259739180660162561) Content: I don't rlly like them as they are but I'd obv like them when cooked properly and prepared correctly
2021-08-31 19:49:02 | [ANNA#5174] (762386886991675443) Content: They  literally taste of cardboard
2021-08-31 19:49:02 | [Karrotz#6279] (259739180660162561) Content: example: seasoned breaded mushrooms cus it just tastes of the seasonin not rlly the mushrooms lmao
2021-08-31 19:49:02 | [matt.#5555] (265905443086401537) Content: 😋
2021-08-31 19:49:02 | [matt.#5555] (265905443086401537) Content: HOW?
2021-08-31 19:49:02 | [matt.#5555] (265905443086401537) Content: THEY ARE BASIXALLY WATER
2021-08-31 19:49:02 | [matt.#5555] (265905443086401537) THEY ARE BASIXALLY WATER ➜ Content: THEY ARE BASICALLY WATER
2021-08-31 19:49:02 | [ANNA#5174] (762386886991675443) Content: Like the texture and taste just don’t add up= cardboard
2021-08-31 19:49:02 | [matt.#5555] (265905443086401537) Content: You’ve tried to eat cardboard before…?
2021-08-31 20:15:36 | [ANNA#5174] (762386886991675443) Content: You’re telling me you’ve never eaten something too quickly and ended up eating some of the packaging
2021-08-31 20:15:36 | [rhianna#0043] (457956464326344714) Content: i have
2021-08-31 20:15:36 | [matt.#5555] (265905443086401537) Content: umm... no
2021-08-31 22:05:41 | [kaiabetes#3834] (834515593805168640) Content: <@338361467718074378> youre 5”2
2021-08-31 22:05:41 | [oSharpey#9000] (338361467718074378) Content: im 6'5
2021-08-31 22:05:41 | [kaiabetes#3834] (834515593805168640) Content: Cap
2021-08-31 22:05:41 | [Karrotz#6279] (259739180660162561) Content: honestly cant tell who's lying
2021-08-31 22:05:41 | [Connoisseur#1000] (532580805600477188) Content: You are not 6'5
2021-08-31 22:05:41 | [xiaospls#4053] (539542411672813589) Content: osacr is 5'2
2021-08-31 22:05:41 | [oSharpey#9000] (338361467718074378) Content: kai is lying
2021-08-31 22:05:41 | [SaltyGroove#6237] (189820548770037760) Content: hes 6"5
2021-08-31 22:05:41 | [kaiabetes#3834] (834515593805168640) Content: Ugh I can’t even send the photo
2021-08-31 22:05:41 | [Connoisseur#1000] (532580805600477188) Content: You are 4'11 at most
2021-08-31 22:05:41 | [Karrotz#6279] (259739180660162561) Content: noted
2021-08-31 22:05:41 | [SaltyGroove#6237] (189820548770037760) Content: hes 6"5 stop lying
2021-08-31 22:05:41 | [xiaospls#4053] (539542411672813589) Content: kai is not lying
2021-08-31 22:05:41 | [kaiabetes#3834] (834515593805168640) Content: Tom you’re a silly man
2021-08-31 22:05:41 | [soapywaterforwidebears#6207] (653316076343394305) Content: hes 7 foot idiots
2021-08-31 22:05:41 | [SaltyGroove#6237] (189820548770037760) Content: mummy said lying is bad
2021-08-31 22:05:41 | [xiaospls#4053] (539542411672813589) Content: hes in my room rn seriousing
2021-08-31 22:05:41 | [Tea#3118] (544125367896637440) Content: im 6'0 or 6'1
2021-08-31 22:05:41 | [Karrotz#6279] (259739180660162561) Content: I know 😔
2021-08-31 22:05:41 | [oSharpey#9000] (338361467718074378) Content: fuck off if fin is there with you
2021-08-31 22:05:41 | [Karrotz#6279] (259739180660162561) Content: no way me too
2021-08-31 22:05:41 | [soapywaterforwidebears#6207] (653316076343394305) Content: im 6"10
2021-08-31 22:05:41 | [Grimble#4612] (458302090817568776) Content: i have met him in person, he is relative to a jojo character]
2021-08-31 22:05:41 | [kaiabetes#3834] (834515593805168640) Content: Who’s fin?
2021-08-31 22:05:41 | [Karrotz#6279] (259739180660162561) Content: Gator over here is perfect height tho
2021-08-31 22:05:41 | [SaltyGroove#6237] (189820548770037760) Content: true
2021-08-31 22:05:41 | [Tea#3118] (544125367896637440) Content: aye
2021-08-31 22:05:41 | [soapywaterforwidebears#6207] (653316076343394305) Content: exactly so oscar must be 7 foot
2021-08-31 22:05:41 | [kaiabetes#3834] (834515593805168640) Content: 🪰🪰
2021-08-31 22:05:41 | [kaiabetes#3834] (834515593805168640) Content: <@338361467718074378> I could rest my chin on your head bossman. Hush
2021-08-31 22:05:41 | [Connoisseur#1000] (532580805600477188) Content: Ohhhh get it sis
2021-08-31 22:05:41 | [SaltyGroove#6237] (189820548770037760) Content: you couldnt oscar would knock you out hes massive
2021-08-31 22:05:41 | [xiaospls#4053] (539542411672813589) Content: no hes not
2021-08-31 22:05:41 | [SaltyGroove#6237] (189820548770037760) Content: he is
2021-08-31 22:05:41 | [kaiabetes#3834] (834515593805168640) Content: In width
2021-08-31 22:05:41 | [xiaospls#4053] (539542411672813589) Content: kai is a unit
2021-08-31 22:05:41 | [SaltyGroove#6237] (189820548770037760) Content: shut it
2021-08-31 22:05:41 | [SaltyGroove#6237] (189820548770037760) Content: oscar is pure primal rage
2021-08-31 22:05:41 | [kaiabetes#3834] (834515593805168640) Content: 🧢
2021-08-31 22:05:41 | [oSharpey#9000] (338361467718074378) Content: im massive, 6'5 and 100kg of pure muscle
2021-08-31 22:05:41 | [SaltyGroove#6237] (189820548770037760) Content: a true sigma
2021-08-31 22:05:41 | [kaiabetes#3834] (834515593805168640) Content: More like sugma
