2021-08-31 20:15:36 | [SaltyGroove#6237] (189820548770037760) Content: Anime yuck
2021-08-31 20:15:36 | [oSharpey#9000] (338361467718074378) Content: I know right
2021-08-31 20:15:36 | [SaltyGroove#6237] (189820548770037760) Content: Anime is gross and yucky
2021-08-31 20:15:36 | [oSharpey#9000] (338361467718074378) Content: I would never watch anime
2021-08-31 20:15:36 | [SaltyGroove#6237] (189820548770037760) Content: Me neither since its yucky and gross and dirty
2021-08-31 20:15:36 | [Grimble#4612] (458302090817568776) Content: controversial opinion:
anime is okay
2021-08-31 20:15:36 | [SaltyGroove#6237] (189820548770037760) Content: How dare you
2021-08-31 20:15:36 | [Grimble#4612] (458302090817568776) Content: I did say controversial, what can i say, im a fan 😎
2021-08-31 20:15:36 | [SaltyGroove#6237] (189820548770037760) Content: Idk its kinda based
2021-08-31 20:15:36 | [Grimble#4612] (458302090817568776) Content: oh damn, based?
maybe anime isnt that great...
2021-08-31 20:15:36 | [oSharpey#9000] (338361467718074378) Content: Nah definitely not
2021-08-31 20:15:36 | [oSharpey#9000] (338361467718074378) Content: Terrible
2021-08-31 20:15:36 | [Grimble#4612] (458302090817568776) Content: perhaps even yucky
2021-08-31 20:15:36 | [oSharpey#9000] (338361467718074378) Content: Very yucky
2021-08-31 20:15:36 | [SaltyGroove#6237] (189820548770037760) Content: I'm glad we can all agree
2021-08-31 20:15:36 | [oSharpey#9000] (338361467718074378) Content: True
2021-08-31 20:15:36 | [chunk#6058] (623966781408542771) Content: When ever I see the first year and second year roles it always reminds me of jujutsu kaisen
2021-08-31 20:15:36 | [chunk#6058] (623966781408542771) When ever I see the first year and second year roles it always reminds me of jujutsu kaisen ➜ Content: Whenever I see the first year and second year roles it always reminds me of jujutsu kaisen
2021-08-31 20:15:36 | [Grimble#4612] (458302090817568776) Content: well i aint a panda 🐼 
*yet*
2021-08-31 20:15:36 | [chunk#6058] (623966781408542771) Content: Ayo where the third years at
2021-08-31 20:15:36 | [Impossiblin#1943] (278986325800124417) Content: gone
2021-08-31 20:15:36 | [Impossiblin#1943] (278986325800124417) Content: https://media.discordapp.net/attachments/763919961579716628/864809038566653952/ezgif-2-ac52af439a6c.gif
2021-08-31 20:15:36 | [chunk#6058] (623966781408542771) Content: Suspended
2021-08-31 20:15:36 | [SaltyGroove#6237] (189820548770037760) Content: I mean there's fad students still right?
2021-08-31 20:15:36 | [SaltyGroove#6237] (189820548770037760) Content: And a couple 3rd years
2021-08-31 21:50:06 | [coyzie#8008] (346293166330216458) Content: there are 3rd years???
2021-08-31 21:50:06 | [SaltyGroove#6237] (189820548770037760) Content: yeah not many rho
2021-08-31 21:50:06 | [xiaospls#4053] (539542411672813589) Content: fad students
2021-08-31 21:50:06 | [SaltyGroove#6237] (189820548770037760) yeah not many rho ➜ Content: yeah not many tho
2021-08-31 21:50:06 | [coyzie#8008] (346293166330216458) Content: idk what that means but yes ok cool
2021-08-31 21:50:06 | [xiaospls#4053] (539542411672813589) Content: i will be a third year one day <:nooooo:803940569008701452>
2021-08-31 21:50:06 | [coyzie#8008] (346293166330216458) Content: :0
2021-08-31 21:50:06 | [xiaospls#4053] (539542411672813589) Content: foundation art diploma
2021-08-31 21:50:06 | [coyzie#8008] (346293166330216458) Content: oh????????????
2021-08-31 21:50:06 | [coyzie#8008] (346293166330216458) Content: wait if ur taking art do u have to go into third year???
2021-08-31 21:50:06 | [Grimble#4612] (458302090817568776) Content: you can take courses after you finish if you want the qualification as well right?
it costs a fee though i think
2021-08-31 21:50:06 | [xiaospls#4053] (539542411672813589) Content: its like a pre uni course but u can draw anime
2021-08-31 21:50:06 | [coyzie#8008] (346293166330216458) Content: i wnna go abroad for uni asap so i dont want 3rd year HKJSFDHGKDSFJ
2021-08-31 21:50:06 | [tess#0726] (639172562596921367) Content: yesss fad
2021-08-31 21:50:06 | [xiaospls#4053] (539542411672813589) Content: fad gang rise
2021-08-31 21:50:06 | [coyzie#8008] (346293166330216458) Content: is fad just extra stuff?
2021-08-31 21:50:06 | [tess#0726] (639172562596921367) Content: u basically do art for a year and it helps make a portfolio for uni!
2021-08-31 21:50:06 | [coyzie#8008] (346293166330216458) Content: i see :0000
2021-08-31 21:50:06 | [xiaospls#4053] (539542411672813589) Content: its like a course to develop course work but you can do whatever u want,, like animation or product design its pretty cool! they have a fad gallery at barton u might get to see it !!
2021-08-31 21:50:06 | [coyzie#8008] (346293166330216458) Content: omg yes ok
2021-08-31 21:50:06 | [coyzie#8008] (346293166330216458) Content: when i went for my enrollment i met a rlly nice boy who did latin and he showed me around the theatre department
2021-08-31 21:50:06 | [tess#0726] (639172562596921367) Content: i think they just redid the theatre entrance ? maybe inside (??) idk but it looks a lot nicer now!
2021-08-31 21:50:06 | [coyzie#8008] (346293166330216458) Content: YES its lovely!!
2021-08-31 22:05:41 | [kaiabetes#3834] (834515593805168640) Content: No the tv show
2021-08-31 22:05:41 | [xiaospls#4053] (539542411672813589) Content: gurl same
2021-08-31 22:05:41 | [kaiabetes#3834] (834515593805168640) Content: My fav moment is when the go “*nya*”
2021-08-31 22:05:41 | [SaltyGroove#6237] (189820548770037760) Content: yeah no spicegirl is a good song
2021-08-31 22:05:41 | [xiaospls#4053] (539542411672813589) Content: HAHAHA
2021-08-31 23:19:24 | [SaltyGroove#6237] (189820548770037760) Content: i recommend cat planet cuties
2021-08-31 23:19:24 | [SaltyGroove#6237] (189820548770037760) Content: story is 10/10
2021-08-31 23:21:31 | [coyzie#8008] (346293166330216458) Content: omg ok
