2021-08-31 20:15:36 | [chunk#6058] (623966781408542771) Content: Server is so busy all of a sudden
2021-08-31 20:15:36 | [Karrotz#6279] (259739180660162561) Content: couldnt agree more
2021-08-31 20:15:36 | [matt.#5555] (265905443086401537) Content: bit too busy if I must say so
2021-08-31 20:15:36 | [chunk#6058] (623966781408542771) Content: This is crazy
2021-08-31 20:15:36 | [Impossiblin#1943] (278986325800124417) Content: yeah someone mentioned it on the other barton discord
2021-08-31 20:15:36 | [Impossiblin#1943] (278986325800124417) Content: and we all kinda just yeah
2021-08-31 20:15:36 | [chunk#6058] (623966781408542771) Content: Other!
2021-08-31 20:15:36 | [chunk#6058] (623966781408542771) Other! ➜ Content: Other?
2021-08-31 20:15:36 | [Impossiblin#1943] (278986325800124417) Content: yeah
2021-08-31 20:15:36 | [Impossiblin#1943] (278986325800124417) https://cdn.discordapp.com/attachments/876588008705495040/882351571625717770/unknown.png
2021-08-31 20:15:36 | [Impossiblin#1943] (278986325800124417) Content: check it
2021-08-31 20:15:36 | [chocfrog#6214] (237231509872967680) Content: HUH
2021-08-31 20:15:36 | [Karrotz#6279] (259739180660162561) Content: lmaoo
2021-08-31 20:15:36 | [chocfrog#6214] (237231509872967680) Content: theres another one
2021-08-31 20:15:36 | [chunk#6058] (623966781408542771) Content: Huhhhh
2021-08-31 20:15:36 | [Setivyn#9628] (323433449866133514) Content: Yeah some second years made one
2021-08-31 20:15:36 | [chocfrog#6214] (237231509872967680) Content: how many members?
2021-08-31 20:15:36 | [SadQuag#8104] (442000354578792448) Content: this one has more people tho
2021-08-31 20:15:36 | [chocfrog#6214] (237231509872967680) Content: is it big
2021-08-31 20:15:36 | [chocfrog#6214] (237231509872967680) Content: ah
2021-08-31 20:15:36 | [chunk#6058] (623966781408542771) Content: Bruh
2021-08-31 20:15:36 | [Setivyn#9628] (323433449866133514) Content: about 80
2021-08-31 20:15:36 | [Impossiblin#1943] (278986325800124417) Content: a shame
2021-08-31 20:15:36 | [chocfrog#6214] (237231509872967680) Content: 👀
2021-08-31 20:15:36 | [Impossiblin#1943] (278986325800124417) Content: the other server is more
2021-08-31 20:15:36 | [Impossiblin#1943] (278986325800124417) Content: (nsfw)
2021-08-31 20:15:36 | [chocfrog#6214] (237231509872967680) Content: o
2021-08-31 20:15:36 | [chocfrog#6214] (237231509872967680) Content: dear
2021-08-31 20:15:36 | [Setivyn#9628] (323433449866133514) Content: yeah it kinda went wack very fast
2021-08-31 20:15:36 | [Grimble#4612] (458302090817568776) Content: yep it got a little outta hand
2021-08-31 20:15:36 | [chunk#6058] (623966781408542771) Content: OH GOD
2021-08-31 20:15:36 | [Karrotz#6279] (259739180660162561) Content: lmao
2021-08-31 20:15:36 | [chunk#6058] (623966781408542771) Content: NOW I UNDERSTAND
2021-08-31 20:15:36 | [Setivyn#9628] (323433449866133514) Content: don't worry with you guys in charge it should be ok, you can keep them contained
2021-08-31 20:15:36 | [chunk#6058] (623966781408542771) Content: ducking hell
2021-08-31 20:15:36 | [Grimble#4612] (458302090817568776) Content: not like d picks everywhere, it was just a lot of hentai
there was a nsfw chat for it and everything
2021-08-31 20:15:36 | [matt.#5555] (265905443086401537) Content: ..
2021-08-31 20:15:36 | [Karrotz#6279] (259739180660162561) Content: hmm
2021-08-31 20:15:36 | [chunk#6058] (623966781408542771) Content: Oh dear
2021-08-31 20:15:36 | [rhianna#0043] (457956464326344714) Content: well then
2021-08-31 20:15:36 | [Impossiblin#1943] (278986325800124417) Content: yall should get your own nsfw chat
2021-08-31 20:15:36 | [Impossiblin#1943] (278986325800124417) Content: i recommend it
2021-08-31 20:15:36 | [chunk#6058] (623966781408542771) Content: Lads this could be a problem
2021-08-31 20:15:36 | [Karrotz#6279] (259739180660162561) Content: 👀
2021-08-31 20:15:36 | [Impossiblin#1943] (278986325800124417) Content: how so
2021-08-31 20:15:36 | [chunk#6058] (623966781408542771) Content: I don’t want second years filling chats with nsfw if that ever does happen
2021-08-31 20:15:36 | [oSharpey#9000] (338361467718074378) Content: Quin Quin Quin, I had nothing to do with this
2021-08-31 20:15:36 | [SadQuag#8104] (442000354578792448) Content: funnytho
2021-08-31 20:15:36 | [Impossiblin#1943] (278986325800124417) Content: man
2021-08-31 20:15:36 | [Impossiblin#1943] (278986325800124417) Content: quin balling
2021-08-31 20:15:36 | [Grimble#4612] (458302090817568776) Content: i uh
defo didnt blame you there
2021-08-31 20:15:36 | [Grimble#4612] (458302090817568776) Content: kinda outed yourself...
2021-08-31 20:15:36 | [oSharpey#9000] (338361467718074378) Content: I am totally innocent
2021-08-31 20:15:36 | [Grimble#4612] (458302090817568776) Content: yes
2021-08-31 20:15:36 | [SaltyGroove#6237] (189820548770037760) Content: The nsfw was truly great
2021-08-31 20:15:36 | [ionical#7447] (620000152974917653) Content: what the hell happened here
2021-08-31 20:15:36 | [Setivyn#9628] (323433449866133514) Content: the second years joined
2021-08-31 20:15:36 | [ionical#7447] (620000152974917653) Content: yes but
2021-08-31 20:15:36 | [ionical#7447] (620000152974917653) Content: why has nsfw been mentioned
2021-08-31 20:15:36 | [Setivyn#9628] (323433449866133514) Content: the second years joined
2021-08-31 20:15:36 | [chunk#6058] (623966781408542771) Content: they used to have nsfw in their server
2021-08-31 20:15:36 | [Setivyn#9628] (323433449866133514) Content: they're like this for some god forsaken reason
2021-08-31 20:15:36 | [chunk#6058] (623966781408542771) Content: and yes they had their own server
2021-08-31 20:15:36 | [SadQuag#8104] (442000354578792448) Content: yeah second years are known for their crippling hentai addictions
2021-08-31 20:15:36 | [ionical#7447] (620000152974917653) Content: ah right
2021-08-31 20:15:36 | [Setivyn#9628] (323433449866133514) Content: jojo's and nsfw is all that happened on the other server
2021-08-31 20:15:36 | [ionical#7447] (620000152974917653) Content: ooo
2021-08-31 20:15:36 | [SadQuag#8104] (442000354578792448) Content: and game nights
2021-08-31 20:15:36 | [chunk#6058] (623966781408542771) Content: a bit cursed but we move
2021-08-31 21:48:44 | [mango#2025] (689898353537843258) Content: I’m uhh
2021-08-31 21:48:44 | [mango#2025] (689898353537843258) Content: enfp
2021-08-31 21:48:44 | [mango#2025] (689898353537843258) Content: extroverted ! I think
2021-08-31 21:48:44 | [mango#2025] (689898353537843258) Content: social battery drains quick tho 😔
2021-08-31 21:48:44 | [mango#2025] (689898353537843258) Content: bit of an oxymoron I know
