2021-08-31 12:09:37 | [Watcher#5402] (762757247561498634) EMBED SENT
2021-08-31 12:16:45 | [Watcher#5402] (762757247561498634) EMBED SENT
2021-08-31 12:16:45 | [Watcher#5402] (762757247561498634) EMBED SENT
2021-08-31 12:16:45 | [Watcher#5402] (762757247561498634) EMBED SENT
2021-08-31 12:34:18 | [Watcher#5402] (762757247561498634) EMBED SENT
2021-08-31 12:34:18 | [Watcher#5402] (762757247561498634) EMBED SENT
2021-08-31 12:34:18 | [Watcher#5402] (762757247561498634) EMBED SENT
2021-08-31 12:34:18 | [Watcher#5402] (762757247561498634) EMBED SENT
2021-08-31 12:34:18 | [Watcher#5402] (762757247561498634) EMBED SENT
2021-08-31 12:34:18 | [Watcher#5402] (762757247561498634) EMBED SENT
2021-08-31 12:34:18 | [Watcher#5402] (762757247561498634) EMBED SENT
2021-08-31 14:28:00 | [Watcher#5402] (762757247561498634) EMBED SENT
2021-08-31 14:28:00 | [Watcher#5402] (762757247561498634) EMBED SENT
2021-08-31 14:36:02 | [Watcher#5402] (762757247561498634) EMBED SENT
2021-08-31 14:37:30 | [Watcher#5402] (762757247561498634) EMBED SENT
2021-08-31 14:39:47 | [Watcher#5402] (762757247561498634) EMBED SENT
2021-08-31 14:41:17 | [Watcher#5402] (762757247561498634) EMBED SENT
2021-08-31 14:41:17 | [Watcher#5402] (762757247561498634) EMBED SENT
2021-08-31 14:41:17 | [iPirie#8558] (436876982794452992) Content: #eval message.guild.channels.create('bob', {type: 'GUILD_TEXT', topic: 'testing'})
2021-08-31 14:41:17 | [Barton Peveril College#2116] (876869839300472835) EMBED SENT
2021-08-31 14:41:17 | [Barton Peveril College#2116] (876869839300472835) https://cdn.discordapp.com/attachments/877919234443837480/882259220563623986/1630417389114-dump.log
2021-08-31 14:41:17 | [Watcher#5402] (762757247561498634) EMBED SENT
2021-08-31 14:48:47 | [Watcher#5402] (762757247561498634) EMBED SENT
2021-08-31 14:48:47 | [Watcher#5402] (762757247561498634) EMBED SENT
2021-08-31 14:48:47 | [Watcher#5402] (762757247561498634) EMBED SENT
2021-08-31 14:50:16 | [Watcher#5402] (762757247561498634) EMBED SENT
2021-08-31 14:50:16 | [Watcher#5402] (762757247561498634) EMBED SENT
2021-08-31 14:50:16 | [Watcher#5402] (762757247561498634) EMBED SENT
2021-08-31 14:54:09 | [Watcher#5402] (762757247561498634) EMBED SENT
2021-08-31 14:54:09 | [Watcher#5402] (762757247561498634) EMBED SENT
2021-08-31 14:59:20 | [Watcher#5402] (762757247561498634) null ➜ EMBED SENT
2021-08-31 14:59:20 | [iPirie#8558] (436876982794452992) Content: 
2021-08-31 14:59:20 | [Watcher#5402] (762757247561498634) EMBED SENT
2021-08-31 14:59:20 | [Watcher#5402] (762757247561498634) EMBED SENT
2021-08-31 14:59:20 | [Watcher#5402] (762757247561498634) EMBED SENT
2021-08-31 14:59:20 | [Watcher#5402] (762757247561498634) EMBED SENT
2021-08-31 14:59:20 | [Watcher#5402] (762757247561498634) EMBED SENT
2021-08-31 14:59:20 | [Watcher#5402] (762757247561498634) EMBED SENT
2021-08-31 14:59:20 | [Watcher#5402] (762757247561498634) EMBED SENT
2021-08-31 14:59:20 | [Watcher#5402] (762757247561498634) EMBED SENT
2021-08-31 14:59:20 | [Watcher#5402] (762757247561498634) EMBED SENT
2021-08-31 14:59:20 | [Watcher#5402] (762757247561498634) EMBED SENT
2021-08-31 14:59:20 | [Watcher#5402] (762757247561498634) EMBED SENT
2021-08-31 14:59:20 | [Watcher#5402] (762757247561498634) EMBED SENT
2021-08-31 14:59:20 | [Watcher#5402] (762757247561498634) EMBED SENT
2021-08-31 14:59:20 | [Watcher#5402] (762757247561498634) EMBED SENT
2021-08-31 14:59:20 | [Watcher#5402] (762757247561498634) EMBED SENT
2021-08-31 14:59:20 | [Watcher#5402] (762757247561498634) EMBED SENT
2021-08-31 14:59:20 | [Watcher#5402] (762757247561498634) EMBED SENT
2021-08-31 14:59:20 | [Watcher#5402] (762757247561498634) EMBED SENT
2021-08-31 14:59:20 | [Watcher#5402] (762757247561498634) EMBED SENT
2021-08-31 14:59:20 | [Watcher#5402] (762757247561498634) EMBED SENT
2021-08-31 15:48:22 | [Watcher#5402] (762757247561498634) EMBED SENT
2021-08-31 15:48:22 | [Watcher#5402] (762757247561498634) EMBED SENT
2021-08-31 15:58:51 | [Watcher#5402] (762757247561498634) EMBED SENT
2021-08-31 15:59:59 | [Watcher#5402] (762757247561498634) EMBED SENT
2021-08-31 15:59:59 | [Watcher#5402] (762757247561498634) EMBED SENT
2021-08-31 16:01:03 | [Watcher#5402] (762757247561498634) EMBED SENT
2021-08-31 16:01:03 | [Watcher#5402] (762757247561498634) EMBED SENT
2021-08-31 16:01:03 | [Watcher#5402] (762757247561498634) EMBED SENT
2021-08-31 16:02:08 | [iPirie#8558] (436876982794452992) Content: #eval message.channel.bulkDelete(100)
2021-08-31 16:02:08 | [Barton Peveril College#2116] (876869839300472835) EMBED SENT
2021-08-31 16:02:08 | [Barton Peveril College#2116] (876869839300472835) https://cdn.discordapp.com/attachments/877919234443837480/882279168216301638/1630422144583-dump.log
2021-08-31 16:02:08 | [Watcher#5402] (762757247561498634) EMBED SENT
2021-08-31 16:02:08 | [Watcher#5402] (762757247561498634) EMBED SENT
