2021-08-31 20:15:36 | [SaltyGroove#6237] (189820548770037760) Content: Donda donda donda donda
2021-08-31 20:15:36 | [oSharpey#9000] (338361467718074378) Content: Donda
2021-08-31 20:15:36 | [SaltyGroove#6237] (189820548770037760) Content: Donda
2021-08-31 20:15:36 | [rhianna#0043] (457956464326344714) Content: jump donda deez nuts
2021-08-31 20:15:36 | [SaltyGroove#6237] (189820548770037760) Content: Idk that one I only know donda chant (the best song ever made)
2021-08-31 20:15:36 | [oSharpey#9000] (338361467718074378) Content: True Roman
2021-08-31 20:15:36 | [matt.#5555] (265905443086401537) Content: Donda donda donda donda donda
2021-08-31 20:15:36 | [matt.#5555] (265905443086401537) Content: its horrifying
2021-08-31 20:15:36 | [chunk#6058] (623966781408542771) Content: ye
2021-08-31 20:15:36 | [chunk#6058] (623966781408542771) Content: ye ye ye
2021-08-31 20:15:36 | [SaltyGroove#6237] (189820548770037760) Content: but its quite lyrical
2021-08-31 20:15:36 | [matt.#5555] (265905443086401537) Content: oh why yes ofc
2021-08-31 20:15:36 | [chunk#6058] (623966781408542771) Content: now after the new album people are now saying he's the greatest now or something idk
2021-08-31 20:15:36 | [SaltyGroove#6237] (189820548770037760) Content: i think its good maybe a little over hyped but still pretty good
2021-08-31 20:15:36 | [chunk#6058] (623966781408542771) Content: lemme pisten
2021-08-31 20:15:36 | [chunk#6058] (623966781408542771) Content: fuck
2021-08-31 22:05:41 | [Playguy Carterr#4713] (688767195723202678) Content: Donda Chant represents Kanyes mother’s heartbeat before she died
2021-08-31 22:05:41 | [Playguy Carterr#4713] (688767195723202678) Content: Also there’s 63 “dondas” cause she died at 63
2021-08-31 22:05:41 | [coyzie#8008] (346293166330216458) Content: https://www.youtube.com/watch?v=bmTzorIvles
2021-08-31 22:05:41 | [coyzie#8008] (346293166330216458) Content: good song
2021-08-31 22:05:41 | [Playguy Carterr#4713] (688767195723202678) Content: Also donda is AOTY
2021-08-31 22:05:41 | [xiaospls#4053] (539542411672813589) Content: i love wayb but fuck lucas
2021-08-31 22:05:41 | [coyzie#8008] (346293166330216458) Content: WHAT DID HE DO
2021-08-31 22:05:41 | [xiaospls#4053] (539542411672813589) i love wayb but fuck lucas ➜ Content: i love wayv but fuck lucas
2021-08-31 22:05:41 | [coyzie#8008] (346293166330216458) Content: HES LIKE MY BIAS IN EVERYTHING
2021-08-31 22:05:41 | [xiaospls#4053] (539542411672813589) Content: HAVE U OT SEEN
2021-08-31 22:05:41 | [xiaospls#4053] (539542411672813589) Content: LOOK UP lucas on twiiter
2021-08-31 22:05:41 | [coyzie#8008] (346293166330216458) Content: NO??
2021-08-31 22:05:41 | [coyzie#8008] (346293166330216458) Content: I HAVENT BEEN INTO KPOP IN LIKE A YEAR
2021-08-31 22:05:41 | [coyzie#8008] (346293166330216458) Content: I DONT HAVE TWITTER I GOT CANCELLED BC I SAID I HATED SLUGS
2021-08-31 22:05:41 | [xiaospls#4053] (539542411672813589) Content: theres a video of him hurting beakhyun on satge and hes gaslit and s*xually harrased loads of girls
2021-08-31 22:05:41 | [coyzie#8008] (346293166330216458) Content: Bruh
2021-08-31 22:05:41 | [xiaospls#4053] (539542411672813589) Content: no this is super recent
2021-08-31 22:05:41 | [xiaospls#4053] (539542411672813589) Content: like rn recent
2021-08-31 22:05:41 | [coyzie#8008] (346293166330216458) Content: Wtf
2021-08-31 22:05:41 | [xiaospls#4053] (539542411672813589) Content: yahhhh he was one of my biases too
2021-08-31 22:05:41 | [SaltyGroove#6237] (189820548770037760) Content: at least seungri hasnt done anything bad am i right
2021-08-31 22:05:41 | [xiaospls#4053] (539542411672813589) Content: STOPPPPPP
2021-08-31 22:05:41 | [coyzie#8008] (346293166330216458) Content: i am heatbroken now
2021-08-31 22:05:41 | [coyzie#8008] (346293166330216458) Content: NOT SEUNGRI
2021-08-31 22:05:41 | [coyzie#8008] (346293166330216458) Content: oh god
2021-08-31 22:05:41 | [xiaospls#4053] (539542411672813589) Content: ive been a kpop stan since uhhhh 2017 i think
2021-08-31 22:05:41 | [xiaospls#4053] (539542411672813589) Content: 2016 if u count solo artists
2021-08-31 22:05:41 | [coyzie#8008] (346293166330216458) Content: 2015 for me 😎
2021-08-31 22:05:41 | [SaltyGroove#6237] (189820548770037760) Content: and kris wu he wouldnt do anything bad
2021-08-31 22:05:41 | [coyzie#8008] (346293166330216458) Content: oh god
2021-08-31 22:05:41 | [xiaospls#4053] (539542411672813589) Content: omggg
2021-08-31 22:05:41 | [coyzie#8008] (346293166330216458) Content: not him
2021-08-31 22:05:41 | [coyzie#8008] (346293166330216458) Content: err i like whats his name
2021-08-31 22:05:41 | [coyzie#8008] (346293166330216458) Content: um
2021-08-31 22:05:41 | [coyzie#8008] (346293166330216458) Content: he was in block b
2021-08-31 22:05:41 | [coyzie#8008] (346293166330216458) Content: uh
2021-08-31 22:05:41 | [xiaospls#4053] (539542411672813589) Content: ZICO
2021-08-31 22:05:41 | [SaltyGroove#6237] (189820548770037760) Content: zico?
2021-08-31 22:05:41 | [coyzie#8008] (346293166330216458) Content: YRS
2021-08-31 22:05:41 | [coyzie#8008] (346293166330216458) Content: YUEYEYYSYSEY
2021-08-31 22:05:41 | [coyzie#8008] (346293166330216458) Content: SZICO
2021-08-31 22:05:41 | [coyzie#8008] (346293166330216458) Content: I LOVE ZICO
2021-08-31 22:05:41 | [xiaospls#4053] (539542411672813589) Content: i love zico
2021-08-31 22:05:41 | [SaltyGroove#6237] (189820548770037760) Content: block b are awesome
2021-08-31 22:05:41 | [coyzie#8008] (346293166330216458) Content: me too.
2021-08-31 22:05:41 | [xiaospls#4053] (539542411672813589) Content: hes one of my have artists ever
2021-08-31 22:05:41 | [SaltyGroove#6237] (189820548770037760) Content: blockbuster is one of the best albums ever
2021-08-31 22:05:41 | [coyzie#8008] (346293166330216458) Content: YES SAME
2021-08-31 22:05:41 | [xiaospls#4053] (539542411672813589) Content: and dean
2021-08-31 22:05:41 | [coyzie#8008] (346293166330216458) Content: I LOVE
2021-08-31 22:05:41 | [coyzie#8008] (346293166330216458) Content: HIM
2021-08-31 22:05:41 | [coyzie#8008] (346293166330216458) Content: AND DEAN YES
2021-08-31 22:05:41 | [coyzie#8008] (346293166330216458) Content: sunmi too
2021-08-31 22:05:41 | [coyzie#8008] (346293166330216458) Content: mmm
2021-08-31 22:05:41 | [xiaospls#4053] (539542411672813589) Content: yesss
2021-08-31 22:05:41 | [xiaospls#4053] (539542411672813589) Content: wait can i send u a krnb playlist i made?
2021-08-31 22:05:41 | [coyzie#8008] (346293166330216458) Content: guys if any kpop bands or artists we like come for concerts here im dragging u guys
2021-08-31 22:05:41 | [coyzie#8008] (346293166330216458) Content: omg ok
2021-08-31 22:05:41 | [coyzie#8008] (346293166330216458) Content: let me show u my kpop playlist
2021-08-31 22:05:41 | [SaltyGroove#6237] (189820548770037760) Content: i just want a stray kids uk tour rip
2021-08-31 22:05:41 | [coyzie#8008] (346293166330216458) Content: theyve been 2 the uk no?
2021-08-31 22:05:41 | [xiaospls#4053] (539542411672813589) Content: https://open.spotify.com/playlist/1p9Qq4bLVTpIbRCjO0B1vg?si=fefe93971ebd480e
2021-08-31 22:05:41 | [coyzie#8008] (346293166330216458) Content: my friend ruby saw em
2021-08-31 22:05:41 | [SaltyGroove#6237] (189820548770037760) Content: not recently
2021-08-31 22:05:41 | [coyzie#8008] (346293166330216458) Content: ahhhhh i see
2021-08-31 22:05:41 | [xiaospls#4053] (539542411672813589) Content: i wanna see day6
2021-08-31 22:05:41 | [SaltyGroove#6237] (189820548770037760) Content: covid and all that
2021-08-31 22:05:41 | [coyzie#8008] (346293166330216458) Content: ofc yes
2021-08-31 22:05:41 | [SaltyGroove#6237] (189820548770037760) Content: jae park swag
2021-08-31 22:05:41 | [coyzie#8008] (346293166330216458) Content: i was gonna see ateez :(
2021-08-31 22:05:41 | [xiaospls#4053] (539542411672813589) Content: my frien elly when to see stray kids
2021-08-31 22:05:41 | [xiaospls#4053] (539542411672813589) Content: and my bestfriend freyja was going to see ateez too
2021-08-31 22:05:41 | [coyzie#8008] (346293166330216458) Content: waaaa
2021-08-31 22:05:41 | [coyzie#8008] (346293166330216458) Content: it got cancelled
2021-08-31 22:05:41 | [coyzie#8008] (346293166330216458) Content: but its ok bc im gonna save up for hitouch
2021-08-31 22:05:41 | [tess#0726] (639172562596921367) Content: aa i saw skz
2021-08-31 22:05:41 | [coyzie#8008] (346293166330216458) Content: AAA COOL
2021-08-31 22:05:41 | [tess#0726] (639172562596921367) Content: WAS VERY COOL
2021-08-31 22:05:41 | [tess#0726] (639172562596921367) Content: DAY6 WERE SO GOOD LIVE
2021-08-31 22:05:41 | [coyzie#8008] (346293166330216458) Content: i wanna see sunmi live
2021-08-31 22:05:41 | [SaltyGroove#6237] (189820548770037760) Content: seo taiji would be cool to see
2021-08-31 22:05:41 | [SaltyGroove#6237] (189820548770037760) Content: maybe not the boys portion tho
2021-08-31 22:05:41 | [xiaospls#4053] (539542411672813589) Content: i wanna see BIBI
2021-08-31 22:05:41 | [coyzie#8008] (346293166330216458) Content: BIBI
2021-08-31 22:05:41 | [tess#0726] (639172562596921367) Content: sunmi aha <3333
2021-08-31 22:05:41 | [coyzie#8008] (346293166330216458) Content: https://www.youtube.com/watch?v=00aAMTcThq0
2021-08-31 22:05:41 | [SaltyGroove#6237] (189820548770037760) Content: BIBI is swag
2021-08-31 22:05:41 | [coyzie#8008] (346293166330216458) Content: i love this cover bibi did
2021-08-31 22:05:41 | [tess#0726] (639172562596921367) Content: YES
2021-08-31 22:05:41 | [xiaospls#4053] (539542411672813589) Content: we should all meet and have kpop discussion in the main quad
2021-08-31 22:05:41 | [coyzie#8008] (346293166330216458) Content: pleaz
2021-08-31 22:05:41 | [tess#0726] (639172562596921367) Content: yes
2021-08-31 22:05:41 | [coyzie#8008] (346293166330216458) Content: i have bts pins on bags
2021-08-31 22:05:41 | [xiaospls#4053] (539542411672813589) Content: i love red velvet
2021-08-31 22:05:41 | [tess#0726] (639172562596921367) Content: YEAHH
2021-08-31 22:05:41 | [tess#0726] (639172562596921367) Content: red velvet are
2021-08-31 22:05:41 | [coyzie#8008] (346293166330216458) Content: i used 2 have a monsta x keychain but fkin lost it
2021-08-31 22:05:41 | [coyzie#8008] (346293166330216458) Content: oh yeah
2021-08-31 22:05:41 | [tess#0726] (639172562596921367) Content: so <333
2021-08-31 22:05:41 | [tess#0726] (639172562596921367) Content: i have skz stickers on my lanyard hdsdhfjj
2021-08-31 22:05:41 | [coyzie#8008] (346293166330216458) https://cdn.discordapp.com/attachments/875799826598596618/882385107439218738/image0.jpg
2021-08-31 22:05:41 | [xiaospls#4053] (539542411672813589) Content: i wanna a loona keyring but loona merch is so limited
2021-08-31 22:05:41 | [coyzie#8008] (346293166330216458) Content: dont mind the wonky ones
2021-08-31 22:05:41 | [tess#0726] (639172562596921367) Content: yooo omg
2021-08-31 22:05:41 | [coyzie#8008] (346293166330216458) https://cdn.discordapp.com/attachments/875799826598596618/882385226544873482/image0.jpg
2021-08-31 22:05:41 | [coyzie#8008] (346293166330216458) https://cdn.discordapp.com/attachments/875799826598596618/882385290013081630/image0.jpg
2021-08-31 22:05:41 | [coyzie#8008] (346293166330216458) Content: top part of my desk is the best
2021-08-31 22:05:41 | [coyzie#8008] (346293166330216458) https://cdn.discordapp.com/attachments/875799826598596618/882385376801620018/image0.jpg
2021-08-31 22:05:41 | [SaltyGroove#6237] (189820548770037760) Content: opinions on the monsta x spongebob song?
2021-08-31 22:05:41 | [tess#0726] (639172562596921367) Content: sailor moon omg
2021-08-31 22:05:41 | [coyzie#8008] (346293166330216458) Content: i dot think ive heard it
2021-08-31 22:05:41 | [coyzie#8008] (346293166330216458) Content: and yes sailor moon
2021-08-31 22:05:41 | [SaltyGroove#6237] (189820548770037760) Content: its truly great
2021-08-31 22:05:41 | [coyzie#8008] (346293166330216458) Content: OH YEAH
2021-08-31 22:05:41 | [coyzie#8008] (346293166330216458) Content: WONHO
2021-08-31 22:05:41 | [coyzie#8008] (346293166330216458) Content: WONHO MY LOVE
2021-08-31 22:05:41 | [soapywaterforwidebears#6207] (653316076343394305) Content: sailor moon my beloved
2021-08-31 22:05:41 | [coyzie#8008] (346293166330216458) Content: i would convert sexuality for wonho
2021-08-31 22:05:41 | [xiaospls#4053] (539542411672813589) Content: Ong I wanna sec pics of my room but perm off 😭
2021-08-31 22:05:41 | [coyzie#8008] (346293166330216458) Content: sad.
2021-08-31 22:05:41 | [coyzie#8008] (346293166330216458) Content: https://www.youtube.com/watch?v=FZ9lJ5ctd0s
2021-08-31 22:05:41 | [coyzie#8008] (346293166330216458) Content: good song
2021-08-31 22:05:41 | [tess#0726] (639172562596921367) Content: YESS
2021-08-31 22:05:41 | [coyzie#8008] (346293166330216458) Content: i cannot
2021-08-31 22:05:41 | [tess#0726] (639172562596921367) Content: so good
2021-08-31 22:05:41 | [coyzie#8008] (346293166330216458) Content: express how much i love wonho
2021-08-31 22:05:41 | [xiaospls#4053] (539542411672813589) Content: ok fave mv tho
2021-08-31 22:05:41 | [coyzie#8008] (346293166330216458) Content: i love that man with all my fucking heart
2021-08-31 22:05:41 | [tess#0726] (639172562596921367) Content: wonho is so :( <333
2021-08-31 22:05:41 | [tess#0726] (639172562596921367) Content: pls
2021-08-31 22:05:41 | [coyzie#8008] (346293166330216458) Content: I KNOW
2021-08-31 22:05:41 | [coyzie#8008] (346293166330216458) Content: fave kpop man.
2021-08-31 22:05:41 | [coyzie#8008] (346293166330216458) Content: for years
2021-08-31 22:05:41 | [coyzie#8008] (346293166330216458) Content: i love him.
2021-08-31 22:05:41 | [coyzie#8008] (346293166330216458) Content: i am in love with him.
2021-08-31 22:05:41 | [xiaospls#4053] (539542411672813589) Content: omg whos ur ults?
2021-08-31 22:05:41 | [coyzie#8008] (346293166330216458) Content: ateez, monsta x, itzy
2021-08-31 22:05:41 | [coyzie#8008] (346293166330216458) Content: uhhh
2021-08-31 22:05:41 | [tess#0726] (639172562596921367) Content: omg itzy
2021-08-31 22:05:41 | [coyzie#8008] (346293166330216458) Content: i like bts ofc
2021-08-31 22:05:41 | [coyzie#8008] (346293166330216458) Content: YES
2021-08-31 22:05:41 | [coyzie#8008] (346293166330216458) Content: I LOVE ITZY
2021-08-31 22:05:41 | [tess#0726] (639172562596921367) Content: YES
2021-08-31 22:05:41 | [coyzie#8008] (346293166330216458) Content: STANNED SINCE DEBUT I LOVE EM
2021-08-31 22:05:41 | [tess#0726] (639172562596921367) Content: i love them so much
2021-08-31 22:05:41 | [SaltyGroove#6237] (189820548770037760) Content: itzy socks
2021-08-31 22:05:41 | [tess#0726] (639172562596921367) Content: theyre one of my ults too
2021-08-31 22:05:41 | [coyzie#8008] (346293166330216458) Content: honestly i like most kpop groups
2021-08-31 22:05:41 | [coyzie#8008] (346293166330216458) Content: i like fromis 9 too :)
2021-08-31 22:05:41 | [xiaospls#4053] (539542411672813589) Content: mine are got7(!!!!!!) exo, nct, RV, loona and then solos
2021-08-31 22:05:41 | [coyzie#8008] (346293166330216458) Content: i like exo too !!!
2021-08-31 22:05:41 | [tess#0726] (639172562596921367) Content: oohh i think ive listend to their songs before!
2021-08-31 22:05:41 | [coyzie#8008] (346293166330216458) Content: electric kiss good song
2021-08-31 22:05:41 | [xiaospls#4053] (539542411672813589) Content: i like txt too
2021-08-31 22:05:41 | [coyzie#8008] (346293166330216458) Content: omggg txt
2021-08-31 22:05:41 | [xiaospls#4053] (539542411672813589) Content: fromis n9 DKDK makes me bust
2021-08-31 22:05:41 | [tess#0726] (639172562596921367) Content: mine are pentagon, red velvet, day6 ,skz, itzy, got7 i think
2021-08-31 22:05:41 | [coyzie#8008] (346293166330216458) Content: https://www.youtube.com/watch?v=zsRyyLtcXho
2021-08-31 22:05:41 | [xiaospls#4053] (539542411672813589) Content: BANGER!
2021-08-31 22:05:41 | [tess#0726] (639172562596921367) Content: shes so pretty omg
2021-08-31 22:05:41 | [coyzie#8008] (346293166330216458) Content: ik some of the choreo from fromis' song love bomb
2021-08-31 22:05:41 | [coyzie#8008] (346293166330216458) Content: https://www.youtube.com/watch?v=-SK6cvkK4c0  (CONTAINED EMBED)
2021-08-31 22:05:41 | [coyzie#8008] (346293166330216458) Content: good songsss
2021-08-31 22:05:41 | [tess#0726] (639172562596921367) Content: YES thats the one ive listened to
2021-08-31 22:05:41 | [coyzie#8008] (346293166330216458) Content: oh yeah aoa one of my ults but they've kinda fallen apart ;_;
2021-08-31 23:14:40 | [tess#0726] (639172562596921367) Content: one of my friends used to be at the top for dkb coming to london :,)
2021-08-31 23:14:40 | [matt.#5555] (265905443086401537) Content: ew!
2021-08-31 23:18:23 | [coyzie#8008] (346293166330216458) Content: hyuna
2021-08-31 23:19:59 | [coyzie#8008] (346293166330216458) Content: its
2021-08-31 23:19:59 | [coyzie#8008] (346293166330216458) Content: it
2021-08-31 23:19:59 | [coyzie#8008] (346293166330216458) Content: hyuna
2021-08-31 23:21:31 | [coyzie#8008] (346293166330216458) Content: yes
